You have triggered an unhandledRejection, you may have forgotten to catch a Promise rejection:
locator.innerHTML: Target page, context or browser has been closed
    at C:\Users\busit\Desktop\bricks\src\index.ts:71:35
    at fulfilled (C:\Users\busit\Desktop\bricks\src\index.ts:5:58)
You have triggered an unhandledRejection, you may have forgotten to catch a Promise rejection:
page.type: Target closed
=========================== logs ===========================
waiting for selector "input[name=email]"
============================================================
    at C:\Users\busit\Desktop\bricks\src\index.ts:165:16
    at fulfilled (C:\Users\busit\Desktop\bricks\src\index.ts:5:58)
You have triggered an unhandledRejection, you may have forgotten to catch a Promise rejection:
locator.innerHTML: Timeout 30000ms exceeded.
=========================== logs ===========================
waiting for selector "main>div>div>div:nth-child(1)>div:nth-child(3)>div>div:nth-child(1)>div>div:nth-child(113)>div>div>div:nth-child(3)>div:nth-child(3)"
============================================================
    at C:\Users\busit\Desktop\bricks\src\index.ts:71:35
    at fulfilled (C:\Users\busit\Desktop\bricks\src\index.ts:5:58)
C:\Users\busit\Desktop\bricks\src\index.ts:7
import express, { Application, Response, Request } from "express";
^^^^^^

SyntaxError: Cannot use import statement outside a module
    at Object.compileFunction (node:vm:360:18)
    at wrapSafe (node:internal/modules/cjs/loader:1088:15)
    at Module._compile (node:internal/modules/cjs/loader:1123:27)
    at Module._extensions..js (node:internal/modules/cjs/loader:1213:10)
    at Module.load (node:internal/modules/cjs/loader:1037:32)
    at Module._load (node:internal/modules/cjs/loader:878:12)
    at C:\Users\busit\Desktop\bricks\node_modules\pm2\lib\ProcessContainer.js:303:25
    at wrapper (C:\Users\busit\Desktop\bricks\node_modules\async\internal\once.js:12:16)
    at next (C:\Users\busit\Desktop\bricks\node_modules\async\waterfall.js:96:20)
    at C:\Users\busit\Desktop\bricks\node_modules\async\internal\onlyOnce.js:12:16
C:\Users\busit\Desktop\bricks\src\index.ts:7
import express, { Application, Response, Request } from "express";
^^^^^^

SyntaxError: Cannot use import statement outside a module
    at Object.compileFunction (node:vm:360:18)
    at wrapSafe (node:internal/modules/cjs/loader:1088:15)
    at Module._compile (node:internal/modules/cjs/loader:1123:27)
    at Module._extensions..js (node:internal/modules/cjs/loader:1213:10)
    at Module.load (node:internal/modules/cjs/loader:1037:32)
    at Module._load (node:internal/modules/cjs/loader:878:12)
    at C:\Users\busit\Desktop\bricks\node_modules\pm2\lib\ProcessContainer.js:303:25
    at wrapper (C:\Users\busit\Desktop\bricks\node_modules\async\internal\once.js:12:16)
    at next (C:\Users\busit\Desktop\bricks\node_modules\async\waterfall.js:96:20)
    at C:\Users\busit\Desktop\bricks\node_modules\async\internal\onlyOnce.js:12:16
C:\Users\busit\Desktop\bricks\src\index.ts:7
import express, { Application, Response, Request } from "express";
^^^^^^

SyntaxError: Cannot use import statement outside a module
    at Object.compileFunction (node:vm:360:18)
    at wrapSafe (node:internal/modules/cjs/loader:1088:15)
    at Module._compile (node:internal/modules/cjs/loader:1123:27)
    at Module._extensions..js (node:internal/modules/cjs/loader:1213:10)
    at Module.load (node:internal/modules/cjs/loader:1037:32)
    at Module._load (node:internal/modules/cjs/loader:878:12)
    at C:\Users\busit\Desktop\bricks\node_modules\pm2\lib\ProcessContainer.js:303:25
    at wrapper (C:\Users\busit\Desktop\bricks\node_modules\async\internal\once.js:12:16)
    at next (C:\Users\busit\Desktop\bricks\node_modules\async\waterfall.js:96:20)
    at C:\Users\busit\Desktop\bricks\node_modules\async\internal\onlyOnce.js:12:16
C:\Users\busit\Desktop\bricks\src\index.ts:7
import express, { Application, Response, Request } from "express";
^^^^^^

SyntaxError: Cannot use import statement outside a module
    at Object.compileFunction (node:vm:360:18)
    at wrapSafe (node:internal/modules/cjs/loader:1088:15)
    at Module._compile (node:internal/modules/cjs/loader:1123:27)
    at Module._extensions..js (node:internal/modules/cjs/loader:1213:10)
    at Module.load (node:internal/modules/cjs/loader:1037:32)
    at Module._load (node:internal/modules/cjs/loader:878:12)
    at C:\Users\busit\Desktop\bricks\node_modules\pm2\lib\ProcessContainer.js:303:25
    at wrapper (C:\Users\busit\Desktop\bricks\node_modules\async\internal\once.js:12:16)
    at next (C:\Users\busit\Desktop\bricks\node_modules\async\waterfall.js:96:20)
    at C:\Users\busit\Desktop\bricks\node_modules\async\internal\onlyOnce.js:12:16
C:\Users\busit\Desktop\bricks\src\index.ts:7
import express, { Application, Response, Request } from "express";
^^^^^^

SyntaxError: Cannot use import statement outside a module
    at Object.compileFunction (node:vm:360:18)
    at wrapSafe (node:internal/modules/cjs/loader:1088:15)
    at Module._compile (node:internal/modules/cjs/loader:1123:27)
    at Module._extensions..js (node:internal/modules/cjs/loader:1213:10)
    at Module.load (node:internal/modules/cjs/loader:1037:32)
    at Module._load (node:internal/modules/cjs/loader:878:12)
    at C:\Users\busit\Desktop\bricks\node_modules\pm2\lib\ProcessContainer.js:303:25
    at wrapper (C:\Users\busit\Desktop\bricks\node_modules\async\internal\once.js:12:16)
    at next (C:\Users\busit\Desktop\bricks\node_modules\async\waterfall.js:96:20)
    at C:\Users\busit\Desktop\bricks\node_modules\async\internal\onlyOnce.js:12:16
C:\Users\busit\Desktop\bricks\src\index.ts:7
import express, { Application, Response, Request } from "express";
^^^^^^

SyntaxError: Cannot use import statement outside a module
    at Object.compileFunction (node:vm:360:18)
    at wrapSafe (node:internal/modules/cjs/loader:1088:15)
    at Module._compile (node:internal/modules/cjs/loader:1123:27)
    at Module._extensions..js (node:internal/modules/cjs/loader:1213:10)
    at Module.load (node:internal/modules/cjs/loader:1037:32)
    at Module._load (node:internal/modules/cjs/loader:878:12)
    at C:\Users\busit\Desktop\bricks\node_modules\pm2\lib\ProcessContainer.js:303:25
    at wrapper (C:\Users\busit\Desktop\bricks\node_modules\async\internal\once.js:12:16)
    at next (C:\Users\busit\Desktop\bricks\node_modules\async\waterfall.js:96:20)
    at C:\Users\busit\Desktop\bricks\node_modules\async\internal\onlyOnce.js:12:16
C:\Users\busit\Desktop\bricks\src\index.ts:7
import express, { Application, Response, Request } from "express";
^^^^^^

SyntaxError: Cannot use import statement outside a module
    at Object.compileFunction (node:vm:360:18)
    at wrapSafe (node:internal/modules/cjs/loader:1088:15)
    at Module._compile (node:internal/modules/cjs/loader:1123:27)
    at Module._extensions..js (node:internal/modules/cjs/loader:1213:10)
    at Module.load (node:internal/modules/cjs/loader:1037:32)
    at Module._load (node:internal/modules/cjs/loader:878:12)
    at C:\Users\busit\Desktop\bricks\node_modules\pm2\lib\ProcessContainer.js:303:25
    at wrapper (C:\Users\busit\Desktop\bricks\node_modules\async\internal\once.js:12:16)
    at next (C:\Users\busit\Desktop\bricks\node_modules\async\waterfall.js:96:20)
    at C:\Users\busit\Desktop\bricks\node_modules\async\internal\onlyOnce.js:12:16
C:\Users\busit\Desktop\bricks\src\index.ts:7
import express, { Application, Response, Request } from "express";
^^^^^^

SyntaxError: Cannot use import statement outside a module
    at Object.compileFunction (node:vm:360:18)
    at wrapSafe (node:internal/modules/cjs/loader:1088:15)
    at Module._compile (node:internal/modules/cjs/loader:1123:27)
    at Module._extensions..js (node:internal/modules/cjs/loader:1213:10)
    at Module.load (node:internal/modules/cjs/loader:1037:32)
    at Module._load (node:internal/modules/cjs/loader:878:12)
    at C:\Users\busit\Desktop\bricks\node_modules\pm2\lib\ProcessContainer.js:303:25
    at wrapper (C:\Users\busit\Desktop\bricks\node_modules\async\internal\once.js:12:16)
    at next (C:\Users\busit\Desktop\bricks\node_modules\async\waterfall.js:96:20)
    at C:\Users\busit\Desktop\bricks\node_modules\async\internal\onlyOnce.js:12:16
C:\Users\busit\Desktop\bricks\src\index.ts:7
import express, { Application, Response, Request } from "express";
^^^^^^

SyntaxError: Cannot use import statement outside a module
    at Object.compileFunction (node:vm:360:18)
    at wrapSafe (node:internal/modules/cjs/loader:1088:15)
    at Module._compile (node:internal/modules/cjs/loader:1123:27)
    at Module._extensions..js (node:internal/modules/cjs/loader:1213:10)
    at Module.load (node:internal/modules/cjs/loader:1037:32)
    at Module._load (node:internal/modules/cjs/loader:878:12)
    at C:\Users\busit\Desktop\bricks\node_modules\pm2\lib\ProcessContainer.js:303:25
    at wrapper (C:\Users\busit\Desktop\bricks\node_modules\async\internal\once.js:12:16)
    at next (C:\Users\busit\Desktop\bricks\node_modules\async\waterfall.js:96:20)
    at C:\Users\busit\Desktop\bricks\node_modules\async\internal\onlyOnce.js:12:16
C:\Users\busit\Desktop\bricks\src\index.ts:7
import express, { Application, Response, Request } from "express";
^^^^^^

SyntaxError: Cannot use import statement outside a module
    at Object.compileFunction (node:vm:360:18)
    at wrapSafe (node:internal/modules/cjs/loader:1088:15)
    at Module._compile (node:internal/modules/cjs/loader:1123:27)
    at Module._extensions..js (node:internal/modules/cjs/loader:1213:10)
    at Module.load (node:internal/modules/cjs/loader:1037:32)
    at Module._load (node:internal/modules/cjs/loader:878:12)
    at C:\Users\busit\Desktop\bricks\node_modules\pm2\lib\ProcessContainer.js:303:25
    at wrapper (C:\Users\busit\Desktop\bricks\node_modules\async\internal\once.js:12:16)
    at next (C:\Users\busit\Desktop\bricks\node_modules\async\waterfall.js:96:20)
    at C:\Users\busit\Desktop\bricks\node_modules\async\internal\onlyOnce.js:12:16
C:\Users\busit\Desktop\bricks\src\index.ts:7
import express, { Application, Response, Request } from "express";
^^^^^^

SyntaxError: Cannot use import statement outside a module
    at Object.compileFunction (node:vm:360:18)
    at wrapSafe (node:internal/modules/cjs/loader:1088:15)
    at Module._compile (node:internal/modules/cjs/loader:1123:27)
    at Module._extensions..js (node:internal/modules/cjs/loader:1213:10)
    at Module.load (node:internal/modules/cjs/loader:1037:32)
    at Module._load (node:internal/modules/cjs/loader:878:12)
    at C:\Users\busit\Desktop\bricks\node_modules\pm2\lib\ProcessContainer.js:303:25
    at wrapper (C:\Users\busit\Desktop\bricks\node_modules\async\internal\once.js:12:16)
    at next (C:\Users\busit\Desktop\bricks\node_modules\async\waterfall.js:96:20)
    at C:\Users\busit\Desktop\bricks\node_modules\async\internal\onlyOnce.js:12:16
C:\Users\busit\Desktop\bricks\src\index.ts:7
import express, { Application, Response, Request } from "express";
^^^^^^

SyntaxError: Cannot use import statement outside a module
    at Object.compileFunction (node:vm:360:18)
    at wrapSafe (node:internal/modules/cjs/loader:1088:15)
    at Module._compile (node:internal/modules/cjs/loader:1123:27)
    at Module._extensions..js (node:internal/modules/cjs/loader:1213:10)
    at Module.load (node:internal/modules/cjs/loader:1037:32)
    at Module._load (node:internal/modules/cjs/loader:878:12)
    at C:\Users\busit\Desktop\bricks\node_modules\pm2\lib\ProcessContainer.js:303:25
    at wrapper (C:\Users\busit\Desktop\bricks\node_modules\async\internal\once.js:12:16)
    at next (C:\Users\busit\Desktop\bricks\node_modules\async\waterfall.js:96:20)
    at C:\Users\busit\Desktop\bricks\node_modules\async\internal\onlyOnce.js:12:16
C:\Users\busit\Desktop\bricks\src\index.ts:7
import express, { Application, Response, Request } from "express";
^^^^^^

SyntaxError: Cannot use import statement outside a module
    at Object.compileFunction (node:vm:360:18)
    at wrapSafe (node:internal/modules/cjs/loader:1088:15)
    at Module._compile (node:internal/modules/cjs/loader:1123:27)
    at Module._extensions..js (node:internal/modules/cjs/loader:1213:10)
    at Module.load (node:internal/modules/cjs/loader:1037:32)
    at Module._load (node:internal/modules/cjs/loader:878:12)
    at C:\Users\busit\Desktop\bricks\node_modules\pm2\lib\ProcessContainer.js:303:25
    at wrapper (C:\Users\busit\Desktop\bricks\node_modules\async\internal\once.js:12:16)
    at next (C:\Users\busit\Desktop\bricks\node_modules\async\waterfall.js:96:20)
    at C:\Users\busit\Desktop\bricks\node_modules\async\internal\onlyOnce.js:12:16
C:\Users\busit\Desktop\bricks\src\index.ts:7
import express, { Application, Response, Request } from "express";
^^^^^^

SyntaxError: Cannot use import statement outside a module
    at Object.compileFunction (node:vm:360:18)
    at wrapSafe (node:internal/modules/cjs/loader:1088:15)
    at Module._compile (node:internal/modules/cjs/loader:1123:27)
    at Module._extensions..js (node:internal/modules/cjs/loader:1213:10)
    at Module.load (node:internal/modules/cjs/loader:1037:32)
    at Module._load (node:internal/modules/cjs/loader:878:12)
    at C:\Users\busit\Desktop\bricks\node_modules\pm2\lib\ProcessContainer.js:303:25
    at wrapper (C:\Users\busit\Desktop\bricks\node_modules\async\internal\once.js:12:16)
    at next (C:\Users\busit\Desktop\bricks\node_modules\async\waterfall.js:96:20)
    at C:\Users\busit\Desktop\bricks\node_modules\async\internal\onlyOnce.js:12:16
C:\Users\busit\Desktop\bricks\src\index.ts:7
import express, { Application, Response, Request } from "express";
^^^^^^

SyntaxError: Cannot use import statement outside a module
    at Object.compileFunction (node:vm:360:18)
    at wrapSafe (node:internal/modules/cjs/loader:1088:15)
    at Module._compile (node:internal/modules/cjs/loader:1123:27)
    at Module._extensions..js (node:internal/modules/cjs/loader:1213:10)
    at Module.load (node:internal/modules/cjs/loader:1037:32)
    at Module._load (node:internal/modules/cjs/loader:878:12)
    at C:\Users\busit\Desktop\bricks\node_modules\pm2\lib\ProcessContainer.js:303:25
    at wrapper (C:\Users\busit\Desktop\bricks\node_modules\async\internal\once.js:12:16)
    at next (C:\Users\busit\Desktop\bricks\node_modules\async\waterfall.js:96:20)
    at C:\Users\busit\Desktop\bricks\node_modules\async\internal\onlyOnce.js:12:16
C:\Users\busit\Desktop\bricks\src\index.ts:7
import express, { Application, Response, Request } from "express";
^^^^^^

SyntaxError: Cannot use import statement outside a module
    at Object.compileFunction (node:vm:360:18)
    at wrapSafe (node:internal/modules/cjs/loader:1088:15)
    at Module._compile (node:internal/modules/cjs/loader:1123:27)
    at Module._extensions..js (node:internal/modules/cjs/loader:1213:10)
    at Module.load (node:internal/modules/cjs/loader:1037:32)
    at Module._load (node:internal/modules/cjs/loader:878:12)
    at C:\Users\busit\Desktop\bricks\node_modules\pm2\lib\ProcessContainer.js:303:25
    at wrapper (C:\Users\busit\Desktop\bricks\node_modules\async\internal\once.js:12:16)
    at next (C:\Users\busit\Desktop\bricks\node_modules\async\waterfall.js:96:20)
    at C:\Users\busit\Desktop\bricks\node_modules\async\internal\onlyOnce.js:12:16
C:\Users\busit\Desktop\bricks\src\index.ts:7
import express, { Application, Response, Request } from "express";
^^^^^^

SyntaxError: Cannot use import statement outside a module
    at Object.compileFunction (node:vm:360:18)
    at wrapSafe (node:internal/modules/cjs/loader:1088:15)
    at Module._compile (node:internal/modules/cjs/loader:1123:27)
    at Module._extensions..js (node:internal/modules/cjs/loader:1213:10)
    at Module.load (node:internal/modules/cjs/loader:1037:32)
    at Module._load (node:internal/modules/cjs/loader:878:12)
    at C:\Users\busit\Desktop\bricks\node_modules\pm2\lib\ProcessContainer.js:303:25
    at wrapper (C:\Users\busit\Desktop\bricks\node_modules\async\internal\once.js:12:16)
    at next (C:\Users\busit\Desktop\bricks\node_modules\async\waterfall.js:96:20)
    at C:\Users\busit\Desktop\bricks\node_modules\async\internal\onlyOnce.js:12:16
C:\Users\busit\Desktop\bricks\src\index.ts:7
import express, { Application, Response, Request } from "express";
^^^^^^

SyntaxError: Cannot use import statement outside a module
    at Object.compileFunction (node:vm:360:18)
    at wrapSafe (node:internal/modules/cjs/loader:1088:15)
    at Module._compile (node:internal/modules/cjs/loader:1123:27)
    at Module._extensions..js (node:internal/modules/cjs/loader:1213:10)
    at Module.load (node:internal/modules/cjs/loader:1037:32)
    at Module._load (node:internal/modules/cjs/loader:878:12)
    at C:\Users\busit\Desktop\bricks\node_modules\pm2\lib\ProcessContainer.js:303:25
    at wrapper (C:\Users\busit\Desktop\bricks\node_modules\async\internal\once.js:12:16)
    at next (C:\Users\busit\Desktop\bricks\node_modules\async\waterfall.js:96:20)
    at C:\Users\busit\Desktop\bricks\node_modules\async\internal\onlyOnce.js:12:16
C:\Users\busit\Desktop\bricks\src\index.ts:7
import express, { Application, Response, Request } from "express";
^^^^^^

SyntaxError: Cannot use import statement outside a module
    at Object.compileFunction (node:vm:360:18)
    at wrapSafe (node:internal/modules/cjs/loader:1088:15)
    at Module._compile (node:internal/modules/cjs/loader:1123:27)
    at Module._extensions..js (node:internal/modules/cjs/loader:1213:10)
    at Module.load (node:internal/modules/cjs/loader:1037:32)
    at Module._load (node:internal/modules/cjs/loader:878:12)
    at C:\Users\busit\Desktop\bricks\node_modules\pm2\lib\ProcessContainer.js:303:25
    at wrapper (C:\Users\busit\Desktop\bricks\node_modules\async\internal\once.js:12:16)
    at next (C:\Users\busit\Desktop\bricks\node_modules\async\waterfall.js:96:20)
    at C:\Users\busit\Desktop\bricks\node_modules\async\internal\onlyOnce.js:12:16
C:\Users\busit\Desktop\bricks\src\index.ts:7
import express, { Application, Response, Request } from "express";
^^^^^^

SyntaxError: Cannot use import statement outside a module
    at Object.compileFunction (node:vm:360:18)
    at wrapSafe (node:internal/modules/cjs/loader:1088:15)
    at Module._compile (node:internal/modules/cjs/loader:1123:27)
    at Module._extensions..js (node:internal/modules/cjs/loader:1213:10)
    at Module.load (node:internal/modules/cjs/loader:1037:32)
    at Module._load (node:internal/modules/cjs/loader:878:12)
    at C:\Users\busit\Desktop\bricks\node_modules\pm2\lib\ProcessContainer.js:303:25
    at wrapper (C:\Users\busit\Desktop\bricks\node_modules\async\internal\once.js:12:16)
    at next (C:\Users\busit\Desktop\bricks\node_modules\async\waterfall.js:96:20)
    at C:\Users\busit\Desktop\bricks\node_modules\async\internal\onlyOnce.js:12:16
C:\Users\busit\Desktop\bricks\src\index.ts:7
import express, { Application, Response, Request } from "express";
^^^^^^

SyntaxError: Cannot use import statement outside a module
    at Object.compileFunction (node:vm:360:18)
    at wrapSafe (node:internal/modules/cjs/loader:1088:15)
    at Module._compile (node:internal/modules/cjs/loader:1123:27)
    at Module._extensions..js (node:internal/modules/cjs/loader:1213:10)
    at Module.load (node:internal/modules/cjs/loader:1037:32)
    at Module._load (node:internal/modules/cjs/loader:878:12)
    at C:\Users\busit\Desktop\bricks\node_modules\pm2\lib\ProcessContainer.js:303:25
    at wrapper (C:\Users\busit\Desktop\bricks\node_modules\async\internal\once.js:12:16)
    at next (C:\Users\busit\Desktop\bricks\node_modules\async\waterfall.js:96:20)
    at C:\Users\busit\Desktop\bricks\node_modules\async\internal\onlyOnce.js:12:16
C:\Users\busit\Desktop\bricks\src\index.ts:7
import express, { Application, Response, Request } from "express";
^^^^^^

SyntaxError: Cannot use import statement outside a module
    at Object.compileFunction (node:vm:360:18)
    at wrapSafe (node:internal/modules/cjs/loader:1088:15)
    at Module._compile (node:internal/modules/cjs/loader:1123:27)
    at Module._extensions..js (node:internal/modules/cjs/loader:1213:10)
    at Module.load (node:internal/modules/cjs/loader:1037:32)
    at Module._load (node:internal/modules/cjs/loader:878:12)
    at C:\Users\busit\Desktop\bricks\node_modules\pm2\lib\ProcessContainer.js:303:25
    at wrapper (C:\Users\busit\Desktop\bricks\node_modules\async\internal\once.js:12:16)
    at next (C:\Users\busit\Desktop\bricks\node_modules\async\waterfall.js:96:20)
    at C:\Users\busit\Desktop\bricks\node_modules\async\internal\onlyOnce.js:12:16
C:\Users\busit\Desktop\bricks\src\index.ts:7
import express, { Application, Response, Request } from "express";
^^^^^^

SyntaxError: Cannot use import statement outside a module
    at Object.compileFunction (node:vm:360:18)
    at wrapSafe (node:internal/modules/cjs/loader:1088:15)
    at Module._compile (node:internal/modules/cjs/loader:1123:27)
    at Module._extensions..js (node:internal/modules/cjs/loader:1213:10)
    at Module.load (node:internal/modules/cjs/loader:1037:32)
    at Module._load (node:internal/modules/cjs/loader:878:12)
    at C:\Users\busit\Desktop\bricks\node_modules\pm2\lib\ProcessContainer.js:303:25
    at wrapper (C:\Users\busit\Desktop\bricks\node_modules\async\internal\once.js:12:16)
    at next (C:\Users\busit\Desktop\bricks\node_modules\async\waterfall.js:96:20)
    at C:\Users\busit\Desktop\bricks\node_modules\async\internal\onlyOnce.js:12:16
C:\Users\busit\Desktop\bricks\src\index.ts:7
import express, { Application, Response, Request } from "express";
^^^^^^

SyntaxError: Cannot use import statement outside a module
    at Object.compileFunction (node:vm:360:18)
    at wrapSafe (node:internal/modules/cjs/loader:1088:15)
    at Module._compile (node:internal/modules/cjs/loader:1123:27)
    at Module._extensions..js (node:internal/modules/cjs/loader:1213:10)
    at Module.load (node:internal/modules/cjs/loader:1037:32)
    at Module._load (node:internal/modules/cjs/loader:878:12)
    at C:\Users\busit\Desktop\bricks\node_modules\pm2\lib\ProcessContainer.js:303:25
    at wrapper (C:\Users\busit\Desktop\bricks\node_modules\async\internal\once.js:12:16)
    at next (C:\Users\busit\Desktop\bricks\node_modules\async\waterfall.js:96:20)
    at C:\Users\busit\Desktop\bricks\node_modules\async\internal\onlyOnce.js:12:16
C:\Users\busit\Desktop\bricks\src\index.ts:7
import express, { Application, Response, Request } from "express";
^^^^^^

SyntaxError: Cannot use import statement outside a module
    at Object.compileFunction (node:vm:360:18)
    at wrapSafe (node:internal/modules/cjs/loader:1088:15)
    at Module._compile (node:internal/modules/cjs/loader:1123:27)
    at Module._extensions..js (node:internal/modules/cjs/loader:1213:10)
    at Module.load (node:internal/modules/cjs/loader:1037:32)
    at Module._load (node:internal/modules/cjs/loader:878:12)
    at C:\Users\busit\Desktop\bricks\node_modules\pm2\lib\ProcessContainer.js:303:25
    at wrapper (C:\Users\busit\Desktop\bricks\node_modules\async\internal\once.js:12:16)
    at next (C:\Users\busit\Desktop\bricks\node_modules\async\waterfall.js:96:20)
    at C:\Users\busit\Desktop\bricks\node_modules\async\internal\onlyOnce.js:12:16
You have triggered an unhandledRejection, you may have forgotten to catch a Promise rejection:
locator.innerHTML: Target page, context or browser has been closed
    at C:\Users\busit\Desktop\bricks\src\index.ts:71:35
    at fulfilled (C:\Users\busit\Desktop\bricks\src\index.ts:5:58)
You have triggered an unhandledRejection, you may have forgotten to catch a Promise rejection:
locator.innerHTML: Target closed
=========================== logs ===========================
waiting for selector "main>div>div>div:nth-child(1)>div:nth-child(3)>div>div:nth-child(1)>div>div:nth-child(765)>div>div>div:nth-child(3)>div:nth-child(2)"
============================================================
    at C:\Users\busit\Desktop\bricks\src\index.ts:77:29
    at fulfilled (C:\Users\busit\Desktop\bricks\src\index.ts:5:58)
You have triggered an unhandledRejection, you may have forgotten to catch a Promise rejection:
page.waitForTimeout: Target page, context or browser has been closed
    at C:\Users\busit\Desktop\bricks\src\index.ts:73:16
    at fulfilled (C:\Users\busit\Desktop\bricks\src\index.ts:5:58)
You have triggered an unhandledRejection, you may have forgotten to catch a Promise rejection:
locator.innerHTML: Target page, context or browser has been closed
    at C:\Users\busit\Desktop\bricks\src\index.ts:71:35
    at fulfilled (C:\Users\busit\Desktop\bricks\src\index.ts:5:58)
You have triggered an unhandledRejection, you may have forgotten to catch a Promise rejection:
locator.innerHTML: Target closed
=========================== logs ===========================
waiting for selector "main>div>div>div:nth-child(1)>div:nth-child(3)>div>div:nth-child(1)>div>div:nth-child(362)>div>div>div:nth-child(3)>div:nth-child(2)"
============================================================
    at C:\Users\busit\Desktop\bricks\src\index.ts:77:29
    at fulfilled (C:\Users\busit\Desktop\bricks\src\index.ts:5:58)
You have triggered an unhandledRejection, you may have forgotten to catch a Promise rejection:
locator.innerHTML: Target closed
=========================== logs ===========================
waiting for selector "main>div>div>div:nth-child(1)>div:nth-child(3)>div>div:nth-child(1)>div>div:nth-child(173)>div>div>div:nth-child(3)>div:nth-child(2)"
============================================================
    at C:\Users\busit\Desktop\bricks\src\index.ts:77:29
    at fulfilled (C:\Users\busit\Desktop\bricks\src\index.ts:5:58)
You have triggered an unhandledRejection, you may have forgotten to catch a Promise rejection:
locator.innerHTML: Target closed
=========================== logs ===========================
waiting for selector "main>div>div>div:nth-child(1)>div:nth-child(3)>div>div:nth-child(1)>div>div:nth-child(502)>div>div>div:nth-child(3)>div:nth-child(2)"
============================================================
    at C:\Users\busit\Desktop\bricks\src\index.ts:77:29
    at fulfilled (C:\Users\busit\Desktop\bricks\src\index.ts:5:58)
TSError: тип Unable to compile TypeScript:
src/index.ts(1,1): error TS2580: Cannot find name 'require'. Do you need to install type definitions for node? Try `npm i --save-dev @types/node`.
src/index.ts(3,5): error TS2580: Cannot find name 'process'. Do you need to install type definitions for node? Try `npm i --save-dev @types/node`.
src/index.ts(4,3): error TS2580: Cannot find name 'require'. Do you need to install type definitions for node? Try `npm i --save-dev @types/node`.
src/index.ts(7,57): error TS2307: Cannot find module 'express' or its corresponding type declarations.
src/index.ts(8,20): error TS2307: Cannot find module 'helmet' or its corresponding type declarations.
src/index.ts(9,18): error TS2307: Cannot find module 'http' or its corresponding type declarations.
src/index.ts(10,18): error TS2307: Cannot find module 'cors' or its corresponding type declarations.
src/index.ts(11,19): error TS2307: Cannot find module 'axios' or its corresponding type declarations.
src/index.ts(12,25): error TS2307: Cannot find module 'playwright' or its corresponding type declarations.
src/index.ts(13,28): error TS2307: Cannot find module 'crypto' or its corresponding type declarations.
src/index.ts(19,23): error TS2307: Cannot find module 'node-cache' or its corresponding type declarations.
src/index.ts(21,1): error TS2304: Cannot find name 'global'.
src/index.ts(25,14): error TS2580: Cannot find name 'process'. Do you need to install type definitions for node? Try `npm i --save-dev @types/node`.
src/index.ts(26,18): error TS2580: Cannot find name 'process'. Do you need to install type definitions for node? Try `npm i --save-dev @types/node`.
src/index.ts(28,9): error TS2580: Cannot find name 'require'. Do you need to install type definitions for node? Try `npm i --save-dev @types/node`.

    at createTSError (C:\Users\busit\AppData\Roaming\nvm\v18.12.1\node_modules\pm2\node_modules\ts-node\src\index.ts:859:12)
    at reportTSError (C:\Users\busit\AppData\Roaming\nvm\v18.12.1\node_modules\pm2\node_modules\ts-node\src\index.ts:863:19)
    at getOutput (C:\Users\busit\AppData\Roaming\nvm\v18.12.1\node_modules\pm2\node_modules\ts-node\src\index.ts:1077:36)
    at Object.compile (C:\Users\busit\AppData\Roaming\nvm\v18.12.1\node_modules\pm2\node_modules\ts-node\src\index.ts:1433:41)
    at Module.m._compile (C:\Users\busit\AppData\Roaming\nvm\v18.12.1\node_modules\pm2\node_modules\ts-node\src\index.ts:1617:30)
    at Module._extensions..js (node:internal/modules/cjs/loader:1213:10)
    at Object.require.extensions.<computed> [as .ts] (C:\Users\busit\AppData\Roaming\nvm\v18.12.1\node_modules\pm2\node_modules\ts-node\src\index.ts:1621:12)
    at Module.load (node:internal/modules/cjs/loader:1037:32)
    at Function.Module._load (node:internal/modules/cjs/loader:878:12)
    at C:\Users\busit\AppData\Roaming\nvm\v18.12.1\node_modules\pm2\lib\ProcessContainer.js:303:25
Channel is already closed can't broadcast error:
TypeError: Converting circular structure to JSON
    --> starting at object with constructor 'SourceFileObject'
    |     property 'statements' -> object with constructor 'Array'
    |     index 0 -> object with constructor 'NodeObject'
    --- property 'parent' closes the circle
    at stringify (<anonymous>)
    at writeChannelMessage (node:internal/child_process/serialization:159:20)
    at process.target._send (node:internal/child_process:838:17)
    at process.target.send (node:internal/child_process:738:19)
    at process.send (C:\Users\busit\AppData\Roaming\nvm\v18.12.1\node_modules\pm2\lib\ProcessContainer.js:51:21)
    at process.uncaughtListener (C:\Users\busit\AppData\Roaming\nvm\v18.12.1\node_modules\pm2\lib\ProcessContainer.js:275:19)
    at process.emit (node:events:525:35)
    at process.emit (node:domain:489:12)
    at process.emit.sharedData.processEmitHook.installedValue [as emit] (C:\Users\busit\AppData\Roaming\nvm\v18.12.1\node_modules\pm2\node_modules\@cspotcode\source-map-support\source-map-support.js:745:40)
    at process._fatalException (node:internal/process/execution:149:25)
TSError: тип Unable to compile TypeScript:
src/index.ts(1,1): error TS2580: Cannot find name 'require'. Do you need to install type definitions for node? Try `npm i --save-dev @types/node`.
src/index.ts(3,5): error TS2580: Cannot find name 'process'. Do you need to install type definitions for node? Try `npm i --save-dev @types/node`.
src/index.ts(4,3): error TS2580: Cannot find name 'require'. Do you need to install type definitions for node? Try `npm i --save-dev @types/node`.
src/index.ts(7,57): error TS2307: Cannot find module 'express' or its corresponding type declarations.
src/index.ts(8,20): error TS2307: Cannot find module 'helmet' or its corresponding type declarations.
src/index.ts(9,18): error TS2307: Cannot find module 'http' or its corresponding type declarations.
src/index.ts(10,18): error TS2307: Cannot find module 'cors' or its corresponding type declarations.
src/index.ts(11,19): error TS2307: Cannot find module 'axios' or its corresponding type declarations.
src/index.ts(12,25): error TS2307: Cannot find module 'playwright' or its corresponding type declarations.
src/index.ts(13,28): error TS2307: Cannot find module 'crypto' or its corresponding type declarations.
src/index.ts(19,23): error TS2307: Cannot find module 'node-cache' or its corresponding type declarations.
src/index.ts(21,1): error TS2304: Cannot find name 'global'.
src/index.ts(25,14): error TS2580: Cannot find name 'process'. Do you need to install type definitions for node? Try `npm i --save-dev @types/node`.
src/index.ts(26,18): error TS2580: Cannot find name 'process'. Do you need to install type definitions for node? Try `npm i --save-dev @types/node`.
src/index.ts(28,9): error TS2580: Cannot find name 'require'. Do you need to install type definitions for node? Try `npm i --save-dev @types/node`.

    at createTSError (C:\Users\busit\AppData\Roaming\nvm\v18.12.1\node_modules\pm2\node_modules\ts-node\src\index.ts:859:12)
    at reportTSError (C:\Users\busit\AppData\Roaming\nvm\v18.12.1\node_modules\pm2\node_modules\ts-node\src\index.ts:863:19)
    at getOutput (C:\Users\busit\AppData\Roaming\nvm\v18.12.1\node_modules\pm2\node_modules\ts-node\src\index.ts:1077:36)
    at Object.compile (C:\Users\busit\AppData\Roaming\nvm\v18.12.1\node_modules\pm2\node_modules\ts-node\src\index.ts:1433:41)
    at Module.m._compile (C:\Users\busit\AppData\Roaming\nvm\v18.12.1\node_modules\pm2\node_modules\ts-node\src\index.ts:1617:30)
    at Module._extensions..js (node:internal/modules/cjs/loader:1213:10)
    at Object.require.extensions.<computed> [as .ts] (C:\Users\busit\AppData\Roaming\nvm\v18.12.1\node_modules\pm2\node_modules\ts-node\src\index.ts:1621:12)
    at Module.load (node:internal/modules/cjs/loader:1037:32)
    at Function.Module._load (node:internal/modules/cjs/loader:878:12)
    at C:\Users\busit\AppData\Roaming\nvm\v18.12.1\node_modules\pm2\lib\ProcessContainer.js:303:25
Channel is already closed can't broadcast error:
TypeError: Converting circular structure to JSON
    --> starting at object with constructor 'SourceFileObject'
    |     property 'statements' -> object with constructor 'Array'
    |     index 0 -> object with constructor 'NodeObject'
    --- property 'parent' closes the circle
    at stringify (<anonymous>)
    at writeChannelMessage (node:internal/child_process/serialization:159:20)
    at process.target._send (node:internal/child_process:838:17)
    at process.target.send (node:internal/child_process:738:19)
    at process.send (C:\Users\busit\AppData\Roaming\nvm\v18.12.1\node_modules\pm2\lib\ProcessContainer.js:51:21)
    at process.uncaughtListener (C:\Users\busit\AppData\Roaming\nvm\v18.12.1\node_modules\pm2\lib\ProcessContainer.js:275:19)
    at process.emit (node:events:525:35)
    at process.emit (node:domain:489:12)
    at process.emit.sharedData.processEmitHook.installedValue [as emit] (C:\Users\busit\AppData\Roaming\nvm\v18.12.1\node_modules\pm2\node_modules\@cspotcode\source-map-support\source-map-support.js:745:40)
    at process._fatalException (node:internal/process/execution:149:25)
TSError: тип Unable to compile TypeScript:
src/index.ts(1,1): error TS2580: Cannot find name 'require'. Do you need to install type definitions for node? Try `npm i --save-dev @types/node`.
src/index.ts(3,5): error TS2580: Cannot find name 'process'. Do you need to install type definitions for node? Try `npm i --save-dev @types/node`.
src/index.ts(4,3): error TS2580: Cannot find name 'require'. Do you need to install type definitions for node? Try `npm i --save-dev @types/node`.
src/index.ts(7,57): error TS2307: Cannot find module 'express' or its corresponding type declarations.
src/index.ts(8,20): error TS2307: Cannot find module 'helmet' or its corresponding type declarations.
src/index.ts(9,18): error TS2307: Cannot find module 'http' or its corresponding type declarations.
src/index.ts(10,18): error TS2307: Cannot find module 'cors' or its corresponding type declarations.
src/index.ts(11,19): error TS2307: Cannot find module 'axios' or its corresponding type declarations.
src/index.ts(12,25): error TS2307: Cannot find module 'playwright' or its corresponding type declarations.
src/index.ts(13,28): error TS2307: Cannot find module 'crypto' or its corresponding type declarations.
src/index.ts(19,23): error TS2307: Cannot find module 'node-cache' or its corresponding type declarations.
src/index.ts(21,1): error TS2304: Cannot find name 'global'.
src/index.ts(25,14): error TS2580: Cannot find name 'process'. Do you need to install type definitions for node? Try `npm i --save-dev @types/node`.
src/index.ts(26,18): error TS2580: Cannot find name 'process'. Do you need to install type definitions for node? Try `npm i --save-dev @types/node`.
src/index.ts(28,9): error TS2580: Cannot find name 'require'. Do you need to install type definitions for node? Try `npm i --save-dev @types/node`.

    at createTSError (C:\Users\busit\AppData\Roaming\nvm\v18.12.1\node_modules\pm2\node_modules\ts-node\src\index.ts:859:12)
    at reportTSError (C:\Users\busit\AppData\Roaming\nvm\v18.12.1\node_modules\pm2\node_modules\ts-node\src\index.ts:863:19)
    at getOutput (C:\Users\busit\AppData\Roaming\nvm\v18.12.1\node_modules\pm2\node_modules\ts-node\src\index.ts:1077:36)
    at Object.compile (C:\Users\busit\AppData\Roaming\nvm\v18.12.1\node_modules\pm2\node_modules\ts-node\src\index.ts:1433:41)
    at Module.m._compile (C:\Users\busit\AppData\Roaming\nvm\v18.12.1\node_modules\pm2\node_modules\ts-node\src\index.ts:1617:30)
    at Module._extensions..js (node:internal/modules/cjs/loader:1213:10)
    at Object.require.extensions.<computed> [as .ts] (C:\Users\busit\AppData\Roaming\nvm\v18.12.1\node_modules\pm2\node_modules\ts-node\src\index.ts:1621:12)
    at Module.load (node:internal/modules/cjs/loader:1037:32)
    at Function.Module._load (node:internal/modules/cjs/loader:878:12)
    at C:\Users\busit\AppData\Roaming\nvm\v18.12.1\node_modules\pm2\lib\ProcessContainer.js:303:25
Channel is already closed can't broadcast error:
TypeError: Converting circular structure to JSON
    --> starting at object with constructor 'SourceFileObject'
    |     property 'statements' -> object with constructor 'Array'
    |     index 0 -> object with constructor 'NodeObject'
    --- property 'parent' closes the circle
    at stringify (<anonymous>)
    at writeChannelMessage (node:internal/child_process/serialization:159:20)
    at process.target._send (node:internal/child_process:838:17)
    at process.target.send (node:internal/child_process:738:19)
    at process.send (C:\Users\busit\AppData\Roaming\nvm\v18.12.1\node_modules\pm2\lib\ProcessContainer.js:51:21)
    at process.uncaughtListener (C:\Users\busit\AppData\Roaming\nvm\v18.12.1\node_modules\pm2\lib\ProcessContainer.js:275:19)
    at process.emit (node:events:525:35)
    at process.emit (node:domain:489:12)
    at process.emit.sharedData.processEmitHook.installedValue [as emit] (C:\Users\busit\AppData\Roaming\nvm\v18.12.1\node_modules\pm2\node_modules\@cspotcode\source-map-support\source-map-support.js:745:40)
    at process._fatalException (node:internal/process/execution:149:25)
You have triggered an unhandledRejection, you may have forgotten to catch a Promise rejection:
locator.allInnerTexts: Execution context was destroyed, most likely because of a navigation
    at C:\Users\busit\Desktop\bricks\src\index.ts:130:23
    at fulfilled (C:\Users\busit\Desktop\bricks\src\index.ts:5:58)
You have triggered an unhandledRejection, you may have forgotten to catch a Promise rejection:
locator.innerHTML: Target closed
=========================== logs ===========================
waiting for selector "main>div>div>div:nth-child(1)>div:nth-child(3)>div>div:nth-child(1)>div>div:nth-child(658)>div>div>div:nth-child(3)>div:nth-child(2)"
============================================================
    at C:\Users\busit\Desktop\bricks\src\index.ts:77:29
    at fulfilled (C:\Users\busit\Desktop\bricks\src\index.ts:5:58)
You have triggered an unhandledRejection, you may have forgotten to catch a Promise rejection:
page.waitForTimeout: Target page, context or browser has been closed
    at C:\Users\busit\Desktop\bricks\src\index.ts:73:16
    at fulfilled (C:\Users\busit\Desktop\bricks\src\index.ts:5:58)
You have triggered an unhandledRejection, you may have forgotten to catch a Promise rejection:
locator.innerHTML: Target closed
=========================== logs ===========================
waiting for selector "main>div>div>div:nth-child(1)>div:nth-child(3)>div>div:nth-child(1)>div>div:nth-child(102)>div>div>div:nth-child(3)>div:nth-child(3)"
============================================================
    at C:\Users\busit\Desktop\bricks\src\index.ts:71:35
    at fulfilled (C:\Users\busit\Desktop\bricks\src\index.ts:5:58)
You have triggered an unhandledRejection, you may have forgotten to catch a Promise rejection:
page.waitForTimeout: Target page, context or browser has been closed
    at C:\Users\busit\Desktop\bricks\src\index.ts:73:16
    at fulfilled (C:\Users\busit\Desktop\bricks\src\index.ts:5:58)
C:\Users\busit\Desktop\bricks\src\index.ts:7
import express, { Application, Response, Request } from "express";
^^^^^^

SyntaxError: Cannot use import statement outside a module
    at Object.compileFunction (node:vm:360:18)
    at wrapSafe (node:internal/modules/cjs/loader:1088:15)
    at Module._compile (node:internal/modules/cjs/loader:1123:27)
    at Module._extensions..js (node:internal/modules/cjs/loader:1213:10)
    at Module.load (node:internal/modules/cjs/loader:1037:32)
    at Module._load (node:internal/modules/cjs/loader:878:12)
    at C:\Users\busit\Desktop\bricks\node_modules\pm2\lib\ProcessContainer.js:303:25
    at wrapper (C:\Users\busit\Desktop\bricks\node_modules\async\internal\once.js:12:16)
    at next (C:\Users\busit\Desktop\bricks\node_modules\async\waterfall.js:96:20)
    at C:\Users\busit\Desktop\bricks\node_modules\async\internal\onlyOnce.js:12:16
C:\Users\busit\Desktop\bricks\src\index.ts:7
import express, { Application, Response, Request } from "express";
^^^^^^

SyntaxError: Cannot use import statement outside a module
    at Object.compileFunction (node:vm:360:18)
    at wrapSafe (node:internal/modules/cjs/loader:1088:15)
    at Module._compile (node:internal/modules/cjs/loader:1123:27)
    at Module._extensions..js (node:internal/modules/cjs/loader:1213:10)
    at Module.load (node:internal/modules/cjs/loader:1037:32)
    at Module._load (node:internal/modules/cjs/loader:878:12)
    at C:\Users\busit\Desktop\bricks\node_modules\pm2\lib\ProcessContainer.js:303:25
    at wrapper (C:\Users\busit\Desktop\bricks\node_modules\async\internal\once.js:12:16)
    at next (C:\Users\busit\Desktop\bricks\node_modules\async\waterfall.js:96:20)
    at C:\Users\busit\Desktop\bricks\node_modules\async\internal\onlyOnce.js:12:16
C:\Users\busit\Desktop\bricks\src\index.ts:7
import express, { Application, Response, Request } from "express";
^^^^^^

SyntaxError: Cannot use import statement outside a module
    at Object.compileFunction (node:vm:360:18)
    at wrapSafe (node:internal/modules/cjs/loader:1088:15)
    at Module._compile (node:internal/modules/cjs/loader:1123:27)
    at Module._extensions..js (node:internal/modules/cjs/loader:1213:10)
    at Module.load (node:internal/modules/cjs/loader:1037:32)
    at Module._load (node:internal/modules/cjs/loader:878:12)
    at C:\Users\busit\Desktop\bricks\node_modules\pm2\lib\ProcessContainer.js:303:25
    at wrapper (C:\Users\busit\Desktop\bricks\node_modules\async\internal\once.js:12:16)
    at next (C:\Users\busit\Desktop\bricks\node_modules\async\waterfall.js:96:20)
    at C:\Users\busit\Desktop\bricks\node_modules\async\internal\onlyOnce.js:12:16
C:\Users\busit\Desktop\bricks\src\index.ts:7
import express, { Application, Response, Request } from "express";
^^^^^^

SyntaxError: Cannot use import statement outside a module
    at Object.compileFunction (node:vm:360:18)
    at wrapSafe (node:internal/modules/cjs/loader:1088:15)
    at Module._compile (node:internal/modules/cjs/loader:1123:27)
    at Module._extensions..js (node:internal/modules/cjs/loader:1213:10)
    at Module.load (node:internal/modules/cjs/loader:1037:32)
    at Module._load (node:internal/modules/cjs/loader:878:12)
    at C:\Users\busit\Desktop\bricks\node_modules\pm2\lib\ProcessContainer.js:303:25
    at wrapper (C:\Users\busit\Desktop\bricks\node_modules\async\internal\once.js:12:16)
    at next (C:\Users\busit\Desktop\bricks\node_modules\async\waterfall.js:96:20)
    at C:\Users\busit\Desktop\bricks\node_modules\async\internal\onlyOnce.js:12:16
C:\Users\busit\Desktop\bricks\src\index.ts:7
import express, { Application, Response, Request } from "express";
^^^^^^

SyntaxError: Cannot use import statement outside a module
    at Object.compileFunction (node:vm:360:18)
    at wrapSafe (node:internal/modules/cjs/loader:1088:15)
    at Module._compile (node:internal/modules/cjs/loader:1123:27)
    at Module._extensions..js (node:internal/modules/cjs/loader:1213:10)
    at Module.load (node:internal/modules/cjs/loader:1037:32)
    at Module._load (node:internal/modules/cjs/loader:878:12)
    at C:\Users\busit\Desktop\bricks\node_modules\pm2\lib\ProcessContainer.js:303:25
    at wrapper (C:\Users\busit\Desktop\bricks\node_modules\async\internal\once.js:12:16)
    at next (C:\Users\busit\Desktop\bricks\node_modules\async\waterfall.js:96:20)
    at C:\Users\busit\Desktop\bricks\node_modules\async\internal\onlyOnce.js:12:16
C:\Users\busit\Desktop\bricks\src\index.ts:7
import express, { Application, Response, Request } from "express";
^^^^^^

SyntaxError: Cannot use import statement outside a module
    at Object.compileFunction (node:vm:360:18)
    at wrapSafe (node:internal/modules/cjs/loader:1088:15)
    at Module._compile (node:internal/modules/cjs/loader:1123:27)
    at Module._extensions..js (node:internal/modules/cjs/loader:1213:10)
    at Module.load (node:internal/modules/cjs/loader:1037:32)
    at Module._load (node:internal/modules/cjs/loader:878:12)
    at C:\Users\busit\Desktop\bricks\node_modules\pm2\lib\ProcessContainer.js:303:25
    at wrapper (C:\Users\busit\Desktop\bricks\node_modules\async\internal\once.js:12:16)
    at next (C:\Users\busit\Desktop\bricks\node_modules\async\waterfall.js:96:20)
    at C:\Users\busit\Desktop\bricks\node_modules\async\internal\onlyOnce.js:12:16
C:\Users\busit\Desktop\bricks\src\index.ts:7
import express, { Application, Response, Request } from "express";
^^^^^^

SyntaxError: Cannot use import statement outside a module
    at Object.compileFunction (node:vm:360:18)
    at wrapSafe (node:internal/modules/cjs/loader:1088:15)
    at Module._compile (node:internal/modules/cjs/loader:1123:27)
    at Module._extensions..js (node:internal/modules/cjs/loader:1213:10)
    at Module.load (node:internal/modules/cjs/loader:1037:32)
    at Module._load (node:internal/modules/cjs/loader:878:12)
    at C:\Users\busit\Desktop\bricks\node_modules\pm2\lib\ProcessContainer.js:303:25
    at wrapper (C:\Users\busit\Desktop\bricks\node_modules\async\internal\once.js:12:16)
    at next (C:\Users\busit\Desktop\bricks\node_modules\async\waterfall.js:96:20)
    at C:\Users\busit\Desktop\bricks\node_modules\async\internal\onlyOnce.js:12:16
C:\Users\busit\Desktop\bricks\src\index.ts:7
import express, { Application, Response, Request } from "express";
^^^^^^

SyntaxError: Cannot use import statement outside a module
    at Object.compileFunction (node:vm:360:18)
    at wrapSafe (node:internal/modules/cjs/loader:1088:15)
    at Module._compile (node:internal/modules/cjs/loader:1123:27)
    at Module._extensions..js (node:internal/modules/cjs/loader:1213:10)
    at Module.load (node:internal/modules/cjs/loader:1037:32)
    at Module._load (node:internal/modules/cjs/loader:878:12)
    at C:\Users\busit\Desktop\bricks\node_modules\pm2\lib\ProcessContainer.js:303:25
    at wrapper (C:\Users\busit\Desktop\bricks\node_modules\async\internal\once.js:12:16)
    at next (C:\Users\busit\Desktop\bricks\node_modules\async\waterfall.js:96:20)
    at C:\Users\busit\Desktop\bricks\node_modules\async\internal\onlyOnce.js:12:16
C:\Users\busit\Desktop\bricks\src\index.ts:7
import express, { Application, Response, Request } from "express";
^^^^^^

SyntaxError: Cannot use import statement outside a module
    at Object.compileFunction (node:vm:360:18)
    at wrapSafe (node:internal/modules/cjs/loader:1088:15)
    at Module._compile (node:internal/modules/cjs/loader:1123:27)
    at Module._extensions..js (node:internal/modules/cjs/loader:1213:10)
    at Module.load (node:internal/modules/cjs/loader:1037:32)
    at Module._load (node:internal/modules/cjs/loader:878:12)
    at C:\Users\busit\Desktop\bricks\node_modules\pm2\lib\ProcessContainer.js:303:25
    at wrapper (C:\Users\busit\Desktop\bricks\node_modules\async\internal\once.js:12:16)
    at next (C:\Users\busit\Desktop\bricks\node_modules\async\waterfall.js:96:20)
    at C:\Users\busit\Desktop\bricks\node_modules\async\internal\onlyOnce.js:12:16
C:\Users\busit\Desktop\bricks\src\index.ts:7
import express, { Application, Response, Request } from "express";
^^^^^^

SyntaxError: Cannot use import statement outside a module
    at Object.compileFunction (node:vm:360:18)
    at wrapSafe (node:internal/modules/cjs/loader:1088:15)
    at Module._compile (node:internal/modules/cjs/loader:1123:27)
    at Module._extensions..js (node:internal/modules/cjs/loader:1213:10)
    at Module.load (node:internal/modules/cjs/loader:1037:32)
    at Module._load (node:internal/modules/cjs/loader:878:12)
    at C:\Users\busit\Desktop\bricks\node_modules\pm2\lib\ProcessContainer.js:303:25
    at wrapper (C:\Users\busit\Desktop\bricks\node_modules\async\internal\once.js:12:16)
    at next (C:\Users\busit\Desktop\bricks\node_modules\async\waterfall.js:96:20)
    at C:\Users\busit\Desktop\bricks\node_modules\async\internal\onlyOnce.js:12:16
C:\Users\busit\Desktop\bricks\src\index.ts:7
import express, { Application, Response, Request } from "express";
^^^^^^

SyntaxError: Cannot use import statement outside a module
    at Object.compileFunction (node:vm:360:18)
    at wrapSafe (node:internal/modules/cjs/loader:1088:15)
    at Module._compile (node:internal/modules/cjs/loader:1123:27)
    at Module._extensions..js (node:internal/modules/cjs/loader:1213:10)
    at Module.load (node:internal/modules/cjs/loader:1037:32)
    at Module._load (node:internal/modules/cjs/loader:878:12)
    at C:\Users\busit\Desktop\bricks\node_modules\pm2\lib\ProcessContainer.js:303:25
    at wrapper (C:\Users\busit\Desktop\bricks\node_modules\async\internal\once.js:12:16)
    at next (C:\Users\busit\Desktop\bricks\node_modules\async\waterfall.js:96:20)
    at C:\Users\busit\Desktop\bricks\node_modules\async\internal\onlyOnce.js:12:16
Error: bind EADDRINUSE null:5000
    at listenOnPrimaryHandle (node:net:1553:18)
    at shared (node:internal/cluster/child:153:3)
    at Worker.<anonymous> (node:internal/cluster/child:106:7)
    at process.onInternalMessage (node:internal/cluster/utils:49:5)
    at process.emit (node:events:525:35)
    at process.emit (node:domain:489:12)
    at process.emit.sharedData.processEmitHook.installedValue (C:\Users\busit\AppData\Roaming\nvm\v18.12.1\node_modules\pm2\node_modules\@cspotcode\source-map-support\source-map-support.js:745:40)
    at process.el [as emit] (C:\Users\busit\Desktop\bricks\node_modules\playwright-core\lib\utilsBundleImpl.js:14:10319)
    at emit (node:internal/child_process:937:14)
    at processTicksAndRejections (node:internal/process/task_queues:83:21)
Error: bind EADDRINUSE null:5000
    at listenOnPrimaryHandle (node:net:1553:18)
    at shared (node:internal/cluster/child:153:3)
    at Worker.<anonymous> (node:internal/cluster/child:106:7)
    at process.onInternalMessage (node:internal/cluster/utils:49:5)
    at process.emit (node:events:525:35)
    at process.emit (node:domain:489:12)
    at process.emit.sharedData.processEmitHook.installedValue (C:\Users\busit\AppData\Roaming\nvm\v18.12.1\node_modules\pm2\node_modules\@cspotcode\source-map-support\source-map-support.js:745:40)
    at process.el [as emit] (C:\Users\busit\Desktop\bricks\node_modules\playwright-core\lib\utilsBundleImpl.js:14:10319)
    at emit (node:internal/child_process:937:14)
    at processTicksAndRejections (node:internal/process/task_queues:83:21)
Error: bind EADDRINUSE null:5000
    at listenOnPrimaryHandle (node:net:1553:18)
    at shared (node:internal/cluster/child:153:3)
    at Worker.<anonymous> (node:internal/cluster/child:106:7)
    at process.onInternalMessage (node:internal/cluster/utils:49:5)
    at process.emit (node:events:525:35)
    at process.emit (node:domain:489:12)
    at process.emit.sharedData.processEmitHook.installedValue (C:\Users\busit\AppData\Roaming\nvm\v18.12.1\node_modules\pm2\node_modules\@cspotcode\source-map-support\source-map-support.js:745:40)
    at process.el [as emit] (C:\Users\busit\Desktop\bricks\node_modules\playwright-core\lib\utilsBundleImpl.js:14:10319)
    at emit (node:internal/child_process:937:14)
    at processTicksAndRejections (node:internal/process/task_queues:83:21)
Error: bind EADDRINUSE null:5000
    at listenOnPrimaryHandle (node:net:1553:18)
    at shared (node:internal/cluster/child:153:3)
    at Worker.<anonymous> (node:internal/cluster/child:106:7)
    at process.onInternalMessage (node:internal/cluster/utils:49:5)
    at process.emit (node:events:525:35)
    at process.emit (node:domain:489:12)
    at process.emit.sharedData.processEmitHook.installedValue (C:\Users\busit\AppData\Roaming\nvm\v18.12.1\node_modules\pm2\node_modules\@cspotcode\source-map-support\source-map-support.js:745:40)
    at process.el [as emit] (C:\Users\busit\Desktop\bricks\node_modules\playwright-core\lib\utilsBundleImpl.js:14:10319)
    at emit (node:internal/child_process:937:14)
    at processTicksAndRejections (node:internal/process/task_queues:83:21)
Error: bind EADDRINUSE null:5000
    at listenOnPrimaryHandle (node:net:1553:18)
    at shared (node:internal/cluster/child:153:3)
    at Worker.<anonymous> (node:internal/cluster/child:106:7)
    at process.onInternalMessage (node:internal/cluster/utils:49:5)
    at process.emit (node:events:525:35)
    at process.emit (node:domain:489:12)
    at process.emit.sharedData.processEmitHook.installedValue (C:\Users\busit\AppData\Roaming\nvm\v18.12.1\node_modules\pm2\node_modules\@cspotcode\source-map-support\source-map-support.js:745:40)
    at process.el [as emit] (C:\Users\busit\Desktop\bricks\node_modules\playwright-core\lib\utilsBundleImpl.js:14:10319)
    at emit (node:internal/child_process:937:14)
    at processTicksAndRejections (node:internal/process/task_queues:83:21)
You have triggered an unhandledRejection, you may have forgotten to catch a Promise rejection:
page.goto: net::ERR_INTERNET_DISCONNECTED at https://app.bricks.co/
=========================== logs ===========================
navigating to "https://app.bricks.co/", waiting until "load"
============================================================
    at C:\Users\busit\Desktop\bricks\src\index.ts:163:16
    at fulfilled (C:\Users\busit\Desktop\bricks\src\index.ts:5:58)
You have triggered an unhandledRejection, you may have forgotten to catch a Promise rejection:
locator.innerHTML: Target closed
=========================== logs ===========================
waiting for selector "main>div>div>div:nth-child(1)>div:nth-child(3)>div>div:nth-child(1)>div>div:nth-child(31)>div>div>div:nth-child(3)>div:nth-child(2)"
============================================================
    at C:\Users\busit\Desktop\bricks\src\index.ts:77:29
    at fulfilled (C:\Users\busit\Desktop\bricks\src\index.ts:5:58)
You have triggered an unhandledRejection, you may have forgotten to catch a Promise rejection:
locator.allInnerTexts: Target page, context or browser has been closed
    at C:\Users\busit\Desktop\bricks\src\index.ts:113:53
    at fulfilled (C:\Users\busit\Desktop\bricks\src\index.ts:5:58)
TSError: тип Unable to compile TypeScript:
src/index.ts(51,3): error TS2552: Cannot find name 'consoe'. Did you mean 'console'?

    at createTSError (C:\Users\busit\AppData\Roaming\nvm\v18.12.1\node_modules\pm2\node_modules\ts-node\src\index.ts:859:12)
    at reportTSError (C:\Users\busit\AppData\Roaming\nvm\v18.12.1\node_modules\pm2\node_modules\ts-node\src\index.ts:863:19)
    at getOutput (C:\Users\busit\AppData\Roaming\nvm\v18.12.1\node_modules\pm2\node_modules\ts-node\src\index.ts:1077:36)
    at Object.compile (C:\Users\busit\AppData\Roaming\nvm\v18.12.1\node_modules\pm2\node_modules\ts-node\src\index.ts:1433:41)
    at Module.m._compile (C:\Users\busit\AppData\Roaming\nvm\v18.12.1\node_modules\pm2\node_modules\ts-node\src\index.ts:1617:30)
    at Module._extensions..js (node:internal/modules/cjs/loader:1213:10)
    at Object.require.extensions.<computed> [as .ts] (C:\Users\busit\AppData\Roaming\nvm\v18.12.1\node_modules\pm2\node_modules\ts-node\src\index.ts:1621:12)
    at Module.load (node:internal/modules/cjs/loader:1037:32)
    at Function.Module._load (node:internal/modules/cjs/loader:878:12)
    at C:\Users\busit\AppData\Roaming\nvm\v18.12.1\node_modules\pm2\lib\ProcessContainer.js:303:25
Channel is already closed can't broadcast error:
TypeError: Converting circular structure to JSON
    --> starting at object with constructor 'SourceFileObject'
    |     property 'statements' -> object with constructor 'Array'
    |     index 0 -> object with constructor 'NodeObject'
    --- property 'parent' closes the circle
    at stringify (<anonymous>)
    at writeChannelMessage (node:internal/child_process/serialization:159:20)
    at process.target._send (node:internal/child_process:838:17)
    at process.target.send (node:internal/child_process:738:19)
    at process.send (C:\Users\busit\AppData\Roaming\nvm\v18.12.1\node_modules\pm2\lib\ProcessContainer.js:51:21)
    at process.uncaughtListener (C:\Users\busit\AppData\Roaming\nvm\v18.12.1\node_modules\pm2\lib\ProcessContainer.js:275:19)
    at process.emit (node:events:525:35)
    at process.emit (node:domain:489:12)
    at process.emit.sharedData.processEmitHook.installedValue [as emit] (C:\Users\busit\AppData\Roaming\nvm\v18.12.1\node_modules\pm2\node_modules\@cspotcode\source-map-support\source-map-support.js:745:40)
    at process._fatalException (node:internal/process/execution:149:25)
You have triggered an unhandledRejection, you may have forgotten to catch a Promise rejection:
locator.innerHTML: Target closed
=========================== logs ===========================
waiting for selector "article.formation"
============================================================
    at D:\scrapping\m2i\src\index.ts:52:25
    at fulfilled (D:\scrapping\m2i\src\index.ts:5:58)
You have triggered an unhandledRejection, you may have forgotten to catch a Promise rejection:
locator.innerHTML: Error: strict mode violation: "article.formation" resolved to 21 elements:
    1) <article class="formation listing is_essentiel signika">тАж</article> aka playwright.$("article:has-text("JVS-IN - JavaScript - Fondamentaux Top ventesJVS-IN | Initiation / Fondamentaux1")")
    2) <article class="formation listing is_essentiel signika">тАж</article> aka playwright.$("article:has-text("JVS-AV - JavaScript - Programmation avanc├йe Top ventesJVS-AV | Perfectionnement ")")
    3) <article class="formation listing is_essentiel signika">тАж</article> aka playwright.$("article:has-text("JVS-DES - JavaScript et jQuery pour les designersJVS-DES | Perfectionnement / Av")")
    4) <article class="formation listing signika">тАж</article> aka playwright.$("article:has-text("JVS-EC - JavaScript - Nouveaut├йs apport├йes par les versions ECMAScript 6 ├а 14 No")")
    5) <article class="formation listing signika">тАж</article> aka playwright.$("article:has-text("SEC-FRAM - La s├йcurit├й des frameworks JavaScriptSEC-FRAM | Expertise1 400 тВм HT A")")
    6) <article class="formation listing signika">тАж</article> aka playwright.$("article:has-text("JVS-DC - Formulaire PDF avanc├й avec JavaScriptJVS-DC | Perfectionnement / Avanc├й")")
    7) <article class="formation listing signika">тАж</article> aka playwright.$("article:has-text("DEV-CLIF - D├йveloppement d'applications clients full stackDEV-CLIF | Perfectionn")")
    8) <article class="formation listing signika">тАж</article> aka playwright.$("article:has-text("JVS-ANGU - Angular 16 et versions ant├йrieures - D├йveloppement d'applications Web")")
    9) <article class="formation listing signika">тАж</article> aka playwright.$("article:has-text("JVS-REA - ReactJS - D├йveloppement d'applications Web Top ventesJVS-REA | Initiat")")
    10) <article class="formation listing signika">тАж</article> aka playwright.$("article:has-text("JVS-ANGAV - Angular 16 et versions ant├йrieures - Fonctionnalit├йs avanc├йes Top ve")")
    ...

=========================== logs ===========================
waiting for selector "article.formation"
  strict mode violation: "article.formation" resolved to 21 elements:
    1) <article class="formation listing is_essentiel signika">тАж</article> aka playwright.$("article:has-text("JVS-IN - JavaScript - Fondamentaux Top ventesJVS-IN | Initiation / Fondamentaux1")")
    2) <article class="formation listing is_essentiel signika">тАж</article> aka playwright.$("article:has-text("JVS-AV - JavaScript - Programmation avanc├йe Top ventesJVS-AV | Perfectionnement ")")
    3) <article class="formation listing is_essentiel signika">тАж</article> aka playwright.$("article:has-text("JVS-DES - JavaScript et jQuery pour les designersJVS-DES | Perfectionnement / Av")")
    4) <article class="formation listing signika">тАж</article> aka playwright.$("article:has-text("JVS-EC - JavaScript - Nouveaut├йs apport├йes par les versions ECMAScript 6 ├а 14 No")")
    5) <article class="formation listing signika">тАж</article> aka playwright.$("article:has-text("SEC-FRAM - La s├йcurit├й des frameworks JavaScriptSEC-FRAM | Expertise1 400 тВм HT A")")
    6) <article class="formation listing signika">тАж</article> aka playwright.$("article:has-text("JVS-DC - Formulaire PDF avanc├й avec JavaScriptJVS-DC | Perfectionnement / Avanc├й")")
    7) <article class="formation listing signika">тАж</article> aka playwright.$("article:has-text("DEV-CLIF - D├йveloppement d'applications clients full stackDEV-CLIF | Perfectionn")")
    8) <article class="formation listing signika">тАж</article> aka playwright.$("article:has-text("JVS-ANGU - Angular 16 et versions ant├йrieures - D├йveloppement d'applications Web")")
    9) <article class="formation listing signika">тАж</article> aka playwright.$("article:has-text("JVS-REA - ReactJS - D├йveloppement d'applications Web Top ventesJVS-REA | Initiat")")
    10) <article class="formation listing signika">тАж</article> aka playwright.$("article:has-text("JVS-ANGAV - Angular 16 et versions ant├йrieures - Fonctionnalit├йs avanc├йes Top ve")")
    ...

============================================================
    at D:\scrapping\m2i\src\index.ts:52:31
    at fulfilled (D:\scrapping\m2i\src\index.ts:5:58)
You have triggered an unhandledRejection, you may have forgotten to catch a Promise rejection:
locator.innerHTML: Error: strict mode violation: "article.formation" resolved to 21 elements:
    1) <article class="formation listing is_essentiel signika">тАж</article> aka playwright.$("article:has-text("JVS-IN - JavaScript - Fondamentaux Top ventesJVS-IN | Initiation / Fondamentaux1")")
    2) <article class="formation listing is_essentiel signika">тАж</article> aka playwright.$("article:has-text("JVS-AV - JavaScript - Programmation avanc├йe Top ventesJVS-AV | Perfectionnement ")")
    3) <article class="formation listing is_essentiel signika">тАж</article> aka playwright.$("article:has-text("JVS-DES - JavaScript et jQuery pour les designersJVS-DES | Perfectionnement / Av")")
    4) <article class="formation listing signika">тАж</article> aka playwright.$("article:has-text("JVS-EC - JavaScript - Nouveaut├йs apport├йes par les versions ECMAScript 6 ├а 14 No")")
    5) <article class="formation listing signika">тАж</article> aka playwright.$("article:has-text("SEC-FRAM - La s├йcurit├й des frameworks JavaScriptSEC-FRAM | Expertise1 400 тВм HT A")")
    6) <article class="formation listing signika">тАж</article> aka playwright.$("article:has-text("JVS-DC - Formulaire PDF avanc├й avec JavaScriptJVS-DC | Perfectionnement / Avanc├й")")
    7) <article class="formation listing signika">тАж</article> aka playwright.$("article:has-text("DEV-CLIF - D├йveloppement d'applications clients full stackDEV-CLIF | Perfectionn")")
    8) <article class="formation listing signika">тАж</article> aka playwright.$("article:has-text("JVS-ANGU - Angular 16 et versions ant├йrieures - D├йveloppement d'applications Web")")
    9) <article class="formation listing signika">тАж</article> aka playwright.$("article:has-text("JVS-REA - ReactJS - D├йveloppement d'applications Web Top ventesJVS-REA | Initiat")")
    10) <article class="formation listing signika">тАж</article> aka playwright.$("article:has-text("JVS-ANGAV - Angular 16 et versions ant├йrieures - Fonctionnalit├йs avanc├йes Top ve")")
    ...

=========================== logs ===========================
waiting for selector "article.formation"
  strict mode violation: "article.formation" resolved to 21 elements:
    1) <article class="formation listing is_essentiel signika">тАж</article> aka playwright.$("article:has-text("JVS-IN - JavaScript - Fondamentaux Top ventesJVS-IN | Initiation / Fondamentaux1")")
    2) <article class="formation listing is_essentiel signika">тАж</article> aka playwright.$("article:has-text("JVS-AV - JavaScript - Programmation avanc├йe Top ventesJVS-AV | Perfectionnement ")")
    3) <article class="formation listing is_essentiel signika">тАж</article> aka playwright.$("article:has-text("JVS-DES - JavaScript et jQuery pour les designersJVS-DES | Perfectionnement / Av")")
    4) <article class="formation listing signika">тАж</article> aka playwright.$("article:has-text("JVS-EC - JavaScript - Nouveaut├йs apport├йes par les versions ECMAScript 6 ├а 14 No")")
    5) <article class="formation listing signika">тАж</article> aka playwright.$("article:has-text("SEC-FRAM - La s├йcurit├й des frameworks JavaScriptSEC-FRAM | Expertise1 400 тВм HT A")")
    6) <article class="formation listing signika">тАж</article> aka playwright.$("article:has-text("JVS-DC - Formulaire PDF avanc├й avec JavaScriptJVS-DC | Perfectionnement / Avanc├й")")
    7) <article class="formation listing signika">тАж</article> aka playwright.$("article:has-text("DEV-CLIF - D├йveloppement d'applications clients full stackDEV-CLIF | Perfectionn")")
    8) <article class="formation listing signika">тАж</article> aka playwright.$("article:has-text("JVS-ANGU - Angular 16 et versions ant├йrieures - D├йveloppement d'applications Web")")
    9) <article class="formation listing signika">тАж</article> aka playwright.$("article:has-text("JVS-REA - ReactJS - D├йveloppement d'applications Web Top ventesJVS-REA | Initiat")")
    10) <article class="formation listing signika">тАж</article> aka playwright.$("article:has-text("JVS-ANGAV - Angular 16 et versions ant├йrieures - Fonctionnalit├йs avanc├йes Top ve")")
    ...

============================================================
    at D:\scrapping\m2i\src\index.ts:52:19
    at fulfilled (D:\scrapping\m2i\src\index.ts:5:58)
You have triggered an unhandledRejection, you may have forgotten to catch a Promise rejection:
locator.innerHTML: Error: strict mode violation: "article.formation" resolved to 21 elements:
    1) <article class="formation listing is_essentiel signika">тАж</article> aka playwright.$("article:has-text("JVS-IN - JavaScript - Fondamentaux Top ventesJVS-IN | Initiation / Fondamentaux1")")
    2) <article class="formation listing is_essentiel signika">тАж</article> aka playwright.$("article:has-text("JVS-AV - JavaScript - Programmation avanc├йe Top ventesJVS-AV | Perfectionnement ")")
    3) <article class="formation listing is_essentiel signika">тАж</article> aka playwright.$("article:has-text("JVS-DES - JavaScript et jQuery pour les designersJVS-DES | Perfectionnement / Av")")
    4) <article class="formation listing signika">тАж</article> aka playwright.$("article:has-text("JVS-EC - JavaScript - Nouveaut├йs apport├йes par les versions ECMAScript 6 ├а 14 No")")
    5) <article class="formation listing signika">тАж</article> aka playwright.$("article:has-text("SEC-FRAM - La s├йcurit├й des frameworks JavaScriptSEC-FRAM | Expertise1 400 тВм HT A")")
    6) <article class="formation listing signika">тАж</article> aka playwright.$("article:has-text("JVS-DC - Formulaire PDF avanc├й avec JavaScriptJVS-DC | Perfectionnement / Avanc├й")")
    7) <article class="formation listing signika">тАж</article> aka playwright.$("article:has-text("DEV-CLIF - D├йveloppement d'applications clients full stackDEV-CLIF | Perfectionn")")
    8) <article class="formation listing signika">тАж</article> aka playwright.$("article:has-text("JVS-ANGU - Angular 16 et versions ant├йrieures - D├йveloppement d'applications Web")")
    9) <article class="formation listing signika">тАж</article> aka playwright.$("article:has-text("JVS-REA - ReactJS - D├йveloppement d'applications Web Top ventesJVS-REA | Initiat")")
    10) <article class="formation listing signika">тАж</article> aka playwright.$("article:has-text("JVS-ANGAV - Angular 16 et versions ant├йrieures - Fonctionnalit├йs avanc├йes Top ve")")
    ...

=========================== logs ===========================
waiting for selector "article.formation"
  strict mode violation: "article.formation" resolved to 21 elements:
    1) <article class="formation listing is_essentiel signika">тАж</article> aka playwright.$("article:has-text("JVS-IN - JavaScript - Fondamentaux Top ventesJVS-IN | Initiation / Fondamentaux1")")
    2) <article class="formation listing is_essentiel signika">тАж</article> aka playwright.$("article:has-text("JVS-AV - JavaScript - Programmation avanc├йe Top ventesJVS-AV | Perfectionnement ")")
    3) <article class="formation listing is_essentiel signika">тАж</article> aka playwright.$("article:has-text("JVS-DES - JavaScript et jQuery pour les designersJVS-DES | Perfectionnement / Av")")
    4) <article class="formation listing signika">тАж</article> aka playwright.$("article:has-text("JVS-EC - JavaScript - Nouveaut├йs apport├йes par les versions ECMAScript 6 ├а 14 No")")
    5) <article class="formation listing signika">тАж</article> aka playwright.$("article:has-text("SEC-FRAM - La s├йcurit├й des frameworks JavaScriptSEC-FRAM | Expertise1 400 тВм HT A")")
    6) <article class="formation listing signika">тАж</article> aka playwright.$("article:has-text("JVS-DC - Formulaire PDF avanc├й avec JavaScriptJVS-DC | Perfectionnement / Avanc├й")")
    7) <article class="formation listing signika">тАж</article> aka playwright.$("article:has-text("DEV-CLIF - D├йveloppement d'applications clients full stackDEV-CLIF | Perfectionn")")
    8) <article class="formation listing signika">тАж</article> aka playwright.$("article:has-text("JVS-ANGU - Angular 16 et versions ant├йrieures - D├йveloppement d'applications Web")")
    9) <article class="formation listing signika">тАж</article> aka playwright.$("article:has-text("JVS-REA - ReactJS - D├йveloppement d'applications Web Top ventesJVS-REA | Initiat")")
    10) <article class="formation listing signika">тАж</article> aka playwright.$("article:has-text("JVS-ANGAV - Angular 16 et versions ant├йrieures - Fonctionnalit├йs avanc├йes Top ve")")
    ...

============================================================
    at D:\scrapping\m2i\src\index.ts:52:19
    at fulfilled (D:\scrapping\m2i\src\index.ts:5:58)
You have triggered an unhandledRejection, you may have forgotten to catch a Promise rejection:
locator.innerHTML: Error: strict mode violation: "article.formation" resolved to 21 elements:
    1) <article class="formation listing is_essentiel signika">тАж</article> aka playwright.$("article:has-text("JVS-IN - JavaScript - Fondamentaux Top ventesJVS-IN | Initiation / Fondamentaux1")")
    2) <article class="formation listing is_essentiel signika">тАж</article> aka playwright.$("article:has-text("JVS-AV - JavaScript - Programmation avanc├йe Top ventesJVS-AV | Perfectionnement ")")
    3) <article class="formation listing is_essentiel signika">тАж</article> aka playwright.$("article:has-text("JVS-DES - JavaScript et jQuery pour les designersJVS-DES | Perfectionnement / Av")")
    4) <article class="formation listing signika">тАж</article> aka playwright.$("article:has-text("JVS-EC - JavaScript - Nouveaut├йs apport├йes par les versions ECMAScript 6 ├а 14 No")")
    5) <article class="formation listing signika">тАж</article> aka playwright.$("article:has-text("SEC-FRAM - La s├йcurit├й des frameworks JavaScriptSEC-FRAM | Expertise1 400 тВм HT A")")
    6) <article class="formation listing signika">тАж</article> aka playwright.$("article:has-text("JVS-DC - Formulaire PDF avanc├й avec JavaScriptJVS-DC | Perfectionnement / Avanc├й")")
    7) <article class="formation listing signika">тАж</article> aka playwright.$("article:has-text("DEV-CLIF - D├йveloppement d'applications clients full stackDEV-CLIF | Perfectionn")")
    8) <article class="formation listing signika">тАж</article> aka playwright.$("article:has-text("JVS-ANGU - Angular 16 et versions ant├йrieures - D├йveloppement d'applications Web")")
    9) <article class="formation listing signika">тАж</article> aka playwright.$("article:has-text("JVS-REA - ReactJS - D├йveloppement d'applications Web Top ventesJVS-REA | Initiat")")
    10) <article class="formation listing signika">тАж</article> aka playwright.$("article:has-text("JVS-ANGAV - Angular 16 et versions ant├йrieures - Fonctionnalit├йs avanc├йes Top ve")")
    ...

=========================== logs ===========================
waiting for selector "article.formation"
  strict mode violation: "article.formation" resolved to 21 elements:
    1) <article class="formation listing is_essentiel signika">тАж</article> aka playwright.$("article:has-text("JVS-IN - JavaScript - Fondamentaux Top ventesJVS-IN | Initiation / Fondamentaux1")")
    2) <article class="formation listing is_essentiel signika">тАж</article> aka playwright.$("article:has-text("JVS-AV - JavaScript - Programmation avanc├йe Top ventesJVS-AV | Perfectionnement ")")
    3) <article class="formation listing is_essentiel signika">тАж</article> aka playwright.$("article:has-text("JVS-DES - JavaScript et jQuery pour les designersJVS-DES | Perfectionnement / Av")")
    4) <article class="formation listing signika">тАж</article> aka playwright.$("article:has-text("JVS-EC - JavaScript - Nouveaut├йs apport├йes par les versions ECMAScript 6 ├а 14 No")")
    5) <article class="formation listing signika">тАж</article> aka playwright.$("article:has-text("SEC-FRAM - La s├йcurit├й des frameworks JavaScriptSEC-FRAM | Expertise1 400 тВм HT A")")
    6) <article class="formation listing signika">тАж</article> aka playwright.$("article:has-text("JVS-DC - Formulaire PDF avanc├й avec JavaScriptJVS-DC | Perfectionnement / Avanc├й")")
    7) <article class="formation listing signika">тАж</article> aka playwright.$("article:has-text("DEV-CLIF - D├йveloppement d'applications clients full stackDEV-CLIF | Perfectionn")")
    8) <article class="formation listing signika">тАж</article> aka playwright.$("article:has-text("JVS-ANGU - Angular 16 et versions ant├йrieures - D├йveloppement d'applications Web")")
    9) <article class="formation listing signika">тАж</article> aka playwright.$("article:has-text("JVS-REA - ReactJS - D├йveloppement d'applications Web Top ventesJVS-REA | Initiat")")
    10) <article class="formation listing signika">тАж</article> aka playwright.$("article:has-text("JVS-ANGAV - Angular 16 et versions ant├йrieures - Fonctionnalit├йs avanc├йes Top ve")")
    ...

============================================================
    at D:\scrapping\m2i\src\index.ts:52:19
    at fulfilled (D:\scrapping\m2i\src\index.ts:5:58)
TSError: тип Unable to compile TypeScript:
src/index.ts(54,24): error TS2304: Cannot find name 'locatorCount'.
src/index.ts(185,1): error TS1005: '}' expected.

    at createTSError (C:\Users\busit\AppData\Roaming\nvm\v18.12.1\node_modules\pm2\node_modules\ts-node\src\index.ts:859:12)
    at reportTSError (C:\Users\busit\AppData\Roaming\nvm\v18.12.1\node_modules\pm2\node_modules\ts-node\src\index.ts:863:19)
    at getOutput (C:\Users\busit\AppData\Roaming\nvm\v18.12.1\node_modules\pm2\node_modules\ts-node\src\index.ts:1077:36)
    at Object.compile (C:\Users\busit\AppData\Roaming\nvm\v18.12.1\node_modules\pm2\node_modules\ts-node\src\index.ts:1433:41)
    at Module.m._compile (C:\Users\busit\AppData\Roaming\nvm\v18.12.1\node_modules\pm2\node_modules\ts-node\src\index.ts:1617:30)
    at Module._extensions..js (node:internal/modules/cjs/loader:1213:10)
    at Object.require.extensions.<computed> [as .ts] (C:\Users\busit\AppData\Roaming\nvm\v18.12.1\node_modules\pm2\node_modules\ts-node\src\index.ts:1621:12)
    at Module.load (node:internal/modules/cjs/loader:1037:32)
    at Function.Module._load (node:internal/modules/cjs/loader:878:12)
    at C:\Users\busit\AppData\Roaming\nvm\v18.12.1\node_modules\pm2\lib\ProcessContainer.js:303:25
Channel is already closed can't broadcast error:
TypeError: Converting circular structure to JSON
    --> starting at object with constructor 'SourceFileObject'
    |     property 'statements' -> object with constructor 'Array'
    |     index 0 -> object with constructor 'NodeObject'
    --- property 'parent' closes the circle
    at stringify (<anonymous>)
    at writeChannelMessage (node:internal/child_process/serialization:159:20)
    at process.target._send (node:internal/child_process:838:17)
    at process.target.send (node:internal/child_process:738:19)
    at process.send (C:\Users\busit\AppData\Roaming\nvm\v18.12.1\node_modules\pm2\lib\ProcessContainer.js:51:21)
    at process.uncaughtListener (C:\Users\busit\AppData\Roaming\nvm\v18.12.1\node_modules\pm2\lib\ProcessContainer.js:275:19)
    at process.emit (node:events:525:35)
    at process.emit (node:domain:489:12)
    at process.emit.sharedData.processEmitHook.installedValue [as emit] (C:\Users\busit\AppData\Roaming\nvm\v18.12.1\node_modules\pm2\node_modules\@cspotcode\source-map-support\source-map-support.js:745:40)
    at process._fatalException (node:internal/process/execution:149:25)
You have triggered an unhandledRejection, you may have forgotten to catch a Promise rejection:
page.goto: Navigation failed because page was closed!
=========================== logs ===========================
navigating to "https://www.m2iformation.fr/recherche/?q=javascript", waiting until "load"
============================================================
    at D:\scrapping\m2i\src\index.ts:157:16
    at fulfilled (D:\scrapping\m2i\src\index.ts:5:58)
You have triggered an unhandledRejection, you may have forgotten to catch a Promise rejection:
locator.innerHTML: Error: strict mode violation: "div.wrap>div>div.col>article>div:nth-child(1)" resolved to 11 elements:
    1) <div class="col large adjust">тАж</div> aka playwright.$("text=JVS-IN - JavaScript - Fondamentaux Top ventesJVS-IN | Initiation / Fondamentaux1")
    2) <div class="col large adjust">тАж</div> aka playwright.$("text=JVS-AV - JavaScript - Programmation avanc├йe Top ventesJVS-AV | Perfectionnement ")
    3) <div class="col large adjust">тАж</div> aka playwright.$("text=JVS-DES - JavaScript et jQuery pour les designersJVS-DES | Perfectionnement / Av")
    4) <div class="col large adjust">тАж</div> aka playwright.$("text=JVSVUE-AV - Vue.js - Fonctionnalit├йs avanc├йes NouveauJVSVUE-AV | Perfectionnemen")
    5) <div class="col large adjust">тАж</div> aka playwright.$("text=JQ-IN - jQueryJQ-IN | Perfectionnement / Avanc├й1 500 тВм HT Ajouter ├а mes favoris8")
    6) <div class="col large adjust">тАж</div> aka playwright.$("text=MOB-WEB - jQuery MobileMOB-WEB | Perfectionnement / Avanc├й2 200 тВм HT Ajouter ├а m")
    7) <div class="col large adjust">тАж</div> aka playwright.$("text=RXJS-PROG - Programmation r├йactive avec RxJSRXJS-PROG | Perfectionnement / Avanc")
    8) <div class="col large adjust">тАж</div> aka playwright.$("text=JQ-AV - jQuery avanc├й - Plug-ins et widgetsJQ-AV | Perfectionnement / Avanc├й1 10")
    9) <div class="col large adjust">тАж</div> aka playwright.$("text=JVS-TYPS - TypeScript - Ma├оtriser et d├йvelopperJVS-TYPS | Perfectionnement / Ava")
    10) <div class="col large adjust">тАж</div> aka playwright.$("text=EXTJS-DEV - D├йvelopper des applications multiplateformes avec ExtJS 7EXTJS-DEV |")
    ...

=========================== logs ===========================
waiting for selector "div.wrap>div>div.col>article>div:nth-child(1)"
  strict mode violation: "div.wrap>div>div.col>article>div:nth-child(1)" resolved to 11 elements:
    1) <div class="col large adjust">тАж</div> aka playwright.$("text=JVS-IN - JavaScript - Fondamentaux Top ventesJVS-IN | Initiation / Fondamentaux1")
    2) <div class="col large adjust">тАж</div> aka playwright.$("text=JVS-AV - JavaScript - Programmation avanc├йe Top ventesJVS-AV | Perfectionnement ")
    3) <div class="col large adjust">тАж</div> aka playwright.$("text=JVS-DES - JavaScript et jQuery pour les designersJVS-DES | Perfectionnement / Av")
    4) <div class="col large adjust">тАж</div> aka playwright.$("text=JVSVUE-AV - Vue.js - Fonctionnalit├йs avanc├йes NouveauJVSVUE-AV | Perfectionnemen")
    5) <div class="col large adjust">тАж</div> aka playwright.$("text=JQ-IN - jQueryJQ-IN | Perfectionnement / Avanc├й1 500 тВм HT Ajouter ├а mes favoris8")
    6) <div class="col large adjust">тАж</div> aka playwright.$("text=MOB-WEB - jQuery MobileMOB-WEB | Perfectionnement / Avanc├й2 200 тВм HT Ajouter ├а m")
    7) <div class="col large adjust">тАж</div> aka playwright.$("text=RXJS-PROG - Programmation r├йactive avec RxJSRXJS-PROG | Perfectionnement / Avanc")
    8) <div class="col large adjust">тАж</div> aka playwright.$("text=JQ-AV - jQuery avanc├й - Plug-ins et widgetsJQ-AV | Perfectionnement / Avanc├й1 10")
    9) <div class="col large adjust">тАж</div> aka playwright.$("text=JVS-TYPS - TypeScript - Ma├оtriser et d├йvelopperJVS-TYPS | Perfectionnement / Ava")
    10) <div class="col large adjust">тАж</div> aka playwright.$("text=EXTJS-DEV - D├йvelopper des applications multiplateformes avec ExtJS 7EXTJS-DEV |")
    ...

============================================================
    at D:\scrapping\m2i\src\index.ts:56:33
    at fulfilled (D:\scrapping\m2i\src\index.ts:5:58)
You have triggered an unhandledRejection, you may have forgotten to catch a Promise rejection:
locator.innerHTML: Error: strict mode violation: "div.wrap>div>div.col>article>div:nth-child(1)>p" resolved to 35 elements:
    1) <p>JVS-IN | Initiation┬а/ Fondamentaux</p> aka playwright.$("text=JVS-IN | Initiation / Fondamentaux")
    2) <p class="price">тАж</p> aka playwright.$("p:has-text("1 500 тВм HT") >> nth=0")
    3) <p class="note">тАж</p> aka playwright.$("text=A 4,8/5")
    4) <p>тАж</p> aka playwright.$("text=Session garantie 17/07/2023 - Classe ├а distance")
    5) <p>JVS-AV | Perfectionnement┬а/ Avanc├й</p> aka playwright.$("text=JVS-AV | Perfectionnement / Avanc├й")
    6) <p class="price">тАж</p> aka playwright.$("div:nth-child(2) > .formation > div > .price >> nth=0")
    7) <p class="note">тАж</p> aka playwright.$("text=8 4/5 >> nth=0")
    8) <p>тАж</p> aka playwright.$("text=Session garantie 10/07/2023 - Classe ├а distance")
    9) <p>JVS-DES | Perfectionnement┬а/ Avanc├й</p> aka playwright.$("text=JVS-DES | Perfectionnement / Avanc├й")
    10) <p class="price">тАж</p> aka playwright.$("p:has-text("1 000 тВм HT")")
    ...

=========================== logs ===========================
waiting for selector "div.wrap>div>div.col>article>div:nth-child(1)>p"
  strict mode violation: "div.wrap>div>div.col>article>div:nth-child(1)>p" resolved to 35 elements:
    1) <p>JVS-IN | Initiation┬а/ Fondamentaux</p> aka playwright.$("text=JVS-IN | Initiation / Fondamentaux")
    2) <p class="price">тАж</p> aka playwright.$("p:has-text("1 500 тВм HT") >> nth=0")
    3) <p class="note">тАж</p> aka playwright.$("text=A 4,8/5")
    4) <p>тАж</p> aka playwright.$("text=Session garantie 17/07/2023 - Classe ├а distance")
    5) <p>JVS-AV | Perfectionnement┬а/ Avanc├й</p> aka playwright.$("text=JVS-AV | Perfectionnement / Avanc├й")
    6) <p class="price">тАж</p> aka playwright.$("div:nth-child(2) > .formation > div > .price >> nth=0")
    7) <p class="note">тАж</p> aka playwright.$("text=8 4/5 >> nth=0")
    8) <p>тАж</p> aka playwright.$("text=Session garantie 10/07/2023 - Classe ├а distance")
    9) <p>JVS-DES | Perfectionnement┬а/ Avanc├й</p> aka playwright.$("text=JVS-DES | Perfectionnement / Avanc├й")
    10) <p class="price">тАж</p> aka playwright.$("p:has-text("1 000 тВм HT")")
    ...

============================================================
    at D:\scrapping\m2i\src\index.ts:56:33
    at fulfilled (D:\scrapping\m2i\src\index.ts:5:58)
You have triggered an unhandledRejection, you may have forgotten to catch a Promise rejection:
locator.innerHTML: Error: strict mode violation: "div.wrap>div>div.col>article>div:nth-child(1)>p" resolved to 35 elements:
    1) <p>JVS-IN | Initiation┬а/ Fondamentaux</p> aka playwright.$("text=JVS-IN | Initiation / Fondamentaux")
    2) <p class="price">тАж</p> aka playwright.$("p:has-text("1 500 тВм HT") >> nth=0")
    3) <p class="note">тАж</p> aka playwright.$("text=A 4,8/5")
    4) <p>тАж</p> aka playwright.$("text=Session garantie 17/07/2023 - Classe ├а distance")
    5) <p>JVS-AV | Perfectionnement┬а/ Avanc├й</p> aka playwright.$("text=JVS-AV | Perfectionnement / Avanc├й")
    6) <p class="price">тАж</p> aka playwright.$("div:nth-child(2) > .formation > div > .price >> nth=0")
    7) <p class="note">тАж</p> aka playwright.$("text=8 4/5 >> nth=0")
    8) <p>тАж</p> aka playwright.$("text=Session garantie 10/07/2023 - Classe ├а distance")
    9) <p>JVS-DES | Perfectionnement┬а/ Avanc├й</p> aka playwright.$("text=JVS-DES | Perfectionnement / Avanc├й")
    10) <p class="price">тАж</p> aka playwright.$("p:has-text("1 000 тВм HT")")
    ...

=========================== logs ===========================
waiting for selector "div.wrap>div>div.col>article>div:nth-child(1)>p"
  strict mode violation: "div.wrap>div>div.col>article>div:nth-child(1)>p" resolved to 35 elements:
    1) <p>JVS-IN | Initiation┬а/ Fondamentaux</p> aka playwright.$("text=JVS-IN | Initiation / Fondamentaux")
    2) <p class="price">тАж</p> aka playwright.$("p:has-text("1 500 тВм HT") >> nth=0")
    3) <p class="note">тАж</p> aka playwright.$("text=A 4,8/5")
    4) <p>тАж</p> aka playwright.$("text=Session garantie 17/07/2023 - Classe ├а distance")
    5) <p>JVS-AV | Perfectionnement┬а/ Avanc├й</p> aka playwright.$("text=JVS-AV | Perfectionnement / Avanc├й")
    6) <p class="price">тАж</p> aka playwright.$("div:nth-child(2) > .formation > div > .price >> nth=0")
    7) <p class="note">тАж</p> aka playwright.$("text=8 4/5 >> nth=0")
    8) <p>тАж</p> aka playwright.$("text=Session garantie 10/07/2023 - Classe ├а distance")
    9) <p>JVS-DES | Perfectionnement┬а/ Avanc├й</p> aka playwright.$("text=JVS-DES | Perfectionnement / Avanc├й")
    10) <p class="price">тАж</p> aka playwright.$("p:has-text("1 000 тВм HT")")
    ...

============================================================
    at D:\scrapping\m2i\src\index.ts:56:33
    at fulfilled (D:\scrapping\m2i\src\index.ts:5:58)
You have triggered an unhandledRejection, you may have forgotten to catch a Promise rejection:
page.waitForTimeout: Target page, context or browser has been closed
    at D:\scrapping\m2i\src\index.ts:50:14
    at fulfilled (D:\scrapping\m2i\src\index.ts:5:58)
You have triggered an unhandledRejection, you may have forgotten to catch a Promise rejection:
locator.innerHTML: Target closed
=========================== logs ===========================
waiting for selector "div.wrap>div>div.col>article>div:nth-child(1)>p:nth-child(0)"
============================================================
    at D:\scrapping\m2i\src\index.ts:56:33
    at fulfilled (D:\scrapping\m2i\src\index.ts:5:58)
You have triggered an unhandledRejection, you may have forgotten to catch a Promise rejection:
locator.innerHTML: Timeout 30000ms exceeded.
=========================== logs ===========================
waiting for selector "div.wrap>div>div.col>article>div:nth-child(1)>p:nth-child(0)"
============================================================
    at D:\scrapping\m2i\src\index.ts:56:33
    at fulfilled (D:\scrapping\m2i\src\index.ts:5:58)
You have triggered an unhandledRejection, you may have forgotten to catch a Promise rejection:
locator.innerHTML: Timeout 30000ms exceeded.
=========================== logs ===========================
waiting for selector "div.wrap>div>div.col>article>div:nth-child(1)>p:nth-child(1)"
============================================================
    at D:\scrapping\m2i\src\index.ts:56:33
    at fulfilled (D:\scrapping\m2i\src\index.ts:5:58)
You have triggered an unhandledRejection, you may have forgotten to catch a Promise rejection:
page.waitForTimeout: Target page, context or browser has been closed
    at D:\scrapping\m2i\src\index.ts:50:14
    at fulfilled (D:\scrapping\m2i\src\index.ts:5:58)
You have triggered an unhandledRejection, you may have forgotten to catch a Promise rejection:
locator.innerHTML: Target closed
=========================== logs ===========================
waiting for selector "article>div:nth-child(1)>p:nth-child(1)"
============================================================
    at D:\scrapping\m2i\src\index.ts:56:33
    at fulfilled (D:\scrapping\m2i\src\index.ts:5:58)
You have triggered an unhandledRejection, you may have forgotten to catch a Promise rejection:
locator.innerHTML: Timeout 30000ms exceeded.
=========================== logs ===========================
waiting for selector "article>div:nth-child(1)>p:nth-child(1)"
============================================================
    at D:\scrapping\m2i\src\index.ts:56:33
    at fulfilled (D:\scrapping\m2i\src\index.ts:5:58)
You have triggered an unhandledRejection, you may have forgotten to catch a Promise rejection:
page.goto: Navigation failed because page was closed!
=========================== logs ===========================
navigating to "https://www.m2iformation.fr/recherche/?q=javascript", waiting until "load"
============================================================
    at D:\scrapping\m2i\src\index.ts:159:16
    at fulfilled (D:\scrapping\m2i\src\index.ts:5:58)
You have triggered an unhandledRejection, you may have forgotten to catch a Promise rejection:
page.goto: Timeout 30000ms exceeded.
=========================== logs ===========================
navigating to "https://www.m2iformation.fr/recherche/?q=javascript", waiting until "load"
============================================================
    at D:\scrapping\m2i\src\index.ts:159:16
    at fulfilled (D:\scrapping\m2i\src\index.ts:5:58)
You have triggered an unhandledRejection, you may have forgotten to catch a Promise rejection:
locator.innerHTML: Timeout 30000ms exceeded.
=========================== logs ===========================
waiting for selector "article.formation:nth-child(1)>div>p:nth-child(1)"
============================================================
    at D:\scrapping\m2i\src\index.ts:56:33
    at fulfilled (D:\scrapping\m2i\src\index.ts:5:58)
You have triggered an unhandledRejection, you may have forgotten to catch a Promise rejection:
locator.innerHTML: Timeout 30000ms exceeded.
=========================== logs ===========================
waiting for selector "div.col:nth-child(1)>article.formation>div>p:nth-child(1)"
============================================================
    at D:\scrapping\m2i\src\index.ts:56:33
    at fulfilled (D:\scrapping\m2i\src\index.ts:5:58)
You have triggered an unhandledRejection, you may have forgotten to catch a Promise rejection:
locator.innerHTML: Timeout 30000ms exceeded.
=========================== logs ===========================
waiting for selector "div.wrap>div>div.col:nth-child(1)>article.formation>div>p:nth-child(1)"
============================================================
    at D:\scrapping\m2i\src\index.ts:56:33
    at fulfilled (D:\scrapping\m2i\src\index.ts:5:58)
You have triggered an unhandledRejection, you may have forgotten to catch a Promise rejection:
locator.innerHTML: Timeout 30000ms exceeded.
=========================== logs ===========================
waiting for selector "div.wrap>div:nth-child(1)>div.col:nth-child(1)>article.formation>div>p:nth-child(1)"
============================================================
    at D:\scrapping\m2i\src\index.ts:58:33
    at fulfilled (D:\scrapping\m2i\src\index.ts:5:58)
You have triggered an unhandledRejection, you may have forgotten to catch a Promise rejection:
locator.innerHTML: Timeout 30000ms exceeded.
=========================== logs ===========================
waiting for selector "div.wrap>div:nth-child(1)>div.col:nth-child(1)>article.formation>div>p:nth-child(1)"
============================================================
    at D:\scrapping\m2i\src\index.ts:58:33
    at fulfilled (D:\scrapping\m2i\src\index.ts:5:58)
You have triggered an unhandledRejection, you may have forgotten to catch a Promise rejection:
locator.innerHTML: Timeout 30000ms exceeded.
=========================== logs ===========================
waiting for selector "div.wrap>div:nth-child(1)>div.col:nth-child(1)>article.formation>div>p:nth-child(1)"
============================================================
    at D:\scrapping\m2i\src\index.ts:58:33
    at fulfilled (D:\scrapping\m2i\src\index.ts:5:58)
You have triggered an unhandledRejection, you may have forgotten to catch a Promise rejection:
locator.innerHTML: Error: strict mode violation: "div.col:nth-child(1)>article.formation>div.col" resolved to 2 elements:
    1) <div class="col large adjust">тАж</div> aka playwright.$("text=JVS-IN - JavaScript - Fondamentaux Top ventesJVS-IN | Initiation / Fondamentaux1")
    2) <div class="col large adjust">тАж</div> aka playwright.$("text=JVSVUE-AV - Vue.js - Fonctionnalit├йs avanc├йes NouveauJVSVUE-AV | Perfectionnemen")

=========================== logs ===========================
waiting for selector "div.col:nth-child(1)>article.formation>div.col"
  strict mode violation: "div.col:nth-child(1)>article.formation>div.col" resolved to 2 elements:
    1) <div class="col large adjust">тАж</div> aka playwright.$("text=JVS-IN - JavaScript - Fondamentaux Top ventesJVS-IN | Initiation / Fondamentaux1")
    2) <div class="col large adjust">тАж</div> aka playwright.$("text=JVSVUE-AV - Vue.js - Fonctionnalit├йs avanc├йes NouveauJVSVUE-AV | Perfectionnemen")

============================================================
    at D:\scrapping\m2i\src\index.ts:58:33
    at fulfilled (D:\scrapping\m2i\src\index.ts:5:58)
You have triggered an unhandledRejection, you may have forgotten to catch a Promise rejection:
locator.innerHTML: Timeout 30000ms exceeded.
=========================== logs ===========================
waiting for selector "div.col:nth-child(1)>article.formation>div.col>p:nth-child(1)"
============================================================
    at D:\scrapping\m2i\src\index.ts:58:33
    at fulfilled (D:\scrapping\m2i\src\index.ts:5:58)
You have triggered an unhandledRejection, you may have forgotten to catch a Promise rejection:
locator.innerHTML: Error: strict mode violation: "div.col:nth-child(1)" resolved to 23 elements:
    1) <div class="col">тАж</div> aka playwright.$(".col >> nth=0")
    2) <div class="col large adjust">тАж</div> aka playwright.$("text=JVS-IN - JavaScript - Fondamentaux Top ventesJVS-IN | Initiation / Fondamentaux1")
    3) <div class="col large adjust">тАж</div> aka playwright.$("text=JVS-AV - JavaScript - Programmation avanc├йe Top ventesJVS-AV | Perfectionnement ")
    4) <div class="col large adjust">тАж</div> aka playwright.$("text=JVS-DES - JavaScript et jQuery pour les designersJVS-DES | Perfectionnement / Av")
    5) <div class="col large adjust">тАж</div> aka playwright.$("div:has-text("JVS-EC - JavaScript - Nouveaut├йs apport├йes par les versions ECMAScript 6 ├а 14 No") >> nth=4")
    6) <div class="col large adjust">тАж</div> aka playwright.$("text=SEC-FRAM - La s├йcurit├й des frameworks JavaScriptSEC-FRAM | Expertise1 400 тВм HT A")
    7) <div class="col large adjust">тАж</div> aka playwright.$("text=JVS-DC - Formulaire PDF avanc├й avec JavaScriptJVS-DC | Perfectionnement / Avanc├й")
    8) <div class="col large adjust">тАж</div> aka playwright.$("text=DEV-CLIF - D├йveloppement d'applications clients full stackDEV-CLIF | Perfectionn")
    9) <div class="col large adjust">тАж</div> aka playwright.$("div:has-text("JVS-ANGU - Angular 16 et versions ant├йrieures - D├йveloppement d'applications Web") >> nth=4")
    10) <div class="col large adjust">тАж</div> aka playwright.$("text=JVS-REA - ReactJS - D├йveloppement d'applications Web Top ventesJVS-REA | Initiat")
    ...

=========================== logs ===========================
waiting for selector "div.col:nth-child(1)"
  strict mode violation: "div.col:nth-child(1)" resolved to 23 elements:
    1) <div class="col">тАж</div> aka playwright.$(".col >> nth=0")
    2) <div class="col large adjust">тАж</div> aka playwright.$("text=JVS-IN - JavaScript - Fondamentaux Top ventesJVS-IN | Initiation / Fondamentaux1")
    3) <div class="col large adjust">тАж</div> aka playwright.$("text=JVS-AV - JavaScript - Programmation avanc├йe Top ventesJVS-AV | Perfectionnement ")
    4) <div class="col large adjust">тАж</div> aka playwright.$("text=JVS-DES - JavaScript et jQuery pour les designersJVS-DES | Perfectionnement / Av")
    5) <div class="col large adjust">тАж</div> aka playwright.$("div:has-text("JVS-EC - JavaScript - Nouveaut├йs apport├йes par les versions ECMAScript 6 ├а 14 No") >> nth=4")
    6) <div class="col large adjust">тАж</div> aka playwright.$("text=SEC-FRAM - La s├йcurit├й des frameworks JavaScriptSEC-FRAM | Expertise1 400 тВм HT A")
    7) <div class="col large adjust">тАж</div> aka playwright.$("text=JVS-DC - Formulaire PDF avanc├й avec JavaScriptJVS-DC | Perfectionnement / Avanc├й")
    8) <div class="col large adjust">тАж</div> aka playwright.$("text=DEV-CLIF - D├йveloppement d'applications clients full stackDEV-CLIF | Perfectionn")
    9) <div class="col large adjust">тАж</div> aka playwright.$("div:has-text("JVS-ANGU - Angular 16 et versions ant├йrieures - D├йveloppement d'applications Web") >> nth=4")
    10) <div class="col large adjust">тАж</div> aka playwright.$("text=JVS-REA - ReactJS - D├йveloppement d'applications Web Top ventesJVS-REA | Initiat")
    ...

============================================================
    at D:\scrapping\m2i\src\index.ts:59:33
    at fulfilled (D:\scrapping\m2i\src\index.ts:5:58)
You have triggered an unhandledRejection, you may have forgotten to catch a Promise rejection:
locator.innerHTML: Error: strict mode violation: "div.col:nth-child(1)" resolved to 23 elements:
    1) <div class="col">тАж</div> aka playwright.$(".col >> nth=0")
    2) <div class="col large adjust">тАж</div> aka playwright.$("text=JVS-IN - JavaScript - Fondamentaux Top ventesJVS-IN | Initiation / Fondamentaux1")
    3) <div class="col large adjust">тАж</div> aka playwright.$("text=JVS-AV - JavaScript - Programmation avanc├йe Top ventesJVS-AV | Perfectionnement ")
    4) <div class="col large adjust">тАж</div> aka playwright.$("text=JVS-DES - JavaScript et jQuery pour les designersJVS-DES | Perfectionnement / Av")
    5) <div class="col large adjust">тАж</div> aka playwright.$("div:has-text("JVS-EC - JavaScript - Nouveaut├йs apport├йes par les versions ECMAScript 6 ├а 14 No") >> nth=4")
    6) <div class="col large adjust">тАж</div> aka playwright.$("text=SEC-FRAM - La s├йcurit├й des frameworks JavaScriptSEC-FRAM | Expertise1 400 тВм HT A")
    7) <div class="col large adjust">тАж</div> aka playwright.$("text=JVS-DC - Formulaire PDF avanc├й avec JavaScriptJVS-DC | Perfectionnement / Avanc├й")
    8) <div class="col large adjust">тАж</div> aka playwright.$("text=DEV-CLIF - D├йveloppement d'applications clients full stackDEV-CLIF | Perfectionn")
    9) <div class="col large adjust">тАж</div> aka playwright.$("div:has-text("JVS-ANGU - Angular 16 et versions ant├йrieures - D├йveloppement d'applications Web") >> nth=4")
    10) <div class="col large adjust">тАж</div> aka playwright.$("text=JVS-REA - ReactJS - D├йveloppement d'applications Web Top ventesJVS-REA | Initiat")
    ...

=========================== logs ===========================
waiting for selector "div.col:nth-child(1)"
  strict mode violation: "div.col:nth-child(1)" resolved to 23 elements:
    1) <div class="col">тАж</div> aka playwright.$(".col >> nth=0")
    2) <div class="col large adjust">тАж</div> aka playwright.$("text=JVS-IN - JavaScript - Fondamentaux Top ventesJVS-IN | Initiation / Fondamentaux1")
    3) <div class="col large adjust">тАж</div> aka playwright.$("text=JVS-AV - JavaScript - Programmation avanc├йe Top ventesJVS-AV | Perfectionnement ")
    4) <div class="col large adjust">тАж</div> aka playwright.$("text=JVS-DES - JavaScript et jQuery pour les designersJVS-DES | Perfectionnement / Av")
    5) <div class="col large adjust">тАж</div> aka playwright.$("div:has-text("JVS-EC - JavaScript - Nouveaut├йs apport├йes par les versions ECMAScript 6 ├а 14 No") >> nth=4")
    6) <div class="col large adjust">тАж</div> aka playwright.$("text=SEC-FRAM - La s├йcurit├й des frameworks JavaScriptSEC-FRAM | Expertise1 400 тВм HT A")
    7) <div class="col large adjust">тАж</div> aka playwright.$("text=JVS-DC - Formulaire PDF avanc├й avec JavaScriptJVS-DC | Perfectionnement / Avanc├й")
    8) <div class="col large adjust">тАж</div> aka playwright.$("text=DEV-CLIF - D├йveloppement d'applications clients full stackDEV-CLIF | Perfectionn")
    9) <div class="col large adjust">тАж</div> aka playwright.$("div:has-text("JVS-ANGU - Angular 16 et versions ant├йrieures - D├йveloppement d'applications Web") >> nth=4")
    10) <div class="col large adjust">тАж</div> aka playwright.$("text=JVS-REA - ReactJS - D├йveloppement d'applications Web Top ventesJVS-REA | Initiat")
    ...

============================================================
    at D:\scrapping\m2i\src\index.ts:59:33
    at fulfilled (D:\scrapping\m2i\src\index.ts:5:58)
You have triggered an unhandledRejection, you may have forgotten to catch a Promise rejection:
locator.innerHTML: Timeout 30000ms exceeded.
=========================== logs ===========================
waiting for selector "div.col:nth-child(1)>div.col"
============================================================
    at D:\scrapping\m2i\src\index.ts:59:33
    at fulfilled (D:\scrapping\m2i\src\index.ts:5:58)
You have triggered an unhandledRejection, you may have forgotten to catch a Promise rejection:
locator.innerHTML: Error: strict mode violation: "div.col:nth-child(1)>article" resolved to 2 elements:
    1) <article class="formation listing is_essentiel signika">тАж</article> aka playwright.$("article:has-text("JVS-IN - JavaScript - Fondamentaux Top ventesJVS-IN | Initiation / Fondamentaux1")")
    2) <article class="formation listing signika">тАж</article> aka playwright.$("article:has-text("JVSVUE-AV - Vue.js - Fonctionnalit├йs avanc├йes NouveauJVSVUE-AV | Perfectionnemen")")

=========================== logs ===========================
waiting for selector "div.col:nth-child(1)>article"
  strict mode violation: "div.col:nth-child(1)>article" resolved to 2 elements:
    1) <article class="formation listing is_essentiel signika">тАж</article> aka playwright.$("article:has-text("JVS-IN - JavaScript - Fondamentaux Top ventesJVS-IN | Initiation / Fondamentaux1")")
    2) <article class="formation listing signika">тАж</article> aka playwright.$("article:has-text("JVSVUE-AV - Vue.js - Fonctionnalit├йs avanc├йes NouveauJVSVUE-AV | Perfectionnemen")")

============================================================
    at D:\scrapping\m2i\src\index.ts:59:33
    at fulfilled (D:\scrapping\m2i\src\index.ts:5:58)
You have triggered an unhandledRejection, you may have forgotten to catch a Promise rejection:
locator.innerHTML: Error: strict mode violation: "div.col:nth-child(1)>article>div" resolved to 4 elements:
    1) <div class="col large adjust">тАж</div> aka playwright.$("text=JVS-IN - JavaScript - Fondamentaux Top ventesJVS-IN | Initiation / Fondamentaux1")
    2) <div class="clear"></div> aka playwright.$("article:has-text("JVS-IN - JavaScript - Fondamentaux Top ventesJVS-IN | Initiation / Fondamentaux1") div >> nth=1")
    3) <div class="col large adjust">тАж</div> aka playwright.$("text=JVSVUE-AV - Vue.js - Fonctionnalit├йs avanc├йes NouveauJVSVUE-AV | Perfectionnemen")
    4) <div class="clear"></div> aka playwright.$("article:has-text("JVSVUE-AV - Vue.js - Fonctionnalit├йs avanc├йes NouveauJVSVUE-AV | Perfectionnemen") div >> nth=1")

=========================== logs ===========================
waiting for selector "div.col:nth-child(1)>article>div"
  strict mode violation: "div.col:nth-child(1)>article>div" resolved to 4 elements:
    1) <div class="col large adjust">тАж</div> aka playwright.$("text=JVS-IN - JavaScript - Fondamentaux Top ventesJVS-IN | Initiation / Fondamentaux1")
    2) <div class="clear"></div> aka playwright.$("article:has-text("JVS-IN - JavaScript - Fondamentaux Top ventesJVS-IN | Initiation / Fondamentaux1") div >> nth=1")
    3) <div class="col large adjust">тАж</div> aka playwright.$("text=JVSVUE-AV - Vue.js - Fonctionnalit├йs avanc├йes NouveauJVSVUE-AV | Perfectionnemen")
    4) <div class="clear"></div> aka playwright.$("article:has-text("JVSVUE-AV - Vue.js - Fonctionnalit├йs avanc├йes NouveauJVSVUE-AV | Perfectionnemen") div >> nth=1")

============================================================
    at D:\scrapping\m2i\src\index.ts:59:33
    at fulfilled (D:\scrapping\m2i\src\index.ts:5:58)
You have triggered an unhandledRejection, you may have forgotten to catch a Promise rejection:
locator.innerHTML: Error: strict mode violation: "div.col:nth-child(1)>article>div.adjust" resolved to 2 elements:
    1) <div class="col large adjust">тАж</div> aka playwright.$("text=JVS-IN - JavaScript - Fondamentaux Top ventesJVS-IN | Initiation / Fondamentaux1")
    2) <div class="col large adjust">тАж</div> aka playwright.$("text=JVSVUE-AV - Vue.js - Fonctionnalit├йs avanc├йes NouveauJVSVUE-AV | Perfectionnemen")

=========================== logs ===========================
waiting for selector "div.col:nth-child(1)>article>div.adjust"
  strict mode violation: "div.col:nth-child(1)>article>div.adjust" resolved to 2 elements:
    1) <div class="col large adjust">тАж</div> aka playwright.$("text=JVS-IN - JavaScript - Fondamentaux Top ventesJVS-IN | Initiation / Fondamentaux1")
    2) <div class="col large adjust">тАж</div> aka playwright.$("text=JVSVUE-AV - Vue.js - Fonctionnalit├йs avanc├йes NouveauJVSVUE-AV | Perfectionnemen")

============================================================
    at D:\scrapping\m2i\src\index.ts:59:33
    at fulfilled (D:\scrapping\m2i\src\index.ts:5:58)
You have triggered an unhandledRejection, you may have forgotten to catch a Promise rejection:
locator.innerHTML: Error: strict mode violation: "div.col:nth-child(1)>article>div.adjust>p" resolved to 7 elements:
    1) <p>JVS-IN | Initiation┬а/ Fondamentaux</p> aka playwright.$("text=JVS-IN | Initiation / Fondamentaux")
    2) <p class="price">тАж</p> aka playwright.$("p:has-text("1 500 тВм HT") >> nth=0")
    3) <p class="note">тАж</p> aka playwright.$("text=A 4,8/5")
    4) <p>тАж</p> aka playwright.$("text=Session garantie 17/07/2023 - Classe ├а distance")
    5) <p>JVSVUE-AV | Perfectionnement┬а/ Avanc├й</p> aka playwright.$("text=JVSVUE-AV | Perfectionnement / Avanc├й")
    6) <p class="price">тАж</p> aka playwright.$("p:has-text("1 320 тВм HT")")
    7) <p class="note">тАж</p> aka playwright.$(".show-more-results > div > .formation > div > .note >> nth=0")

=========================== logs ===========================
waiting for selector "div.col:nth-child(1)>article>div.adjust>p"
  strict mode violation: "div.col:nth-child(1)>article>div.adjust>p" resolved to 7 elements:
    1) <p>JVS-IN | Initiation┬а/ Fondamentaux</p> aka playwright.$("text=JVS-IN | Initiation / Fondamentaux")
    2) <p class="price">тАж</p> aka playwright.$("p:has-text("1 500 тВм HT") >> nth=0")
    3) <p class="note">тАж</p> aka playwright.$("text=A 4,8/5")
    4) <p>тАж</p> aka playwright.$("text=Session garantie 17/07/2023 - Classe ├а distance")
    5) <p>JVSVUE-AV | Perfectionnement┬а/ Avanc├й</p> aka playwright.$("text=JVSVUE-AV | Perfectionnement / Avanc├й")
    6) <p class="price">тАж</p> aka playwright.$("p:has-text("1 320 тВм HT")")
    7) <p class="note">тАж</p> aka playwright.$(".show-more-results > div > .formation > div > .note >> nth=0")

============================================================
    at D:\scrapping\m2i\src\index.ts:59:33
    at fulfilled (D:\scrapping\m2i\src\index.ts:5:58)
You have triggered an unhandledRejection, you may have forgotten to catch a Promise rejection:
locator.innerHTML: Timeout 30000ms exceeded.
=========================== logs ===========================
waiting for selector "div.col:nth-child(1)>article>div.adjust>p:nth-child(1)"
============================================================
    at D:\scrapping\m2i\src\index.ts:59:33
    at fulfilled (D:\scrapping\m2i\src\index.ts:5:58)
You have triggered an unhandledRejection, you may have forgotten to catch a Promise rejection:
locator.innerHTML: Timeout 30000ms exceeded.
=========================== logs ===========================
waiting for selector "div.col:nth-child(1)>article>div.adjust>p:nth-child(1)"
============================================================
    at D:\scrapping\m2i\src\index.ts:59:33
    at fulfilled (D:\scrapping\m2i\src\index.ts:5:58)
You have triggered an unhandledRejection, you may have forgotten to catch a Promise rejection:
page.goto: Navigation failed because page was closed!
=========================== logs ===========================
navigating to "https://www.m2iformation.fr/recherche/?q=javascript", waiting until "load"
============================================================
    at D:\scrapping\m2i\src\index.ts:162:16
    at fulfilled (D:\scrapping\m2i\src\index.ts:5:58)
You have triggered an unhandledRejection, you may have forgotten to catch a Promise rejection:
locator.innerHTML: Target closed
=========================== logs ===========================
waiting for selector "div.col:nth-child(1)>article>div.adjust>p:nth-child(1)"
============================================================
    at D:\scrapping\m2i\src\index.ts:59:33
    at fulfilled (D:\scrapping\m2i\src\index.ts:5:58)
You have triggered an unhandledRejection, you may have forgotten to catch a Promise rejection:
locator.innerHTML: Timeout 30000ms exceeded.
=========================== logs ===========================
waiting for selector "div.col:nth-child(1)>article>div.adjust>p:nth-child(1)"
============================================================
    at D:\scrapping\m2i\src\index.ts:59:33
    at fulfilled (D:\scrapping\m2i\src\index.ts:5:58)
You have triggered an unhandledRejection, you may have forgotten to catch a Promise rejection:
locator.innerHTML: Timeout 30000ms exceeded.
=========================== logs ===========================
waiting for selector "div.col:nth-child(1)>article>div.adjust>p:nth-child(1)"
============================================================
    at D:\scrapping\m2i\src\index.ts:59:33
    at fulfilled (D:\scrapping\m2i\src\index.ts:5:58)
You have triggered an unhandledRejection, you may have forgotten to catch a Promise rejection:
page.goto: Navigation failed because page was closed!
=========================== logs ===========================
navigating to "https://www.m2iformation.fr/recherche/?q=javascript", waiting until "load"
============================================================
    at D:\scrapping\m2i\src\index.ts:161:16
    at fulfilled (D:\scrapping\m2i\src\index.ts:5:58)
You have triggered an unhandledRejection, you may have forgotten to catch a Promise rejection:
locator.innerHTML: Target closed
=========================== logs ===========================
waiting for selector "div.col:nth-child(1)>article>div.adjust>p:nth-child(1)"
============================================================
    at D:\scrapping\m2i\src\index.ts:58:33
    at fulfilled (D:\scrapping\m2i\src\index.ts:5:58)
You have triggered an unhandledRejection, you may have forgotten to catch a Promise rejection:
locator.innerHTML: Target closed
=========================== logs ===========================
waiting for selector "div.col:nth-child(1)>article>div.adjust>p:nth-child(1)"
============================================================
    at D:\scrapping\m2i\src\index.ts:58:33
    at fulfilled (D:\scrapping\m2i\src\index.ts:5:58)
You have triggered an unhandledRejection, you may have forgotten to catch a Promise rejection:
locator.innerHTML: Target closed
=========================== logs ===========================
waiting for selector "div.col:nth-child(1)>article>div.adjust>p:nth-child(1)"
============================================================
    at D:\scrapping\m2i\src\index.ts:56:33
    at fulfilled (D:\scrapping\m2i\src\index.ts:5:58)
You have triggered an unhandledRejection, you may have forgotten to catch a Promise rejection:
locator.innerHTML: Target closed
=========================== logs ===========================
waiting for selector "div.col:nth-child(1)>article>div.adjust>p:nth-child(1)"
============================================================
    at D:\scrapping\m2i\src\index.ts:56:33
    at fulfilled (D:\scrapping\m2i\src\index.ts:5:58)
You have triggered an unhandledRejection, you may have forgotten to catch a Promise rejection:
locator.innerHTML: Timeout 30000ms exceeded.
=========================== logs ===========================
waiting for selector "div.col:nth-child(1)>article>div.adjust>p:nth-child(1)"
============================================================
    at D:\scrapping\m2i\src\index.ts:56:33
    at fulfilled (D:\scrapping\m2i\src\index.ts:5:58)
You have triggered an unhandledRejection, you may have forgotten to catch a Promise rejection:
locator.innerHTML: Timeout 30000ms exceeded.
=========================== logs ===========================
waiting for selector "div.col:nth-child(1)>article>div.adjust>p:nth-child(1)"
============================================================
    at D:\scrapping\m2i\src\index.ts:53:33
    at fulfilled (D:\scrapping\m2i\src\index.ts:5:58)
You have triggered an unhandledRejection, you may have forgotten to catch a Promise rejection:
locator.innerHTML: Error: strict mode violation: "div.col:nth-child(1)>article>div.adjust" resolved to 2 elements:
    1) <div class="col large adjust">тАж</div> aka playwright.$("text=JVS-IN - JavaScript - Fondamentaux Top ventesJVS-IN | Initiation / Fondamentaux1")
    2) <div class="col large adjust">тАж</div> aka playwright.$("text=JVSVUE-AV - Vue.js - Fonctionnalit├йs avanc├йes NouveauJVSVUE-AV | Perfectionnemen")

=========================== logs ===========================
waiting for selector "div.col:nth-child(1)>article>div.adjust"
  strict mode violation: "div.col:nth-child(1)>article>div.adjust" resolved to 2 elements:
    1) <div class="col large adjust">тАж</div> aka playwright.$("text=JVS-IN - JavaScript - Fondamentaux Top ventesJVS-IN | Initiation / Fondamentaux1")
    2) <div class="col large adjust">тАж</div> aka playwright.$("text=JVSVUE-AV - Vue.js - Fonctionnalit├йs avanc├йes NouveauJVSVUE-AV | Perfectionnemen")

============================================================
    at D:\scrapping\m2i\src\index.ts:53:33
    at fulfilled (D:\scrapping\m2i\src\index.ts:5:58)
You have triggered an unhandledRejection, you may have forgotten to catch a Promise rejection:
locator.innerHTML: Error: strict mode violation: "div.col:nth-child(1)>article>div.adjust" resolved to 2 elements:
    1) <div class="col large adjust">тАж</div> aka playwright.$("text=JVS-IN - JavaScript - Fondamentaux Top ventesJVS-IN | Initiation / Fondamentaux1")
    2) <div class="col large adjust">тАж</div> aka playwright.$("text=JVSVUE-AV - Vue.js - Fonctionnalit├йs avanc├йes NouveauJVSVUE-AV | Perfectionnemen")

=========================== logs ===========================
waiting for selector "div.col:nth-child(1)>article>div.adjust"
  strict mode violation: "div.col:nth-child(1)>article>div.adjust" resolved to 2 elements:
    1) <div class="col large adjust">тАж</div> aka playwright.$("text=JVS-IN - JavaScript - Fondamentaux Top ventesJVS-IN | Initiation / Fondamentaux1")
    2) <div class="col large adjust">тАж</div> aka playwright.$("text=JVSVUE-AV - Vue.js - Fonctionnalit├йs avanc├йes NouveauJVSVUE-AV | Perfectionnemen")

============================================================
    at D:\scrapping\m2i\src\index.ts:53:33
    at fulfilled (D:\scrapping\m2i\src\index.ts:5:58)
You have triggered an unhandledRejection, you may have forgotten to catch a Promise rejection:
locator.innerHTML: Error: strict mode violation: "div.col:nth-child(1)>article>div.adjust:nth-child(1)" resolved to 2 elements:
    1) <div class="col large adjust">тАж</div> aka playwright.$("text=JVS-IN - JavaScript - Fondamentaux Top ventesJVS-IN | Initiation / Fondamentaux1")
    2) <div class="col large adjust">тАж</div> aka playwright.$("text=JVSVUE-AV - Vue.js - Fonctionnalit├йs avanc├йes NouveauJVSVUE-AV | Perfectionnemen")

=========================== logs ===========================
waiting for selector "div.col:nth-child(1)>article>div.adjust:nth-child(1)"
  strict mode violation: "div.col:nth-child(1)>article>div.adjust:nth-child(1)" resolved to 2 elements:
    1) <div class="col large adjust">тАж</div> aka playwright.$("text=JVS-IN - JavaScript - Fondamentaux Top ventesJVS-IN | Initiation / Fondamentaux1")
    2) <div class="col large adjust">тАж</div> aka playwright.$("text=JVSVUE-AV - Vue.js - Fonctionnalit├йs avanc├йes NouveauJVSVUE-AV | Perfectionnemen")

============================================================
    at D:\scrapping\m2i\src\index.ts:53:33
    at fulfilled (D:\scrapping\m2i\src\index.ts:5:58)
You have triggered an unhandledRejection, you may have forgotten to catch a Promise rejection:
locator.innerHTML: Timeout 30000ms exceeded.
=========================== logs ===========================
waiting for selector "div.col:nth-child(1)>article>div.col>p:nth-child(1)"
============================================================
    at D:\scrapping\m2i\src\index.ts:53:33
    at fulfilled (D:\scrapping\m2i\src\index.ts:5:58)
You have triggered an unhandledRejection, you may have forgotten to catch a Promise rejection:
locator.innerHTML: Error: strict mode violation: "div.col:nth-child(1)>article>div.col" resolved to 2 elements:
    1) <div class="col large adjust">тАж</div> aka playwright.$("text=JVS-IN - JavaScript - Fondamentaux Top ventesJVS-IN | Initiation / Fondamentaux1")
    2) <div class="col large adjust">тАж</div> aka playwright.$("text=JVSVUE-AV - Vue.js - Fonctionnalit├йs avanc├йes NouveauJVSVUE-AV | Perfectionnemen")

=========================== logs ===========================
waiting for selector "div.col:nth-child(1)>article>div.col"
  strict mode violation: "div.col:nth-child(1)>article>div.col" resolved to 2 elements:
    1) <div class="col large adjust">тАж</div> aka playwright.$("text=JVS-IN - JavaScript - Fondamentaux Top ventesJVS-IN | Initiation / Fondamentaux1")
    2) <div class="col large adjust">тАж</div> aka playwright.$("text=JVSVUE-AV - Vue.js - Fonctionnalit├йs avanc├йes NouveauJVSVUE-AV | Perfectionnemen")

============================================================
    at D:\scrapping\m2i\src\index.ts:53:33
    at fulfilled (D:\scrapping\m2i\src\index.ts:5:58)
You have triggered an unhandledRejection, you may have forgotten to catch a Promise rejection:
locator.innerHTML: Error: strict mode violation: "div.col:nth-child(1)>article>div.col>p" resolved to 7 elements:
    1) <p>JVS-IN | Initiation┬а/ Fondamentaux</p> aka playwright.$("text=JVS-IN | Initiation / Fondamentaux")
    2) <p class="price">тАж</p> aka playwright.$("p:has-text("1 500 тВм HT") >> nth=0")
    3) <p class="note">тАж</p> aka playwright.$("text=A 4,8/5")
    4) <p>тАж</p> aka playwright.$("text=Session garantie 17/07/2023 - Classe ├а distance")
    5) <p>JVSVUE-AV | Perfectionnement┬а/ Avanc├й</p> aka playwright.$("text=JVSVUE-AV | Perfectionnement / Avanc├й")
    6) <p class="price">тАж</p> aka playwright.$("p:has-text("1 320 тВм HT")")
    7) <p class="note">тАж</p> aka playwright.$(".show-more-results > div > .formation > div > .note >> nth=0")

=========================== logs ===========================
waiting for selector "div.col:nth-child(1)>article>div.col>p"
  strict mode violation: "div.col:nth-child(1)>article>div.col>p" resolved to 7 elements:
    1) <p>JVS-IN | Initiation┬а/ Fondamentaux</p> aka playwright.$("text=JVS-IN | Initiation / Fondamentaux")
    2) <p class="price">тАж</p> aka playwright.$("p:has-text("1 500 тВм HT") >> nth=0")
    3) <p class="note">тАж</p> aka playwright.$("text=A 4,8/5")
    4) <p>тАж</p> aka playwright.$("text=Session garantie 17/07/2023 - Classe ├а distance")
    5) <p>JVSVUE-AV | Perfectionnement┬а/ Avanc├й</p> aka playwright.$("text=JVSVUE-AV | Perfectionnement / Avanc├й")
    6) <p class="price">тАж</p> aka playwright.$("p:has-text("1 320 тВм HT")")
    7) <p class="note">тАж</p> aka playwright.$(".show-more-results > div > .formation > div > .note >> nth=0")

============================================================
    at D:\scrapping\m2i\src\index.ts:53:33
    at fulfilled (D:\scrapping\m2i\src\index.ts:5:58)
You have triggered an unhandledRejection, you may have forgotten to catch a Promise rejection:
locator.innerHTML: Timeout 30000ms exceeded.
=========================== logs ===========================
waiting for selector "div.col:nth-child(1)>article>div.col>p:nth-child(1)"
============================================================
    at D:\scrapping\m2i\src\index.ts:53:33
    at fulfilled (D:\scrapping\m2i\src\index.ts:5:58)
You have triggered an unhandledRejection, you may have forgotten to catch a Promise rejection:
locator.innerHTML: Error: strict mode violation: "div.col:nth-child(1)>article>div.col>p" resolved to 7 elements:
    1) <p>JVS-IN | Initiation┬а/ Fondamentaux</p> aka playwright.$("text=JVS-IN | Initiation / Fondamentaux")
    2) <p class="price">тАж</p> aka playwright.$("p:has-text("1 500 тВм HT") >> nth=0")
    3) <p class="note">тАж</p> aka playwright.$("text=A 4,8/5")
    4) <p>тАж</p> aka playwright.$("text=Session garantie 17/07/2023 - Classe ├а distance")
    5) <p>JVSVUE-AV | Perfectionnement┬а/ Avanc├й</p> aka playwright.$("text=JVSVUE-AV | Perfectionnement / Avanc├й")
    6) <p class="price">тАж</p> aka playwright.$("p:has-text("1 320 тВм HT")")
    7) <p class="note">тАж</p> aka playwright.$(".show-more-results > div > .formation > div > .note >> nth=0")

=========================== logs ===========================
waiting for selector "div.col:nth-child(1)>article>div.col>p"
  strict mode violation: "div.col:nth-child(1)>article>div.col>p" resolved to 7 elements:
    1) <p>JVS-IN | Initiation┬а/ Fondamentaux</p> aka playwright.$("text=JVS-IN | Initiation / Fondamentaux")
    2) <p class="price">тАж</p> aka playwright.$("p:has-text("1 500 тВм HT") >> nth=0")
    3) <p class="note">тАж</p> aka playwright.$("text=A 4,8/5")
    4) <p>тАж</p> aka playwright.$("text=Session garantie 17/07/2023 - Classe ├а distance")
    5) <p>JVSVUE-AV | Perfectionnement┬а/ Avanc├й</p> aka playwright.$("text=JVSVUE-AV | Perfectionnement / Avanc├й")
    6) <p class="price">тАж</p> aka playwright.$("p:has-text("1 320 тВм HT")")
    7) <p class="note">тАж</p> aka playwright.$(".show-more-results > div > .formation > div > .note >> nth=0")

============================================================
    at D:\scrapping\m2i\src\index.ts:53:33
    at fulfilled (D:\scrapping\m2i\src\index.ts:5:58)
You have triggered an unhandledRejection, you may have forgotten to catch a Promise rejection:
locator.innerHTML: Error: strict mode violation: "div.col:nth-child(1)>article>div.col>p" resolved to 7 elements:
    1) <p>JVS-IN | Initiation┬а/ Fondamentaux</p> aka playwright.$("text=JVS-IN | Initiation / Fondamentaux")
    2) <p class="price">тАж</p> aka playwright.$("p:has-text("1 500 тВм HT") >> nth=0")
    3) <p class="note">тАж</p> aka playwright.$("text=A 4,8/5")
    4) <p>тАж</p> aka playwright.$("text=Session garantie 17/07/2023 - Classe ├а distance")
    5) <p>JVSVUE-AV | Perfectionnement┬а/ Avanc├й</p> aka playwright.$("text=JVSVUE-AV | Perfectionnement / Avanc├й")
    6) <p class="price">тАж</p> aka playwright.$("p:has-text("1 320 тВм HT")")
    7) <p class="note">тАж</p> aka playwright.$(".show-more-results > div > .formation > div > .note >> nth=0")

=========================== logs ===========================
waiting for selector "div.col:nth-child(1)>article>div.col>p"
  strict mode violation: "div.col:nth-child(1)>article>div.col>p" resolved to 7 elements:
    1) <p>JVS-IN | Initiation┬а/ Fondamentaux</p> aka playwright.$("text=JVS-IN | Initiation / Fondamentaux")
    2) <p class="price">тАж</p> aka playwright.$("p:has-text("1 500 тВм HT") >> nth=0")
    3) <p class="note">тАж</p> aka playwright.$("text=A 4,8/5")
    4) <p>тАж</p> aka playwright.$("text=Session garantie 17/07/2023 - Classe ├а distance")
    5) <p>JVSVUE-AV | Perfectionnement┬а/ Avanc├й</p> aka playwright.$("text=JVSVUE-AV | Perfectionnement / Avanc├й")
    6) <p class="price">тАж</p> aka playwright.$("p:has-text("1 320 тВм HT")")
    7) <p class="note">тАж</p> aka playwright.$(".show-more-results > div > .formation > div > .note >> nth=0")

============================================================
    at D:\scrapping\m2i\src\index.ts:53:33
    at fulfilled (D:\scrapping\m2i\src\index.ts:5:58)
You have triggered an unhandledRejection, you may have forgotten to catch a Promise rejection:
locator.innerHTML: Error: strict mode violation: "div.col:nth-child(1)>article>div.col>p" resolved to 7 elements:
    1) <p>JVS-IN | Initiation┬а/ Fondamentaux</p> aka playwright.$("text=JVS-IN | Initiation / Fondamentaux")
    2) <p class="price">тАж</p> aka playwright.$("p:has-text("1 500 тВм HT") >> nth=0")
    3) <p class="note">тАж</p> aka playwright.$("text=A 4,8/5")
    4) <p>тАж</p> aka playwright.$("text=Session garantie 17/07/2023 - Classe ├а distance")
    5) <p>JVSVUE-AV | Perfectionnement┬а/ Avanc├й</p> aka playwright.$("text=JVSVUE-AV | Perfectionnement / Avanc├й")
    6) <p class="price">тАж</p> aka playwright.$("p:has-text("1 320 тВм HT")")
    7) <p class="note">тАж</p> aka playwright.$(".show-more-results > div > .formation > div > .note >> nth=0")

=========================== logs ===========================
waiting for selector "div.col:nth-child(1)>article>div.col>p"
  strict mode violation: "div.col:nth-child(1)>article>div.col>p" resolved to 7 elements:
    1) <p>JVS-IN | Initiation┬а/ Fondamentaux</p> aka playwright.$("text=JVS-IN | Initiation / Fondamentaux")
    2) <p class="price">тАж</p> aka playwright.$("p:has-text("1 500 тВм HT") >> nth=0")
    3) <p class="note">тАж</p> aka playwright.$("text=A 4,8/5")
    4) <p>тАж</p> aka playwright.$("text=Session garantie 17/07/2023 - Classe ├а distance")
    5) <p>JVSVUE-AV | Perfectionnement┬а/ Avanc├й</p> aka playwright.$("text=JVSVUE-AV | Perfectionnement / Avanc├й")
    6) <p class="price">тАж</p> aka playwright.$("p:has-text("1 320 тВм HT")")
    7) <p class="note">тАж</p> aka playwright.$(".show-more-results > div > .formation > div > .note >> nth=0")

============================================================
    at D:\scrapping\m2i\src\index.ts:53:33
    at fulfilled (D:\scrapping\m2i\src\index.ts:5:58)
You have triggered an unhandledRejection, you may have forgotten to catch a Promise rejection:
locator.innerHTML: Timeout 30000ms exceeded.
=========================== logs ===========================
waiting for selector "div.col:nth-child(16)>article>div.col>p >> nth=0"
============================================================
    at D:\scrapping\m2i\src\index.ts:53:33
    at fulfilled (D:\scrapping\m2i\src\index.ts:5:58)
You have triggered an unhandledRejection, you may have forgotten to catch a Promise rejection:
locator.innerHTML: Timeout 30000ms exceeded.
=========================== logs ===========================
waiting for selector "div.col:nth-child(16)>article>div.col>p >> nth=0"
============================================================
    at D:\scrapping\m2i\src\index.ts:53:33
    at fulfilled (D:\scrapping\m2i\src\index.ts:5:58)
You have triggered an unhandledRejection, you may have forgotten to catch a Promise rejection:
locator.innerHTML: Timeout 30000ms exceeded.
=========================== logs ===========================
waiting for selector "div.col:nth-child(16)>article>div.col>p >> nth=0"
============================================================
    at D:\scrapping\m2i\src\index.ts:53:33
    at fulfilled (D:\scrapping\m2i\src\index.ts:5:58)
You have triggered an unhandledRejection, you may have forgotten to catch a Promise rejection:
locator.innerHTML: Timeout 30000ms exceeded.
=========================== logs ===========================
waiting for selector "div.col:nth-child(16)>article.formation>div.col>p >> nth=0"
============================================================
    at D:\scrapping\m2i\src\index.ts:53:33
    at fulfilled (D:\scrapping\m2i\src\index.ts:5:58)
You have triggered an unhandledRejection, you may have forgotten to catch a Promise rejection:
locator.innerHTML: Timeout 30000ms exceeded.
=========================== logs ===========================
waiting for selector "div.col:nth-child(16)>article.formation>div.col>p >> nth=0"
============================================================
    at D:\scrapping\m2i\src\index.ts:55:33
    at fulfilled (D:\scrapping\m2i\src\index.ts:5:58)
You have triggered an unhandledRejection, you may have forgotten to catch a Promise rejection:
locator.innerHTML: Timeout 30000ms exceeded.
=========================== logs ===========================
waiting for selector "div.col:nth-child(16)>article.formation>div.col>p >> nth=0"
============================================================
    at D:\scrapping\m2i\src\index.ts:63:35
    at fulfilled (D:\scrapping\m2i\src\index.ts:5:58)
You have triggered an unhandledRejection, you may have forgotten to catch a Promise rejection:
locator.innerHTML: Timeout 30000ms exceeded.
=========================== logs ===========================
waiting for selector "div.col:nth-child(16)>article.formation>div.col>p >> nth=0"
============================================================
    at D:\scrapping\m2i\src\index.ts:62:35
    at fulfilled (D:\scrapping\m2i\src\index.ts:5:58)
TSError: тип Unable to compile TypeScript:
src/index.ts(62,13): error TS2304: Cannot find name 'bouton'.

    at createTSError (C:\Users\busit\AppData\Roaming\nvm\v18.12.1\node_modules\pm2\node_modules\ts-node\src\index.ts:859:12)
    at reportTSError (C:\Users\busit\AppData\Roaming\nvm\v18.12.1\node_modules\pm2\node_modules\ts-node\src\index.ts:863:19)
    at getOutput (C:\Users\busit\AppData\Roaming\nvm\v18.12.1\node_modules\pm2\node_modules\ts-node\src\index.ts:1077:36)
    at Object.compile (C:\Users\busit\AppData\Roaming\nvm\v18.12.1\node_modules\pm2\node_modules\ts-node\src\index.ts:1433:41)
    at Module.m._compile (C:\Users\busit\AppData\Roaming\nvm\v18.12.1\node_modules\pm2\node_modules\ts-node\src\index.ts:1617:30)
    at Module._extensions..js (node:internal/modules/cjs/loader:1213:10)
    at Object.require.extensions.<computed> [as .ts] (C:\Users\busit\AppData\Roaming\nvm\v18.12.1\node_modules\pm2\node_modules\ts-node\src\index.ts:1621:12)
    at Module.load (node:internal/modules/cjs/loader:1037:32)
    at Function.Module._load (node:internal/modules/cjs/loader:878:12)
    at C:\Users\busit\AppData\Roaming\nvm\v18.12.1\node_modules\pm2\lib\ProcessContainer.js:303:25
Channel is already closed can't broadcast error:
TypeError: Converting circular structure to JSON
    --> starting at object with constructor 'SourceFileObject'
    |     property 'statements' -> object with constructor 'Array'
    |     index 0 -> object with constructor 'NodeObject'
    --- property 'parent' closes the circle
    at stringify (<anonymous>)
    at writeChannelMessage (node:internal/child_process/serialization:159:20)
    at process.target._send (node:internal/child_process:838:17)
    at process.target.send (node:internal/child_process:738:19)
    at process.send (C:\Users\busit\AppData\Roaming\nvm\v18.12.1\node_modules\pm2\lib\ProcessContainer.js:51:21)
    at process.uncaughtListener (C:\Users\busit\AppData\Roaming\nvm\v18.12.1\node_modules\pm2\lib\ProcessContainer.js:275:19)
    at process.emit (node:events:525:35)
    at process.emit (node:domain:489:12)
    at process.emit.sharedData.processEmitHook.installedValue [as emit] (C:\Users\busit\AppData\Roaming\nvm\v18.12.1\node_modules\pm2\node_modules\@cspotcode\source-map-support\source-map-support.js:745:40)
    at process._fatalException (node:internal/process/execution:149:25)
You have triggered an unhandledRejection, you may have forgotten to catch a Promise rejection:
page.click: Timeout 30000ms exceeded.
=========================== logs ===========================
waiting for selector ".show-more-results"
  selector resolved to 2 elements. Proceeding with the first one.
  selector resolved to hidden <div class="show-more-results">тАж</div>
attempting click action
  waiting for element to be visible, enabled and stable
    element is not visible - waiting...
============================================================
    at D:\scrapping\m2i\src\index.ts:61:33
    at rejected (D:\scrapping\m2i\src\index.ts:6:65)
You have triggered an unhandledRejection, you may have forgotten to catch a Promise rejection:
TypeError: Cannot read properties of undefined (reading 'click')
    at D:\scrapping\m2i\src\index.ts:62:20
    at Generator.next (<anonymous>)
    at fulfilled (D:\scrapping\m2i\src\index.ts:5:58)
You have triggered an unhandledRejection, you may have forgotten to catch a Promise rejection:
TypeError: Cannot read properties of undefined (reading 'click')
    at D:\scrapping\m2i\src\index.ts:63:20
    at Generator.next (<anonymous>)
    at fulfilled (D:\scrapping\m2i\src\index.ts:5:58)
You have triggered an unhandledRejection, you may have forgotten to catch a Promise rejection:
locator.click: Error: strict mode violation: "div.wrap>p>a" resolved to 19 elements:
    1) <a href="./recherche/?q=javascript&t=new">Nouveaut├йs</a> aka playwright.$("role=link[name="Nouveaut├йs"]")
    2) <a href="./recherche/?q=javascript&t=top">Top ventes</a> aka playwright.$("role=link[name="Top ventes"]")
    3) <a href="./recherche/?q=javascript&n=1">Initiation┬а/ Fondamentaux</a> aka playwright.$("role=link[name="Initiation / Fondamentaux"]")
    4) <a href="./recherche/?q=javascript&n=2">Perfectionnement┬а/ Avanc├й</a> aka playwright.$("role=link[name="Perfectionnement / Avanc├й"]")
    5) <a href="./recherche/?q=javascript&n=3">Expertise</a> aka playwright.$("role=link[name="Expertise"]")
    6) <a href="./recherche/?q=javascript&f=ac">Actions collectives (AC)</a> aka playwright.$("role=link[name="Actions collectives (AC)"]")
    7) <a href="./recherche/?q=javascript&m=presentiel">Pr├йsentiel</a> aka playwright.$("role=link[name="Pr├йsentiel"]")
    8) <a href="./recherche/?q=javascript&m=distance">Classe ├а distance</a> aka playwright.$("role=link[name="Classe ├а distance"]")
    9) <a href="./recherche/?q=javascript&d=7">1┬аjour</a> aka playwright.$("role=link[name="1 jour"]")
    10) <a href="./recherche/?q=javascript&d=14">2┬аjours</a> aka playwright.$("role=link[name="2 jours"]")
    ...

=========================== logs ===========================
waiting for selector "div.wrap>p>a"
  strict mode violation: "div.wrap>p>a" resolved to 19 elements:
    1) <a href="./recherche/?q=javascript&t=new">Nouveaut├йs</a> aka playwright.$("role=link[name="Nouveaut├йs"]")
    2) <a href="./recherche/?q=javascript&t=top">Top ventes</a> aka playwright.$("role=link[name="Top ventes"]")
    3) <a href="./recherche/?q=javascript&n=1">Initiation┬а/ Fondamentaux</a> aka playwright.$("role=link[name="Initiation / Fondamentaux"]")
    4) <a href="./recherche/?q=javascript&n=2">Perfectionnement┬а/ Avanc├й</a> aka playwright.$("role=link[name="Perfectionnement / Avanc├й"]")
    5) <a href="./recherche/?q=javascript&n=3">Expertise</a> aka playwright.$("role=link[name="Expertise"]")
    6) <a href="./recherche/?q=javascript&f=ac">Actions collectives (AC)</a> aka playwright.$("role=link[name="Actions collectives (AC)"]")
    7) <a href="./recherche/?q=javascript&m=presentiel">Pr├йsentiel</a> aka playwright.$("role=link[name="Pr├йsentiel"]")
    8) <a href="./recherche/?q=javascript&m=distance">Classe ├а distance</a> aka playwright.$("role=link[name="Classe ├а distance"]")
    9) <a href="./recherche/?q=javascript&d=7">1┬аjour</a> aka playwright.$("role=link[name="1 jour"]")
    10) <a href="./recherche/?q=javascript&d=14">2┬аjours</a> aka playwright.$("role=link[name="2 jours"]")
    ...

============================================================
    at D:\scrapping\m2i\src\index.ts:63:20
    at fulfilled (D:\scrapping\m2i\src\index.ts:5:58)
You have triggered an unhandledRejection, you may have forgotten to catch a Promise rejection:
locator.innerHTML: Timeout 30000ms exceeded.
=========================== logs ===========================
waiting for selector "div.col:nth-child(16)>article.formation>div.col>p >> nth=0"
============================================================
    at D:\scrapping\m2i\src\index.ts:66:35
    at fulfilled (D:\scrapping\m2i\src\index.ts:5:58)
You have triggered an unhandledRejection, you may have forgotten to catch a Promise rejection:
locator.allInnerTexts: Target closed
    at D:\scrapping\m2i\src\index.ts:58:27
    at fulfilled (D:\scrapping\m2i\src\index.ts:5:58)
TSError: тип Unable to compile TypeScript:
src/index.ts(66,21): error TS7006: Parameter 'name' implicitly has an 'any' type.
src/index.ts(84,9): error TS2554: Expected 1 arguments, but got 0.

    at createTSError (C:\Users\busit\AppData\Roaming\nvm\v18.12.1\node_modules\pm2\node_modules\ts-node\src\index.ts:859:12)
    at reportTSError (C:\Users\busit\AppData\Roaming\nvm\v18.12.1\node_modules\pm2\node_modules\ts-node\src\index.ts:863:19)
    at getOutput (C:\Users\busit\AppData\Roaming\nvm\v18.12.1\node_modules\pm2\node_modules\ts-node\src\index.ts:1077:36)
    at Object.compile (C:\Users\busit\AppData\Roaming\nvm\v18.12.1\node_modules\pm2\node_modules\ts-node\src\index.ts:1433:41)
    at Module.m._compile (C:\Users\busit\AppData\Roaming\nvm\v18.12.1\node_modules\pm2\node_modules\ts-node\src\index.ts:1617:30)
    at Module._extensions..js (node:internal/modules/cjs/loader:1213:10)
    at Object.require.extensions.<computed> [as .ts] (C:\Users\busit\AppData\Roaming\nvm\v18.12.1\node_modules\pm2\node_modules\ts-node\src\index.ts:1621:12)
    at Module.load (node:internal/modules/cjs/loader:1037:32)
    at Function.Module._load (node:internal/modules/cjs/loader:878:12)
    at C:\Users\busit\AppData\Roaming\nvm\v18.12.1\node_modules\pm2\lib\ProcessContainer.js:303:25
Channel is already closed can't broadcast error:
TypeError: Converting circular structure to JSON
    --> starting at object with constructor 'SourceFileObject'
    |     property 'statements' -> object with constructor 'Array'
    |     index 0 -> object with constructor 'NodeObject'
    --- property 'parent' closes the circle
    at stringify (<anonymous>)
    at writeChannelMessage (node:internal/child_process/serialization:159:20)
    at process.target._send (node:internal/child_process:838:17)
    at process.target.send (node:internal/child_process:738:19)
    at process.send (C:\Users\busit\AppData\Roaming\nvm\v18.12.1\node_modules\pm2\lib\ProcessContainer.js:51:21)
    at process.uncaughtListener (C:\Users\busit\AppData\Roaming\nvm\v18.12.1\node_modules\pm2\lib\ProcessContainer.js:275:19)
    at process.emit (node:events:525:35)
    at process.emit (node:domain:489:12)
    at process.emit.sharedData.processEmitHook.installedValue [as emit] (C:\Users\busit\AppData\Roaming\nvm\v18.12.1\node_modules\pm2\node_modules\@cspotcode\source-map-support\source-map-support.js:745:40)
    at process._fatalException (node:internal/process/execution:149:25)
TSError: тип Unable to compile TypeScript:
src/index.ts(66,21): error TS7006: Parameter 'name' implicitly has an 'any' type.
src/index.ts(84,9): error TS2554: Expected 1 arguments, but got 0.

    at createTSError (C:\Users\busit\AppData\Roaming\nvm\v18.12.1\node_modules\pm2\node_modules\ts-node\src\index.ts:859:12)
    at reportTSError (C:\Users\busit\AppData\Roaming\nvm\v18.12.1\node_modules\pm2\node_modules\ts-node\src\index.ts:863:19)
    at getOutput (C:\Users\busit\AppData\Roaming\nvm\v18.12.1\node_modules\pm2\node_modules\ts-node\src\index.ts:1077:36)
    at Object.compile (C:\Users\busit\AppData\Roaming\nvm\v18.12.1\node_modules\pm2\node_modules\ts-node\src\index.ts:1433:41)
    at Module.m._compile (C:\Users\busit\AppData\Roaming\nvm\v18.12.1\node_modules\pm2\node_modules\ts-node\src\index.ts:1617:30)
    at Module._extensions..js (node:internal/modules/cjs/loader:1213:10)
    at Object.require.extensions.<computed> [as .ts] (C:\Users\busit\AppData\Roaming\nvm\v18.12.1\node_modules\pm2\node_modules\ts-node\src\index.ts:1621:12)
    at Module.load (node:internal/modules/cjs/loader:1037:32)
    at Function.Module._load (node:internal/modules/cjs/loader:878:12)
    at C:\Users\busit\AppData\Roaming\nvm\v18.12.1\node_modules\pm2\lib\ProcessContainer.js:303:25
Channel is already closed can't broadcast error:
TypeError: Converting circular structure to JSON
    --> starting at object with constructor 'SourceFileObject'
    |     property 'statements' -> object with constructor 'Array'
    |     index 0 -> object with constructor 'NodeObject'
    --- property 'parent' closes the circle
    at stringify (<anonymous>)
    at writeChannelMessage (node:internal/child_process/serialization:159:20)
    at process.target._send (node:internal/child_process:838:17)
    at process.target.send (node:internal/child_process:738:19)
    at process.send (C:\Users\busit\AppData\Roaming\nvm\v18.12.1\node_modules\pm2\lib\ProcessContainer.js:51:21)
    at process.uncaughtListener (C:\Users\busit\AppData\Roaming\nvm\v18.12.1\node_modules\pm2\lib\ProcessContainer.js:275:19)
    at process.emit (node:events:525:35)
    at process.emit (node:domain:489:12)
    at process.emit.sharedData.processEmitHook.installedValue [as emit] (C:\Users\busit\AppData\Roaming\nvm\v18.12.1\node_modules\pm2\node_modules\@cspotcode\source-map-support\source-map-support.js:745:40)
    at process._fatalException (node:internal/process/execution:149:25)
TSError: тип Unable to compile TypeScript:
src/index.ts(66,21): error TS7006: Parameter 'name' implicitly has an 'any' type.

    at createTSError (C:\Users\busit\AppData\Roaming\nvm\v18.12.1\node_modules\pm2\node_modules\ts-node\src\index.ts:859:12)
    at reportTSError (C:\Users\busit\AppData\Roaming\nvm\v18.12.1\node_modules\pm2\node_modules\ts-node\src\index.ts:863:19)
    at getOutput (C:\Users\busit\AppData\Roaming\nvm\v18.12.1\node_modules\pm2\node_modules\ts-node\src\index.ts:1077:36)
    at Object.compile (C:\Users\busit\AppData\Roaming\nvm\v18.12.1\node_modules\pm2\node_modules\ts-node\src\index.ts:1433:41)
    at Module.m._compile (C:\Users\busit\AppData\Roaming\nvm\v18.12.1\node_modules\pm2\node_modules\ts-node\src\index.ts:1617:30)
    at Module._extensions..js (node:internal/modules/cjs/loader:1213:10)
    at Object.require.extensions.<computed> [as .ts] (C:\Users\busit\AppData\Roaming\nvm\v18.12.1\node_modules\pm2\node_modules\ts-node\src\index.ts:1621:12)
    at Module.load (node:internal/modules/cjs/loader:1037:32)
    at Function.Module._load (node:internal/modules/cjs/loader:878:12)
    at C:\Users\busit\AppData\Roaming\nvm\v18.12.1\node_modules\pm2\lib\ProcessContainer.js:303:25
Channel is already closed can't broadcast error:
TypeError: Converting circular structure to JSON
    --> starting at object with constructor 'SourceFileObject'
    |     property 'statements' -> object with constructor 'Array'
    |     index 0 -> object with constructor 'NodeObject'
    --- property 'parent' closes the circle
    at stringify (<anonymous>)
    at writeChannelMessage (node:internal/child_process/serialization:159:20)
    at process.target._send (node:internal/child_process:838:17)
    at process.target.send (node:internal/child_process:738:19)
    at process.send (C:\Users\busit\AppData\Roaming\nvm\v18.12.1\node_modules\pm2\lib\ProcessContainer.js:51:21)
    at process.uncaughtListener (C:\Users\busit\AppData\Roaming\nvm\v18.12.1\node_modules\pm2\lib\ProcessContainer.js:275:19)
    at process.emit (node:events:525:35)
    at process.emit (node:domain:489:12)
    at process.emit.sharedData.processEmitHook.installedValue [as emit] (C:\Users\busit\AppData\Roaming\nvm\v18.12.1\node_modules\pm2\node_modules\@cspotcode\source-map-support\source-map-support.js:745:40)
    at process._fatalException (node:internal/process/execution:149:25)
TSError: тип Unable to compile TypeScript:
src/index.ts(86,28): error TS2554: Expected 1 arguments, but got 2.

    at createTSError (C:\Users\busit\AppData\Roaming\nvm\v18.12.1\node_modules\pm2\node_modules\ts-node\src\index.ts:859:12)
    at reportTSError (C:\Users\busit\AppData\Roaming\nvm\v18.12.1\node_modules\pm2\node_modules\ts-node\src\index.ts:863:19)
    at getOutput (C:\Users\busit\AppData\Roaming\nvm\v18.12.1\node_modules\pm2\node_modules\ts-node\src\index.ts:1077:36)
    at Object.compile (C:\Users\busit\AppData\Roaming\nvm\v18.12.1\node_modules\pm2\node_modules\ts-node\src\index.ts:1433:41)
    at Module.m._compile (C:\Users\busit\AppData\Roaming\nvm\v18.12.1\node_modules\pm2\node_modules\ts-node\src\index.ts:1617:30)
    at Module._extensions..js (node:internal/modules/cjs/loader:1213:10)
    at Object.require.extensions.<computed> [as .ts] (C:\Users\busit\AppData\Roaming\nvm\v18.12.1\node_modules\pm2\node_modules\ts-node\src\index.ts:1621:12)
    at Module.load (node:internal/modules/cjs/loader:1037:32)
    at Function.Module._load (node:internal/modules/cjs/loader:878:12)
    at C:\Users\busit\AppData\Roaming\nvm\v18.12.1\node_modules\pm2\lib\ProcessContainer.js:303:25
Channel is already closed can't broadcast error:
TypeError: Converting circular structure to JSON
    --> starting at object with constructor 'SourceFileObject'
    |     property 'statements' -> object with constructor 'Array'
    |     index 0 -> object with constructor 'NodeObject'
    --- property 'parent' closes the circle
    at stringify (<anonymous>)
    at writeChannelMessage (node:internal/child_process/serialization:159:20)
    at process.target._send (node:internal/child_process:838:17)
    at process.target.send (node:internal/child_process:738:19)
    at process.send (C:\Users\busit\AppData\Roaming\nvm\v18.12.1\node_modules\pm2\lib\ProcessContainer.js:51:21)
    at process.uncaughtListener (C:\Users\busit\AppData\Roaming\nvm\v18.12.1\node_modules\pm2\lib\ProcessContainer.js:275:19)
    at process.emit (node:events:525:35)
    at process.emit (node:domain:489:12)
    at process.emit.sharedData.processEmitHook.installedValue [as emit] (C:\Users\busit\AppData\Roaming\nvm\v18.12.1\node_modules\pm2\node_modules\@cspotcode\source-map-support\source-map-support.js:745:40)
    at process._fatalException (node:internal/process/execution:149:25)
TSError: тип Unable to compile TypeScript:
src/index.ts(66,39): error TS2314: Generic type 'Array<T>' requires 1 type argument(s).

    at createTSError (C:\Users\busit\AppData\Roaming\nvm\v18.12.1\node_modules\pm2\node_modules\ts-node\src\index.ts:859:12)
    at reportTSError (C:\Users\busit\AppData\Roaming\nvm\v18.12.1\node_modules\pm2\node_modules\ts-node\src\index.ts:863:19)
    at getOutput (C:\Users\busit\AppData\Roaming\nvm\v18.12.1\node_modules\pm2\node_modules\ts-node\src\index.ts:1077:36)
    at Object.compile (C:\Users\busit\AppData\Roaming\nvm\v18.12.1\node_modules\pm2\node_modules\ts-node\src\index.ts:1433:41)
    at Module.m._compile (C:\Users\busit\AppData\Roaming\nvm\v18.12.1\node_modules\pm2\node_modules\ts-node\src\index.ts:1617:30)
    at Module._extensions..js (node:internal/modules/cjs/loader:1213:10)
    at Object.require.extensions.<computed> [as .ts] (C:\Users\busit\AppData\Roaming\nvm\v18.12.1\node_modules\pm2\node_modules\ts-node\src\index.ts:1621:12)
    at Module.load (node:internal/modules/cjs/loader:1037:32)
    at Function.Module._load (node:internal/modules/cjs/loader:878:12)
    at C:\Users\busit\AppData\Roaming\nvm\v18.12.1\node_modules\pm2\lib\ProcessContainer.js:303:25
Channel is already closed can't broadcast error:
TypeError: Converting circular structure to JSON
    --> starting at object with constructor 'SourceFileObject'
    |     property 'statements' -> object with constructor 'Array'
    |     index 0 -> object with constructor 'NodeObject'
    --- property 'parent' closes the circle
    at stringify (<anonymous>)
    at writeChannelMessage (node:internal/child_process/serialization:159:20)
    at process.target._send (node:internal/child_process:838:17)
    at process.target.send (node:internal/child_process:738:19)
    at process.send (C:\Users\busit\AppData\Roaming\nvm\v18.12.1\node_modules\pm2\lib\ProcessContainer.js:51:21)
    at process.uncaughtListener (C:\Users\busit\AppData\Roaming\nvm\v18.12.1\node_modules\pm2\lib\ProcessContainer.js:275:19)
    at process.emit (node:events:525:35)
    at process.emit (node:domain:489:12)
    at process.emit.sharedData.processEmitHook.installedValue [as emit] (C:\Users\busit\AppData\Roaming\nvm\v18.12.1\node_modules\pm2\node_modules\@cspotcode\source-map-support\source-map-support.js:745:40)
    at process._fatalException (node:internal/process/execution:149:25)
TSError: тип Unable to compile TypeScript:
src/index.ts(66,39): error TS2314: Generic type 'Array<T>' requires 1 type argument(s).
src/index.ts(66,45): error TS2538: Type 'object' cannot be used as an index type.

    at createTSError (C:\Users\busit\AppData\Roaming\nvm\v18.12.1\node_modules\pm2\node_modules\ts-node\src\index.ts:859:12)
    at reportTSError (C:\Users\busit\AppData\Roaming\nvm\v18.12.1\node_modules\pm2\node_modules\ts-node\src\index.ts:863:19)
    at getOutput (C:\Users\busit\AppData\Roaming\nvm\v18.12.1\node_modules\pm2\node_modules\ts-node\src\index.ts:1077:36)
    at Object.compile (C:\Users\busit\AppData\Roaming\nvm\v18.12.1\node_modules\pm2\node_modules\ts-node\src\index.ts:1433:41)
    at Module.m._compile (C:\Users\busit\AppData\Roaming\nvm\v18.12.1\node_modules\pm2\node_modules\ts-node\src\index.ts:1617:30)
    at Module._extensions..js (node:internal/modules/cjs/loader:1213:10)
    at Object.require.extensions.<computed> [as .ts] (C:\Users\busit\AppData\Roaming\nvm\v18.12.1\node_modules\pm2\node_modules\ts-node\src\index.ts:1621:12)
    at Module.load (node:internal/modules/cjs/loader:1037:32)
    at Function.Module._load (node:internal/modules/cjs/loader:878:12)
    at C:\Users\busit\AppData\Roaming\nvm\v18.12.1\node_modules\pm2\lib\ProcessContainer.js:303:25
Channel is already closed can't broadcast error:
TypeError: Converting circular structure to JSON
    --> starting at object with constructor 'SourceFileObject'
    |     property 'statements' -> object with constructor 'Array'
    |     index 0 -> object with constructor 'NodeObject'
    --- property 'parent' closes the circle
    at stringify (<anonymous>)
    at writeChannelMessage (node:internal/child_process/serialization:159:20)
    at process.target._send (node:internal/child_process:838:17)
    at process.target.send (node:internal/child_process:738:19)
    at process.send (C:\Users\busit\AppData\Roaming\nvm\v18.12.1\node_modules\pm2\lib\ProcessContainer.js:51:21)
    at process.uncaughtListener (C:\Users\busit\AppData\Roaming\nvm\v18.12.1\node_modules\pm2\lib\ProcessContainer.js:275:19)
    at process.emit (node:events:525:35)
    at process.emit (node:domain:489:12)
    at process.emit.sharedData.processEmitHook.installedValue [as emit] (C:\Users\busit\AppData\Roaming\nvm\v18.12.1\node_modules\pm2\node_modules\@cspotcode\source-map-support\source-map-support.js:745:40)
    at process._fatalException (node:internal/process/execution:149:25)
TSError: тип Unable to compile TypeScript:
src/index.ts(89,34): error TS2554: Expected 2 arguments, but got 3.
src/index.ts(90,27): error TS2554: Expected 2 arguments, but got 3.

    at createTSError (C:\Users\busit\AppData\Roaming\nvm\v18.12.1\node_modules\pm2\node_modules\ts-node\src\index.ts:859:12)
    at reportTSError (C:\Users\busit\AppData\Roaming\nvm\v18.12.1\node_modules\pm2\node_modules\ts-node\src\index.ts:863:19)
    at getOutput (C:\Users\busit\AppData\Roaming\nvm\v18.12.1\node_modules\pm2\node_modules\ts-node\src\index.ts:1077:36)
    at Object.compile (C:\Users\busit\AppData\Roaming\nvm\v18.12.1\node_modules\pm2\node_modules\ts-node\src\index.ts:1433:41)
    at Module.m._compile (C:\Users\busit\AppData\Roaming\nvm\v18.12.1\node_modules\pm2\node_modules\ts-node\src\index.ts:1617:30)
    at Module._extensions..js (node:internal/modules/cjs/loader:1213:10)
    at Object.require.extensions.<computed> [as .ts] (C:\Users\busit\AppData\Roaming\nvm\v18.12.1\node_modules\pm2\node_modules\ts-node\src\index.ts:1621:12)
    at Module.load (node:internal/modules/cjs/loader:1037:32)
    at Function.Module._load (node:internal/modules/cjs/loader:878:12)
    at C:\Users\busit\AppData\Roaming\nvm\v18.12.1\node_modules\pm2\lib\ProcessContainer.js:303:25
Channel is already closed can't broadcast error:
TypeError: Converting circular structure to JSON
    --> starting at object with constructor 'SourceFileObject'
    |     property 'statements' -> object with constructor 'Array'
    |     index 0 -> object with constructor 'NodeObject'
    --- property 'parent' closes the circle
    at stringify (<anonymous>)
    at writeChannelMessage (node:internal/child_process/serialization:159:20)
    at process.target._send (node:internal/child_process:838:17)
    at process.target.send (node:internal/child_process:738:19)
    at process.send (C:\Users\busit\AppData\Roaming\nvm\v18.12.1\node_modules\pm2\lib\ProcessContainer.js:51:21)
    at process.uncaughtListener (C:\Users\busit\AppData\Roaming\nvm\v18.12.1\node_modules\pm2\lib\ProcessContainer.js:275:19)
    at process.emit (node:events:525:35)
    at process.emit (node:domain:489:12)
    at process.emit.sharedData.processEmitHook.installedValue [as emit] (C:\Users\busit\AppData\Roaming\nvm\v18.12.1\node_modules\pm2\node_modules\@cspotcode\source-map-support\source-map-support.js:745:40)
    at process._fatalException (node:internal/process/execution:149:25)
TSError: тип Unable to compile TypeScript:
src/index.ts(39,98): error TS2300: Duplicate identifier 'code'.
src/index.ts(50,7): error TS2300: Duplicate identifier 'code'.
src/index.ts(39,88): error TS2300: Duplicate identifier 'name'.
src/index.ts(51,7): error TS2300: Duplicate identifier 'name'.
src/index.ts(60,7): error TS2304: Cannot find name 'ar'.
src/index.ts(61,7): error TS2304: Cannot find name 'ar'.
src/index.ts(62,14): error TS2304: Cannot find name 'ar'.

    at createTSError (C:\Users\busit\AppData\Roaming\nvm\v18.12.1\node_modules\pm2\node_modules\ts-node\src\index.ts:859:12)
    at reportTSError (C:\Users\busit\AppData\Roaming\nvm\v18.12.1\node_modules\pm2\node_modules\ts-node\src\index.ts:863:19)
    at getOutput (C:\Users\busit\AppData\Roaming\nvm\v18.12.1\node_modules\pm2\node_modules\ts-node\src\index.ts:1077:36)
    at Object.compile (C:\Users\busit\AppData\Roaming\nvm\v18.12.1\node_modules\pm2\node_modules\ts-node\src\index.ts:1433:41)
    at Module.m._compile (C:\Users\busit\AppData\Roaming\nvm\v18.12.1\node_modules\pm2\node_modules\ts-node\src\index.ts:1617:30)
    at Module._extensions..js (node:internal/modules/cjs/loader:1213:10)
    at Object.require.extensions.<computed> [as .ts] (C:\Users\busit\AppData\Roaming\nvm\v18.12.1\node_modules\pm2\node_modules\ts-node\src\index.ts:1621:12)
    at Module.load (node:internal/modules/cjs/loader:1037:32)
    at Function.Module._load (node:internal/modules/cjs/loader:878:12)
    at C:\Users\busit\AppData\Roaming\nvm\v18.12.1\node_modules\pm2\lib\ProcessContainer.js:303:25
Channel is already closed can't broadcast error:
TypeError: Converting circular structure to JSON
    --> starting at object with constructor 'SourceFileObject'
    |     property 'statements' -> object with constructor 'Array'
    |     index 0 -> object with constructor 'NodeObject'
    --- property 'parent' closes the circle
    at stringify (<anonymous>)
    at writeChannelMessage (node:internal/child_process/serialization:159:20)
    at process.target._send (node:internal/child_process:838:17)
    at process.target.send (node:internal/child_process:738:19)
    at process.send (C:\Users\busit\AppData\Roaming\nvm\v18.12.1\node_modules\pm2\lib\ProcessContainer.js:51:21)
    at process.uncaughtListener (C:\Users\busit\AppData\Roaming\nvm\v18.12.1\node_modules\pm2\lib\ProcessContainer.js:275:19)
    at process.emit (node:events:525:35)
    at process.emit (node:domain:489:12)
    at process.emit.sharedData.processEmitHook.installedValue [as emit] (C:\Users\busit\AppData\Roaming\nvm\v18.12.1\node_modules\pm2\node_modules\@cspotcode\source-map-support\source-map-support.js:745:40)
    at process._fatalException (node:internal/process/execution:149:25)
TSError: тип Unable to compile TypeScript:
src/index.ts(58,7): error TS2304: Cannot find name 'ar'.
src/index.ts(59,7): error TS2304: Cannot find name 'ar'.
src/index.ts(60,14): error TS2304: Cannot find name 'ar'.

    at createTSError (C:\Users\busit\AppData\Roaming\nvm\v18.12.1\node_modules\pm2\node_modules\ts-node\src\index.ts:859:12)
    at reportTSError (C:\Users\busit\AppData\Roaming\nvm\v18.12.1\node_modules\pm2\node_modules\ts-node\src\index.ts:863:19)
    at getOutput (C:\Users\busit\AppData\Roaming\nvm\v18.12.1\node_modules\pm2\node_modules\ts-node\src\index.ts:1077:36)
    at Object.compile (C:\Users\busit\AppData\Roaming\nvm\v18.12.1\node_modules\pm2\node_modules\ts-node\src\index.ts:1433:41)
    at Module.m._compile (C:\Users\busit\AppData\Roaming\nvm\v18.12.1\node_modules\pm2\node_modules\ts-node\src\index.ts:1617:30)
    at Module._extensions..js (node:internal/modules/cjs/loader:1213:10)
    at Object.require.extensions.<computed> [as .ts] (C:\Users\busit\AppData\Roaming\nvm\v18.12.1\node_modules\pm2\node_modules\ts-node\src\index.ts:1621:12)
    at Module.load (node:internal/modules/cjs/loader:1037:32)
    at Function.Module._load (node:internal/modules/cjs/loader:878:12)
    at C:\Users\busit\AppData\Roaming\nvm\v18.12.1\node_modules\pm2\lib\ProcessContainer.js:303:25
Channel is already closed can't broadcast error:
TypeError: Converting circular structure to JSON
    --> starting at object with constructor 'SourceFileObject'
    |     property 'statements' -> object with constructor 'Array'
    |     index 0 -> object with constructor 'NodeObject'
    --- property 'parent' closes the circle
    at stringify (<anonymous>)
    at writeChannelMessage (node:internal/child_process/serialization:159:20)
    at process.target._send (node:internal/child_process:838:17)
    at process.target.send (node:internal/child_process:738:19)
    at process.send (C:\Users\busit\AppData\Roaming\nvm\v18.12.1\node_modules\pm2\lib\ProcessContainer.js:51:21)
    at process.uncaughtListener (C:\Users\busit\AppData\Roaming\nvm\v18.12.1\node_modules\pm2\lib\ProcessContainer.js:275:19)
    at process.emit (node:events:525:35)
    at process.emit (node:domain:489:12)
    at process.emit.sharedData.processEmitHook.installedValue [as emit] (C:\Users\busit\AppData\Roaming\nvm\v18.12.1\node_modules\pm2\node_modules\@cspotcode\source-map-support\source-map-support.js:745:40)
    at process._fatalException (node:internal/process/execution:149:25)
TSError: тип Unable to compile TypeScript:
src/index.ts(85,9): error TS2304: Cannot find name 'page'.

    at createTSError (C:\Users\busit\AppData\Roaming\nvm\v18.12.1\node_modules\pm2\node_modules\ts-node\src\index.ts:859:12)
    at reportTSError (C:\Users\busit\AppData\Roaming\nvm\v18.12.1\node_modules\pm2\node_modules\ts-node\src\index.ts:863:19)
    at getOutput (C:\Users\busit\AppData\Roaming\nvm\v18.12.1\node_modules\pm2\node_modules\ts-node\src\index.ts:1077:36)
    at Object.compile (C:\Users\busit\AppData\Roaming\nvm\v18.12.1\node_modules\pm2\node_modules\ts-node\src\index.ts:1433:41)
    at Module.m._compile (C:\Users\busit\AppData\Roaming\nvm\v18.12.1\node_modules\pm2\node_modules\ts-node\src\index.ts:1617:30)
    at Module._extensions..js (node:internal/modules/cjs/loader:1213:10)
    at Object.require.extensions.<computed> [as .ts] (C:\Users\busit\AppData\Roaming\nvm\v18.12.1\node_modules\pm2\node_modules\ts-node\src\index.ts:1621:12)
    at Module.load (node:internal/modules/cjs/loader:1037:32)
    at Function.Module._load (node:internal/modules/cjs/loader:878:12)
    at C:\Users\busit\AppData\Roaming\nvm\v18.12.1\node_modules\pm2\lib\ProcessContainer.js:303:25
Channel is already closed can't broadcast error:
TypeError: Converting circular structure to JSON
    --> starting at object with constructor 'SourceFileObject'
    |     property 'statements' -> object with constructor 'Array'
    |     index 0 -> object with constructor 'NodeObject'
    --- property 'parent' closes the circle
    at stringify (<anonymous>)
    at writeChannelMessage (node:internal/child_process/serialization:159:20)
    at process.target._send (node:internal/child_process:838:17)
    at process.target.send (node:internal/child_process:738:19)
    at process.send (C:\Users\busit\AppData\Roaming\nvm\v18.12.1\node_modules\pm2\lib\ProcessContainer.js:51:21)
    at process.uncaughtListener (C:\Users\busit\AppData\Roaming\nvm\v18.12.1\node_modules\pm2\lib\ProcessContainer.js:275:19)
    at process.emit (node:events:525:35)
    at process.emit (node:domain:489:12)
    at process.emit.sharedData.processEmitHook.installedValue [as emit] (C:\Users\busit\AppData\Roaming\nvm\v18.12.1\node_modules\pm2\node_modules\@cspotcode\source-map-support\source-map-support.js:745:40)
    at process._fatalException (node:internal/process/execution:149:25)
Error: Cannot find module 'csv-writer'
Require stack:
- D:\scrapping\m2i\src\index.ts
    at Function.Module._resolveFilename (node:internal/modules/cjs/loader:995:15)
    at Function.Module._resolveFilename.sharedData.moduleResolveFilenameHook.installedValue [as _resolveFilename] (C:\Users\busit\AppData\Roaming\nvm\v18.12.1\node_modules\pm2\node_modules\@cspotcode\source-map-support\source-map-support.js:811:30)
    at Module.Hook._require.Module.require (C:\Users\busit\AppData\Roaming\nvm\v18.12.1\node_modules\pm2\node_modules\require-in-the-middle\index.js:81:25)
    at require (node:internal/modules/cjs/helpers:103:18)
    at Object.<anonymous> (D:\scrapping\m2i\src\index.ts:7:25)
    at Module._compile (node:internal/modules/cjs/loader:1159:14)
    at Module.m._compile (C:\Users\busit\AppData\Roaming\nvm\v18.12.1\node_modules\pm2\node_modules\ts-node\src\index.ts:1618:23)
    at Module._extensions..js (node:internal/modules/cjs/loader:1213:10)
    at Object.require.extensions.<computed> [as .ts] (C:\Users\busit\AppData\Roaming\nvm\v18.12.1\node_modules\pm2\node_modules\ts-node\src\index.ts:1621:12)
    at Module.load (node:internal/modules/cjs/loader:1037:32)
Error: Cannot find module 'csv-writer'
Require stack:
- D:\scrapping\m2i\src\index.ts
    at Function.Module._resolveFilename (node:internal/modules/cjs/loader:995:15)
    at Function.Module._resolveFilename.sharedData.moduleResolveFilenameHook.installedValue [as _resolveFilename] (C:\Users\busit\AppData\Roaming\nvm\v18.12.1\node_modules\pm2\node_modules\@cspotcode\source-map-support\source-map-support.js:811:30)
    at Module.Hook._require.Module.require (C:\Users\busit\AppData\Roaming\nvm\v18.12.1\node_modules\pm2\node_modules\require-in-the-middle\index.js:81:25)
    at require (node:internal/modules/cjs/helpers:103:18)
    at Object.<anonymous> (D:\scrapping\m2i\src\index.ts:7:25)
    at Module._compile (node:internal/modules/cjs/loader:1159:14)
    at Module.m._compile (C:\Users\busit\AppData\Roaming\nvm\v18.12.1\node_modules\pm2\node_modules\ts-node\src\index.ts:1618:23)
    at Module._extensions..js (node:internal/modules/cjs/loader:1213:10)
    at Object.require.extensions.<computed> [as .ts] (C:\Users\busit\AppData\Roaming\nvm\v18.12.1\node_modules\pm2\node_modules\ts-node\src\index.ts:1621:12)
    at Module.load (node:internal/modules/cjs/loader:1037:32)
Error: Cannot find module 'csv-writer'
Require stack:
- D:\scrapping\m2i\src\index.ts
    at Function.Module._resolveFilename (node:internal/modules/cjs/loader:995:15)
    at Function.Module._resolveFilename.sharedData.moduleResolveFilenameHook.installedValue [as _resolveFilename] (C:\Users\busit\AppData\Roaming\nvm\v18.12.1\node_modules\pm2\node_modules\@cspotcode\source-map-support\source-map-support.js:811:30)
    at Module.Hook._require.Module.require (C:\Users\busit\AppData\Roaming\nvm\v18.12.1\node_modules\pm2\node_modules\require-in-the-middle\index.js:81:25)
    at require (node:internal/modules/cjs/helpers:103:18)
    at Object.<anonymous> (D:\scrapping\m2i\src\index.ts:7:25)
    at Module._compile (node:internal/modules/cjs/loader:1159:14)
    at Module.m._compile (C:\Users\busit\AppData\Roaming\nvm\v18.12.1\node_modules\pm2\node_modules\ts-node\src\index.ts:1618:23)
    at Module._extensions..js (node:internal/modules/cjs/loader:1213:10)
    at Object.require.extensions.<computed> [as .ts] (C:\Users\busit\AppData\Roaming\nvm\v18.12.1\node_modules\pm2\node_modules\ts-node\src\index.ts:1621:12)
    at Module.load (node:internal/modules/cjs/loader:1037:32)
Error: Cannot find module 'csv-writer'
Require stack:
- D:\scrapping\m2i\src\index.ts
    at Function.Module._resolveFilename (node:internal/modules/cjs/loader:995:15)
    at Function.Module._resolveFilename.sharedData.moduleResolveFilenameHook.installedValue [as _resolveFilename] (C:\Users\busit\AppData\Roaming\nvm\v18.12.1\node_modules\pm2\node_modules\@cspotcode\source-map-support\source-map-support.js:811:30)
    at Module.Hook._require.Module.require (C:\Users\busit\AppData\Roaming\nvm\v18.12.1\node_modules\pm2\node_modules\require-in-the-middle\index.js:81:25)
    at require (node:internal/modules/cjs/helpers:103:18)
    at Object.<anonymous> (D:\scrapping\m2i\src\index.ts:7:25)
    at Module._compile (node:internal/modules/cjs/loader:1159:14)
    at Module.m._compile (C:\Users\busit\AppData\Roaming\nvm\v18.12.1\node_modules\pm2\node_modules\ts-node\src\index.ts:1618:23)
    at Module._extensions..js (node:internal/modules/cjs/loader:1213:10)
    at Object.require.extensions.<computed> [as .ts] (C:\Users\busit\AppData\Roaming\nvm\v18.12.1\node_modules\pm2\node_modules\ts-node\src\index.ts:1621:12)
    at Module.load (node:internal/modules/cjs/loader:1037:32)
Error: Cannot find module 'csv-writer'
Require stack:
- D:\scrapping\m2i\src\index.ts
    at Function.Module._resolveFilename (node:internal/modules/cjs/loader:995:15)
    at Function.Module._resolveFilename.sharedData.moduleResolveFilenameHook.installedValue [as _resolveFilename] (C:\Users\busit\AppData\Roaming\nvm\v18.12.1\node_modules\pm2\node_modules\@cspotcode\source-map-support\source-map-support.js:811:30)
    at Module.Hook._require.Module.require (C:\Users\busit\AppData\Roaming\nvm\v18.12.1\node_modules\pm2\node_modules\require-in-the-middle\index.js:81:25)
    at require (node:internal/modules/cjs/helpers:103:18)
    at Object.<anonymous> (D:\scrapping\m2i\src\index.ts:7:25)
    at Module._compile (node:internal/modules/cjs/loader:1159:14)
    at Module.m._compile (C:\Users\busit\AppData\Roaming\nvm\v18.12.1\node_modules\pm2\node_modules\ts-node\src\index.ts:1618:23)
    at Module._extensions..js (node:internal/modules/cjs/loader:1213:10)
    at Object.require.extensions.<computed> [as .ts] (C:\Users\busit\AppData\Roaming\nvm\v18.12.1\node_modules\pm2\node_modules\ts-node\src\index.ts:1621:12)
    at Module.load (node:internal/modules/cjs/loader:1037:32)
Error: Cannot find module 'csv-writer'
Require stack:
- D:\scrapping\m2i\src\index.ts
    at Function.Module._resolveFilename (node:internal/modules/cjs/loader:995:15)
    at Function.Module._resolveFilename.sharedData.moduleResolveFilenameHook.installedValue [as _resolveFilename] (C:\Users\busit\AppData\Roaming\nvm\v18.12.1\node_modules\pm2\node_modules\@cspotcode\source-map-support\source-map-support.js:811:30)
    at Module.Hook._require.Module.require (C:\Users\busit\AppData\Roaming\nvm\v18.12.1\node_modules\pm2\node_modules\require-in-the-middle\index.js:81:25)
    at require (node:internal/modules/cjs/helpers:103:18)
    at Object.<anonymous> (D:\scrapping\m2i\src\index.ts:7:25)
    at Module._compile (node:internal/modules/cjs/loader:1159:14)
    at Module.m._compile (C:\Users\busit\AppData\Roaming\nvm\v18.12.1\node_modules\pm2\node_modules\ts-node\src\index.ts:1618:23)
    at Module._extensions..js (node:internal/modules/cjs/loader:1213:10)
    at Object.require.extensions.<computed> [as .ts] (C:\Users\busit\AppData\Roaming\nvm\v18.12.1\node_modules\pm2\node_modules\ts-node\src\index.ts:1621:12)
    at Module.load (node:internal/modules/cjs/loader:1037:32)
Error: Cannot find module 'csv-writer'
Require stack:
- D:\scrapping\m2i\src\index.ts
    at Function.Module._resolveFilename (node:internal/modules/cjs/loader:995:15)
    at Function.Module._resolveFilename.sharedData.moduleResolveFilenameHook.installedValue [as _resolveFilename] (C:\Users\busit\AppData\Roaming\nvm\v18.12.1\node_modules\pm2\node_modules\@cspotcode\source-map-support\source-map-support.js:811:30)
    at Module.Hook._require.Module.require (C:\Users\busit\AppData\Roaming\nvm\v18.12.1\node_modules\pm2\node_modules\require-in-the-middle\index.js:81:25)
    at require (node:internal/modules/cjs/helpers:103:18)
    at Object.<anonymous> (D:\scrapping\m2i\src\index.ts:7:25)
    at Module._compile (node:internal/modules/cjs/loader:1159:14)
    at Module.m._compile (C:\Users\busit\AppData\Roaming\nvm\v18.12.1\node_modules\pm2\node_modules\ts-node\src\index.ts:1618:23)
    at Module._extensions..js (node:internal/modules/cjs/loader:1213:10)
    at Object.require.extensions.<computed> [as .ts] (C:\Users\busit\AppData\Roaming\nvm\v18.12.1\node_modules\pm2\node_modules\ts-node\src\index.ts:1621:12)
    at Module.load (node:internal/modules/cjs/loader:1037:32)
TSError: тип Unable to compile TypeScript:
src/index.ts(88,9): error TS2552: Cannot find name 'header'. Did you mean 'Headers'?
src/index.ts(88,15): error TS1005: ',' expected.

    at createTSError (C:\Users\busit\AppData\Roaming\nvm\v18.12.1\node_modules\pm2\node_modules\ts-node\src\index.ts:859:12)
    at reportTSError (C:\Users\busit\AppData\Roaming\nvm\v18.12.1\node_modules\pm2\node_modules\ts-node\src\index.ts:863:19)
    at getOutput (C:\Users\busit\AppData\Roaming\nvm\v18.12.1\node_modules\pm2\node_modules\ts-node\src\index.ts:1077:36)
    at Object.compile (C:\Users\busit\AppData\Roaming\nvm\v18.12.1\node_modules\pm2\node_modules\ts-node\src\index.ts:1433:41)
    at Module.m._compile (C:\Users\busit\AppData\Roaming\nvm\v18.12.1\node_modules\pm2\node_modules\ts-node\src\index.ts:1617:30)
    at Module._extensions..js (node:internal/modules/cjs/loader:1213:10)
    at Object.require.extensions.<computed> [as .ts] (C:\Users\busit\AppData\Roaming\nvm\v18.12.1\node_modules\pm2\node_modules\ts-node\src\index.ts:1621:12)
    at Module.load (node:internal/modules/cjs/loader:1037:32)
    at Function.Module._load (node:internal/modules/cjs/loader:878:12)
    at C:\Users\busit\AppData\Roaming\nvm\v18.12.1\node_modules\pm2\lib\ProcessContainer.js:303:25
Channel is already closed can't broadcast error:
TypeError: Converting circular structure to JSON
    --> starting at object with constructor 'SourceFileObject'
    |     property 'statements' -> object with constructor 'Array'
    |     index 0 -> object with constructor 'NodeObject'
    --- property 'parent' closes the circle
    at stringify (<anonymous>)
    at writeChannelMessage (node:internal/child_process/serialization:159:20)
    at process.target._send (node:internal/child_process:838:17)
    at process.target.send (node:internal/child_process:738:19)
    at process.send (C:\Users\busit\AppData\Roaming\nvm\v18.12.1\node_modules\pm2\lib\ProcessContainer.js:51:21)
    at process.uncaughtListener (C:\Users\busit\AppData\Roaming\nvm\v18.12.1\node_modules\pm2\lib\ProcessContainer.js:275:19)
    at process.emit (node:events:525:35)
    at process.emit (node:domain:489:12)
    at process.emit.sharedData.processEmitHook.installedValue [as emit] (C:\Users\busit\AppData\Roaming\nvm\v18.12.1\node_modules\pm2\node_modules\@cspotcode\source-map-support\source-map-support.js:745:40)
    at process._fatalException (node:internal/process/execution:149:25)
TSError: тип Unable to compile TypeScript:
src/index.ts(85,3): error TS2304: Cannot find name 'generate'.
src/index.ts(93,35): error TS2683: 'this' implicitly has type 'any' because it does not have a type annotation.
src/index.ts(93,35): error TS2683: 'this' implicitly has type 'any' because it does not have a type annotation.
src/index.ts(94,9): error TS2552: Cannot find name 'records'. Did you mean 'record'?
src/index.ts(98,27): error TS7006: Parameter 'err' implicitly has an 'any' type.

    at createTSError (C:\Users\busit\AppData\Roaming\nvm\v18.12.1\node_modules\pm2\node_modules\ts-node\src\index.ts:859:12)
    at reportTSError (C:\Users\busit\AppData\Roaming\nvm\v18.12.1\node_modules\pm2\node_modules\ts-node\src\index.ts:863:19)
    at getOutput (C:\Users\busit\AppData\Roaming\nvm\v18.12.1\node_modules\pm2\node_modules\ts-node\src\index.ts:1077:36)
    at Object.compile (C:\Users\busit\AppData\Roaming\nvm\v18.12.1\node_modules\pm2\node_modules\ts-node\src\index.ts:1433:41)
    at Module.m._compile (C:\Users\busit\AppData\Roaming\nvm\v18.12.1\node_modules\pm2\node_modules\ts-node\src\index.ts:1617:30)
    at Module._extensions..js (node:internal/modules/cjs/loader:1213:10)
    at Object.require.extensions.<computed> [as .ts] (C:\Users\busit\AppData\Roaming\nvm\v18.12.1\node_modules\pm2\node_modules\ts-node\src\index.ts:1621:12)
    at Module.load (node:internal/modules/cjs/loader:1037:32)
    at Function.Module._load (node:internal/modules/cjs/loader:878:12)
    at C:\Users\busit\AppData\Roaming\nvm\v18.12.1\node_modules\pm2\lib\ProcessContainer.js:303:25
Channel is already closed can't broadcast error:
TypeError: Converting circular structure to JSON
    --> starting at object with constructor 'SourceFileObject'
    |     property 'statements' -> object with constructor 'Array'
    |     index 0 -> object with constructor 'NodeObject'
    --- property 'parent' closes the circle
    at stringify (<anonymous>)
    at writeChannelMessage (node:internal/child_process/serialization:159:20)
    at process.target._send (node:internal/child_process:838:17)
    at process.target.send (node:internal/child_process:738:19)
    at process.send (C:\Users\busit\AppData\Roaming\nvm\v18.12.1\node_modules\pm2\lib\ProcessContainer.js:51:21)
    at process.uncaughtListener (C:\Users\busit\AppData\Roaming\nvm\v18.12.1\node_modules\pm2\lib\ProcessContainer.js:275:19)
    at process.emit (node:events:525:35)
    at process.emit (node:domain:489:12)
    at process.emit.sharedData.processEmitHook.installedValue [as emit] (C:\Users\busit\AppData\Roaming\nvm\v18.12.1\node_modules\pm2\node_modules\@cspotcode\source-map-support\source-map-support.js:745:40)
    at process._fatalException (node:internal/process/execution:149:25)
TSError: тип Unable to compile TypeScript:
src/index.ts(85,3): error TS2304: Cannot find name 'generate'.
src/index.ts(93,35): error TS2683: 'this' implicitly has type 'any' because it does not have a type annotation.
src/index.ts(93,35): error TS2683: 'this' implicitly has type 'any' because it does not have a type annotation.
src/index.ts(94,9): error TS2552: Cannot find name 'records'. Did you mean 'record'?
src/index.ts(98,27): error TS7006: Parameter 'err' implicitly has an 'any' type.

    at createTSError (C:\Users\busit\AppData\Roaming\nvm\v18.12.1\node_modules\pm2\node_modules\ts-node\src\index.ts:859:12)
    at reportTSError (C:\Users\busit\AppData\Roaming\nvm\v18.12.1\node_modules\pm2\node_modules\ts-node\src\index.ts:863:19)
    at getOutput (C:\Users\busit\AppData\Roaming\nvm\v18.12.1\node_modules\pm2\node_modules\ts-node\src\index.ts:1077:36)
    at Object.compile (C:\Users\busit\AppData\Roaming\nvm\v18.12.1\node_modules\pm2\node_modules\ts-node\src\index.ts:1433:41)
    at Module.m._compile (C:\Users\busit\AppData\Roaming\nvm\v18.12.1\node_modules\pm2\node_modules\ts-node\src\index.ts:1617:30)
    at Module._extensions..js (node:internal/modules/cjs/loader:1213:10)
    at Object.require.extensions.<computed> [as .ts] (C:\Users\busit\AppData\Roaming\nvm\v18.12.1\node_modules\pm2\node_modules\ts-node\src\index.ts:1621:12)
    at Module.load (node:internal/modules/cjs/loader:1037:32)
    at Function.Module._load (node:internal/modules/cjs/loader:878:12)
    at C:\Users\busit\AppData\Roaming\nvm\v18.12.1\node_modules\pm2\lib\ProcessContainer.js:303:25
Channel is already closed can't broadcast error:
TypeError: Converting circular structure to JSON
    --> starting at object with constructor 'SourceFileObject'
    |     property 'statements' -> object with constructor 'Array'
    |     index 0 -> object with constructor 'NodeObject'
    --- property 'parent' closes the circle
    at stringify (<anonymous>)
    at writeChannelMessage (node:internal/child_process/serialization:159:20)
    at process.target._send (node:internal/child_process:838:17)
    at process.target.send (node:internal/child_process:738:19)
    at process.send (C:\Users\busit\AppData\Roaming\nvm\v18.12.1\node_modules\pm2\lib\ProcessContainer.js:51:21)
    at process.uncaughtListener (C:\Users\busit\AppData\Roaming\nvm\v18.12.1\node_modules\pm2\lib\ProcessContainer.js:275:19)
    at process.emit (node:events:525:35)
    at process.emit (node:domain:489:12)
    at process.emit.sharedData.processEmitHook.installedValue [as emit] (C:\Users\busit\AppData\Roaming\nvm\v18.12.1\node_modules\pm2\node_modules\@cspotcode\source-map-support\source-map-support.js:745:40)
    at process._fatalException (node:internal/process/execution:149:25)
TSError: тип Unable to compile TypeScript:
src/index.ts(95,35): error TS2683: 'this' implicitly has type 'any' because it does not have a type annotation.
src/index.ts(95,35): error TS2683: 'this' implicitly has type 'any' because it does not have a type annotation.
src/index.ts(96,9): error TS2552: Cannot find name 'records'. Did you mean 'record'?

    at createTSError (C:\Users\busit\AppData\Roaming\nvm\v18.12.1\node_modules\pm2\node_modules\ts-node\src\index.ts:859:12)
    at reportTSError (C:\Users\busit\AppData\Roaming\nvm\v18.12.1\node_modules\pm2\node_modules\ts-node\src\index.ts:863:19)
    at getOutput (C:\Users\busit\AppData\Roaming\nvm\v18.12.1\node_modules\pm2\node_modules\ts-node\src\index.ts:1077:36)
    at Object.compile (C:\Users\busit\AppData\Roaming\nvm\v18.12.1\node_modules\pm2\node_modules\ts-node\src\index.ts:1433:41)
    at Module.m._compile (C:\Users\busit\AppData\Roaming\nvm\v18.12.1\node_modules\pm2\node_modules\ts-node\src\index.ts:1617:30)
    at Module._extensions..js (node:internal/modules/cjs/loader:1213:10)
    at Object.require.extensions.<computed> [as .ts] (C:\Users\busit\AppData\Roaming\nvm\v18.12.1\node_modules\pm2\node_modules\ts-node\src\index.ts:1621:12)
    at Module.load (node:internal/modules/cjs/loader:1037:32)
    at Function.Module._load (node:internal/modules/cjs/loader:878:12)
    at C:\Users\busit\AppData\Roaming\nvm\v18.12.1\node_modules\pm2\lib\ProcessContainer.js:303:25
Channel is already closed can't broadcast error:
TypeError: Converting circular structure to JSON
    --> starting at object with constructor 'SourceFileObject'
    |     property 'statements' -> object with constructor 'Array'
    |     index 0 -> object with constructor 'NodeObject'
    --- property 'parent' closes the circle
    at stringify (<anonymous>)
    at writeChannelMessage (node:internal/child_process/serialization:159:20)
    at process.target._send (node:internal/child_process:838:17)
    at process.target.send (node:internal/child_process:738:19)
    at process.send (C:\Users\busit\AppData\Roaming\nvm\v18.12.1\node_modules\pm2\lib\ProcessContainer.js:51:21)
    at process.uncaughtListener (C:\Users\busit\AppData\Roaming\nvm\v18.12.1\node_modules\pm2\lib\ProcessContainer.js:275:19)
    at process.emit (node:events:525:35)
    at process.emit (node:domain:489:12)
    at process.emit.sharedData.processEmitHook.installedValue [as emit] (C:\Users\busit\AppData\Roaming\nvm\v18.12.1\node_modules\pm2\node_modules\@cspotcode\source-map-support\source-map-support.js:745:40)
    at process._fatalException (node:internal/process/execution:149:25)
TSError: тип Unable to compile TypeScript:
src/index.ts(96,35): error TS2683: 'this' implicitly has type 'any' because it does not have a type annotation.
src/index.ts(96,35): error TS2683: 'this' implicitly has type 'any' because it does not have a type annotation.
src/index.ts(97,9): error TS2552: Cannot find name 'records'. Did you mean 'record'?

    at createTSError (C:\Users\busit\AppData\Roaming\nvm\v18.12.1\node_modules\pm2\node_modules\ts-node\src\index.ts:859:12)
    at reportTSError (C:\Users\busit\AppData\Roaming\nvm\v18.12.1\node_modules\pm2\node_modules\ts-node\src\index.ts:863:19)
    at getOutput (C:\Users\busit\AppData\Roaming\nvm\v18.12.1\node_modules\pm2\node_modules\ts-node\src\index.ts:1077:36)
    at Object.compile (C:\Users\busit\AppData\Roaming\nvm\v18.12.1\node_modules\pm2\node_modules\ts-node\src\index.ts:1433:41)
    at Module.m._compile (C:\Users\busit\AppData\Roaming\nvm\v18.12.1\node_modules\pm2\node_modules\ts-node\src\index.ts:1617:30)
    at Module._extensions..js (node:internal/modules/cjs/loader:1213:10)
    at Object.require.extensions.<computed> [as .ts] (C:\Users\busit\AppData\Roaming\nvm\v18.12.1\node_modules\pm2\node_modules\ts-node\src\index.ts:1621:12)
    at Module.load (node:internal/modules/cjs/loader:1037:32)
    at Function.Module._load (node:internal/modules/cjs/loader:878:12)
    at C:\Users\busit\AppData\Roaming\nvm\v18.12.1\node_modules\pm2\lib\ProcessContainer.js:303:25
Channel is already closed can't broadcast error:
TypeError: Converting circular structure to JSON
    --> starting at object with constructor 'SourceFileObject'
    |     property 'statements' -> object with constructor 'Array'
    |     index 0 -> object with constructor 'NodeObject'
    --- property 'parent' closes the circle
    at stringify (<anonymous>)
    at writeChannelMessage (node:internal/child_process/serialization:159:20)
    at process.target._send (node:internal/child_process:838:17)
    at process.target.send (node:internal/child_process:738:19)
    at process.send (C:\Users\busit\AppData\Roaming\nvm\v18.12.1\node_modules\pm2\lib\ProcessContainer.js:51:21)
    at process.uncaughtListener (C:\Users\busit\AppData\Roaming\nvm\v18.12.1\node_modules\pm2\lib\ProcessContainer.js:275:19)
    at process.emit (node:events:525:35)
    at process.emit (node:domain:489:12)
    at process.emit.sharedData.processEmitHook.installedValue [as emit] (C:\Users\busit\AppData\Roaming\nvm\v18.12.1\node_modules\pm2\node_modules\@cspotcode\source-map-support\source-map-support.js:745:40)
    at process._fatalException (node:internal/process/execution:149:25)
TSError: тип Unable to compile TypeScript:
src/index.ts(99,35): error TS2683: 'this' implicitly has type 'any' because it does not have a type annotation.
src/index.ts(99,35): error TS2683: 'this' implicitly has type 'any' because it does not have a type annotation.

    at createTSError (C:\Users\busit\AppData\Roaming\nvm\v18.12.1\node_modules\pm2\node_modules\ts-node\src\index.ts:859:12)
    at reportTSError (C:\Users\busit\AppData\Roaming\nvm\v18.12.1\node_modules\pm2\node_modules\ts-node\src\index.ts:863:19)
    at getOutput (C:\Users\busit\AppData\Roaming\nvm\v18.12.1\node_modules\pm2\node_modules\ts-node\src\index.ts:1077:36)
    at Object.compile (C:\Users\busit\AppData\Roaming\nvm\v18.12.1\node_modules\pm2\node_modules\ts-node\src\index.ts:1433:41)
    at Module.m._compile (C:\Users\busit\AppData\Roaming\nvm\v18.12.1\node_modules\pm2\node_modules\ts-node\src\index.ts:1617:30)
    at Module._extensions..js (node:internal/modules/cjs/loader:1213:10)
    at Object.require.extensions.<computed> [as .ts] (C:\Users\busit\AppData\Roaming\nvm\v18.12.1\node_modules\pm2\node_modules\ts-node\src\index.ts:1621:12)
    at Module.load (node:internal/modules/cjs/loader:1037:32)
    at Function.Module._load (node:internal/modules/cjs/loader:878:12)
    at C:\Users\busit\AppData\Roaming\nvm\v18.12.1\node_modules\pm2\lib\ProcessContainer.js:303:25
Channel is already closed can't broadcast error:
TypeError: Converting circular structure to JSON
    --> starting at object with constructor 'SourceFileObject'
    |     property 'statements' -> object with constructor 'Array'
    |     index 0 -> object with constructor 'NodeObject'
    --- property 'parent' closes the circle
    at stringify (<anonymous>)
    at writeChannelMessage (node:internal/child_process/serialization:159:20)
    at process.target._send (node:internal/child_process:838:17)
    at process.target.send (node:internal/child_process:738:19)
    at process.send (C:\Users\busit\AppData\Roaming\nvm\v18.12.1\node_modules\pm2\lib\ProcessContainer.js:51:21)
    at process.uncaughtListener (C:\Users\busit\AppData\Roaming\nvm\v18.12.1\node_modules\pm2\lib\ProcessContainer.js:275:19)
    at process.emit (node:events:525:35)
    at process.emit (node:domain:489:12)
    at process.emit.sharedData.processEmitHook.installedValue [as emit] (C:\Users\busit\AppData\Roaming\nvm\v18.12.1\node_modules\pm2\node_modules\@cspotcode\source-map-support\source-map-support.js:745:40)
    at process._fatalException (node:internal/process/execution:149:25)
TSError: тип Unable to compile TypeScript:
src/index.ts(99,35): error TS2304: Cannot find name 'read'.

    at createTSError (C:\Users\busit\AppData\Roaming\nvm\v18.12.1\node_modules\pm2\node_modules\ts-node\src\index.ts:859:12)
    at reportTSError (C:\Users\busit\AppData\Roaming\nvm\v18.12.1\node_modules\pm2\node_modules\ts-node\src\index.ts:863:19)
    at getOutput (C:\Users\busit\AppData\Roaming\nvm\v18.12.1\node_modules\pm2\node_modules\ts-node\src\index.ts:1077:36)
    at Object.compile (C:\Users\busit\AppData\Roaming\nvm\v18.12.1\node_modules\pm2\node_modules\ts-node\src\index.ts:1433:41)
    at Module.m._compile (C:\Users\busit\AppData\Roaming\nvm\v18.12.1\node_modules\pm2\node_modules\ts-node\src\index.ts:1617:30)
    at Module._extensions..js (node:internal/modules/cjs/loader:1213:10)
    at Object.require.extensions.<computed> [as .ts] (C:\Users\busit\AppData\Roaming\nvm\v18.12.1\node_modules\pm2\node_modules\ts-node\src\index.ts:1621:12)
    at Module.load (node:internal/modules/cjs/loader:1037:32)
    at Function.Module._load (node:internal/modules/cjs/loader:878:12)
    at C:\Users\busit\AppData\Roaming\nvm\v18.12.1\node_modules\pm2\lib\ProcessContainer.js:303:25
Channel is already closed can't broadcast error:
TypeError: Converting circular structure to JSON
    --> starting at object with constructor 'SourceFileObject'
    |     property 'statements' -> object with constructor 'Array'
    |     index 0 -> object with constructor 'NodeObject'
    --- property 'parent' closes the circle
    at stringify (<anonymous>)
    at writeChannelMessage (node:internal/child_process/serialization:159:20)
    at process.target._send (node:internal/child_process:838:17)
    at process.target.send (node:internal/child_process:738:19)
    at process.send (C:\Users\busit\AppData\Roaming\nvm\v18.12.1\node_modules\pm2\lib\ProcessContainer.js:51:21)
    at process.uncaughtListener (C:\Users\busit\AppData\Roaming\nvm\v18.12.1\node_modules\pm2\lib\ProcessContainer.js:275:19)
    at process.emit (node:events:525:35)
    at process.emit (node:domain:489:12)
    at process.emit.sharedData.processEmitHook.installedValue [as emit] (C:\Users\busit\AppData\Roaming\nvm\v18.12.1\node_modules\pm2\node_modules\@cspotcode\source-map-support\source-map-support.js:745:40)
    at process._fatalException (node:internal/process/execution:149:25)
TSError: тип Unable to compile TypeScript:
src/index.ts(99,26): error TS2371: A parameter initializer is only allowed in a function or constructor implementation.
src/index.ts(100,22): error TS2552: Cannot find name 'record'. Did you mean 'records'?
src/index.ts(99,53): error TS1005: '=>' expected.
src/index.ts(99,61): error TS1005: ';' expected.
src/index.ts(99,62): error TS1005: ';' expected.
src/index.ts(120,1): error TS1128: Declaration or statement expected.
src/index.ts(120,2): error TS1128: Declaration or statement expected.

    at createTSError (C:\Users\busit\AppData\Roaming\nvm\v18.12.1\node_modules\pm2\node_modules\ts-node\src\index.ts:859:12)
    at reportTSError (C:\Users\busit\AppData\Roaming\nvm\v18.12.1\node_modules\pm2\node_modules\ts-node\src\index.ts:863:19)
    at getOutput (C:\Users\busit\AppData\Roaming\nvm\v18.12.1\node_modules\pm2\node_modules\ts-node\src\index.ts:1077:36)
    at Object.compile (C:\Users\busit\AppData\Roaming\nvm\v18.12.1\node_modules\pm2\node_modules\ts-node\src\index.ts:1433:41)
    at Module.m._compile (C:\Users\busit\AppData\Roaming\nvm\v18.12.1\node_modules\pm2\node_modules\ts-node\src\index.ts:1617:30)
    at Module._extensions..js (node:internal/modules/cjs/loader:1213:10)
    at Object.require.extensions.<computed> [as .ts] (C:\Users\busit\AppData\Roaming\nvm\v18.12.1\node_modules\pm2\node_modules\ts-node\src\index.ts:1621:12)
    at Module.load (node:internal/modules/cjs/loader:1037:32)
    at Function.Module._load (node:internal/modules/cjs/loader:878:12)
    at C:\Users\busit\AppData\Roaming\nvm\v18.12.1\node_modules\pm2\lib\ProcessContainer.js:303:25
Channel is already closed can't broadcast error:
TypeError: Converting circular structure to JSON
    --> starting at object with constructor 'SourceFileObject'
    |     property 'statements' -> object with constructor 'Array'
    |     index 0 -> object with constructor 'NodeObject'
    --- property 'parent' closes the circle
    at stringify (<anonymous>)
    at writeChannelMessage (node:internal/child_process/serialization:159:20)
    at process.target._send (node:internal/child_process:838:17)
    at process.target.send (node:internal/child_process:738:19)
    at process.send (C:\Users\busit\AppData\Roaming\nvm\v18.12.1\node_modules\pm2\lib\ProcessContainer.js:51:21)
    at process.uncaughtListener (C:\Users\busit\AppData\Roaming\nvm\v18.12.1\node_modules\pm2\lib\ProcessContainer.js:275:19)
    at process.emit (node:events:525:35)
    at process.emit (node:domain:489:12)
    at process.emit.sharedData.processEmitHook.installedValue [as emit] (C:\Users\busit\AppData\Roaming\nvm\v18.12.1\node_modules\pm2\node_modules\@cspotcode\source-map-support\source-map-support.js:745:40)
    at process._fatalException (node:internal/process/execution:149:25)
TSError: тип Unable to compile TypeScript:
src/index.ts(99,35): error TS2683: 'this' implicitly has type 'any' because it does not have a type annotation.
src/index.ts(99,35): error TS2683: 'this' implicitly has type 'any' because it does not have a type annotation.

    at createTSError (C:\Users\busit\AppData\Roaming\nvm\v18.12.1\node_modules\pm2\node_modules\ts-node\src\index.ts:859:12)
    at reportTSError (C:\Users\busit\AppData\Roaming\nvm\v18.12.1\node_modules\pm2\node_modules\ts-node\src\index.ts:863:19)
    at getOutput (C:\Users\busit\AppData\Roaming\nvm\v18.12.1\node_modules\pm2\node_modules\ts-node\src\index.ts:1077:36)
    at Object.compile (C:\Users\busit\AppData\Roaming\nvm\v18.12.1\node_modules\pm2\node_modules\ts-node\src\index.ts:1433:41)
    at Module.m._compile (C:\Users\busit\AppData\Roaming\nvm\v18.12.1\node_modules\pm2\node_modules\ts-node\src\index.ts:1617:30)
    at Module._extensions..js (node:internal/modules/cjs/loader:1213:10)
    at Object.require.extensions.<computed> [as .ts] (C:\Users\busit\AppData\Roaming\nvm\v18.12.1\node_modules\pm2\node_modules\ts-node\src\index.ts:1621:12)
    at Module.load (node:internal/modules/cjs/loader:1037:32)
    at Function.Module._load (node:internal/modules/cjs/loader:878:12)
    at C:\Users\busit\AppData\Roaming\nvm\v18.12.1\node_modules\pm2\lib\ProcessContainer.js:303:25
Channel is already closed can't broadcast error:
TypeError: Converting circular structure to JSON
    --> starting at object with constructor 'SourceFileObject'
    |     property 'statements' -> object with constructor 'Array'
    |     index 0 -> object with constructor 'NodeObject'
    --- property 'parent' closes the circle
    at stringify (<anonymous>)
    at writeChannelMessage (node:internal/child_process/serialization:159:20)
    at process.target._send (node:internal/child_process:838:17)
    at process.target.send (node:internal/child_process:738:19)
    at process.send (C:\Users\busit\AppData\Roaming\nvm\v18.12.1\node_modules\pm2\lib\ProcessContainer.js:51:21)
    at process.uncaughtListener (C:\Users\busit\AppData\Roaming\nvm\v18.12.1\node_modules\pm2\lib\ProcessContainer.js:275:19)
    at process.emit (node:events:525:35)
    at process.emit (node:domain:489:12)
    at process.emit.sharedData.processEmitHook.installedValue [as emit] (C:\Users\busit\AppData\Roaming\nvm\v18.12.1\node_modules\pm2\node_modules\@cspotcode\source-map-support\source-map-support.js:745:40)
    at process._fatalException (node:internal/process/execution:149:25)
TSError: тип Unable to compile TypeScript:
src/index.ts(99,35): error TS2683: 'this' implicitly has type 'any' because it does not have a type annotation.

    at createTSError (C:\Users\busit\AppData\Roaming\nvm\v18.12.1\node_modules\pm2\node_modules\ts-node\src\index.ts:859:12)
    at reportTSError (C:\Users\busit\AppData\Roaming\nvm\v18.12.1\node_modules\pm2\node_modules\ts-node\src\index.ts:863:19)
    at getOutput (C:\Users\busit\AppData\Roaming\nvm\v18.12.1\node_modules\pm2\node_modules\ts-node\src\index.ts:1077:36)
    at Object.compile (C:\Users\busit\AppData\Roaming\nvm\v18.12.1\node_modules\pm2\node_modules\ts-node\src\index.ts:1433:41)
    at Module.m._compile (C:\Users\busit\AppData\Roaming\nvm\v18.12.1\node_modules\pm2\node_modules\ts-node\src\index.ts:1617:30)
    at Module._extensions..js (node:internal/modules/cjs/loader:1213:10)
    at Object.require.extensions.<computed> [as .ts] (C:\Users\busit\AppData\Roaming\nvm\v18.12.1\node_modules\pm2\node_modules\ts-node\src\index.ts:1621:12)
    at Module.load (node:internal/modules/cjs/loader:1037:32)
    at Function.Module._load (node:internal/modules/cjs/loader:878:12)
    at C:\Users\busit\AppData\Roaming\nvm\v18.12.1\node_modules\pm2\lib\ProcessContainer.js:303:25
Channel is already closed can't broadcast error:
TypeError: Converting circular structure to JSON
    --> starting at object with constructor 'SourceFileObject'
    |     property 'statements' -> object with constructor 'Array'
    |     index 0 -> object with constructor 'NodeObject'
    --- property 'parent' closes the circle
    at stringify (<anonymous>)
    at writeChannelMessage (node:internal/child_process/serialization:159:20)
    at process.target._send (node:internal/child_process:838:17)
    at process.target.send (node:internal/child_process:738:19)
    at process.send (C:\Users\busit\AppData\Roaming\nvm\v18.12.1\node_modules\pm2\lib\ProcessContainer.js:51:21)
    at process.uncaughtListener (C:\Users\busit\AppData\Roaming\nvm\v18.12.1\node_modules\pm2\lib\ProcessContainer.js:275:19)
    at process.emit (node:events:525:35)
    at process.emit (node:domain:489:12)
    at process.emit.sharedData.processEmitHook.installedValue [as emit] (C:\Users\busit\AppData\Roaming\nvm\v18.12.1\node_modules\pm2\node_modules\@cspotcode\source-map-support\source-map-support.js:745:40)
    at process._fatalException (node:internal/process/execution:149:25)
TSError: тип Unable to compile TypeScript:
src/index.ts(7,33): error TS2304: Cannot find name 'fs'.
src/index.ts(7,32): error TS1127: Invalid character.
src/index.ts(7,35): error TS1127: Invalid character.

    at createTSError (C:\Users\busit\AppData\Roaming\nvm\v18.12.1\node_modules\pm2\node_modules\ts-node\src\index.ts:859:12)
    at reportTSError (C:\Users\busit\AppData\Roaming\nvm\v18.12.1\node_modules\pm2\node_modules\ts-node\src\index.ts:863:19)
    at getOutput (C:\Users\busit\AppData\Roaming\nvm\v18.12.1\node_modules\pm2\node_modules\ts-node\src\index.ts:1077:36)
    at Object.compile (C:\Users\busit\AppData\Roaming\nvm\v18.12.1\node_modules\pm2\node_modules\ts-node\src\index.ts:1433:41)
    at Module.m._compile (C:\Users\busit\AppData\Roaming\nvm\v18.12.1\node_modules\pm2\node_modules\ts-node\src\index.ts:1617:30)
    at Module._extensions..js (node:internal/modules/cjs/loader:1213:10)
    at Object.require.extensions.<computed> [as .ts] (C:\Users\busit\AppData\Roaming\nvm\v18.12.1\node_modules\pm2\node_modules\ts-node\src\index.ts:1621:12)
    at Module.load (node:internal/modules/cjs/loader:1037:32)
    at Function.Module._load (node:internal/modules/cjs/loader:878:12)
    at C:\Users\busit\AppData\Roaming\nvm\v18.12.1\node_modules\pm2\lib\ProcessContainer.js:303:25
Channel is already closed can't broadcast error:
TypeError: Converting circular structure to JSON
    --> starting at object with constructor 'SourceFileObject'
    |     property 'statements' -> object with constructor 'Array'
    |     index 0 -> object with constructor 'NodeObject'
    --- property 'parent' closes the circle
    at stringify (<anonymous>)
    at writeChannelMessage (node:internal/child_process/serialization:159:20)
    at process.target._send (node:internal/child_process:838:17)
    at process.target.send (node:internal/child_process:738:19)
    at process.send (C:\Users\busit\AppData\Roaming\nvm\v18.12.1\node_modules\pm2\lib\ProcessContainer.js:51:21)
    at process.uncaughtListener (C:\Users\busit\AppData\Roaming\nvm\v18.12.1\node_modules\pm2\lib\ProcessContainer.js:275:19)
    at process.emit (node:events:525:35)
    at process.emit (node:domain:489:12)
    at process.emit.sharedData.processEmitHook.installedValue [as emit] (C:\Users\busit\AppData\Roaming\nvm\v18.12.1\node_modules\pm2\node_modules\@cspotcode\source-map-support\source-map-support.js:745:40)
    at process._fatalException (node:internal/process/execution:149:25)
TSError: тип Unable to compile TypeScript:
src/index.ts(91,18): error TS2532: Object is possibly 'undefined'.
src/index.ts(91,31): error TS2532: Object is possibly 'undefined'.
src/index.ts(91,45): error TS2532: Object is possibly 'undefined'.

    at createTSError (C:\Users\busit\AppData\Roaming\nvm\v18.12.1\node_modules\pm2\node_modules\ts-node\src\index.ts:859:12)
    at reportTSError (C:\Users\busit\AppData\Roaming\nvm\v18.12.1\node_modules\pm2\node_modules\ts-node\src\index.ts:863:19)
    at getOutput (C:\Users\busit\AppData\Roaming\nvm\v18.12.1\node_modules\pm2\node_modules\ts-node\src\index.ts:1077:36)
    at Object.compile (C:\Users\busit\AppData\Roaming\nvm\v18.12.1\node_modules\pm2\node_modules\ts-node\src\index.ts:1433:41)
    at Module.m._compile (C:\Users\busit\AppData\Roaming\nvm\v18.12.1\node_modules\pm2\node_modules\ts-node\src\index.ts:1617:30)
    at Module._extensions..js (node:internal/modules/cjs/loader:1213:10)
    at Object.require.extensions.<computed> [as .ts] (C:\Users\busit\AppData\Roaming\nvm\v18.12.1\node_modules\pm2\node_modules\ts-node\src\index.ts:1621:12)
    at Module.load (node:internal/modules/cjs/loader:1037:32)
    at Function.Module._load (node:internal/modules/cjs/loader:878:12)
    at C:\Users\busit\AppData\Roaming\nvm\v18.12.1\node_modules\pm2\lib\ProcessContainer.js:303:25
Channel is already closed can't broadcast error:
TypeError: Converting circular structure to JSON
    --> starting at object with constructor 'SourceFileObject'
    |     property 'statements' -> object with constructor 'Array'
    |     index 0 -> object with constructor 'NodeObject'
    --- property 'parent' closes the circle
    at stringify (<anonymous>)
    at writeChannelMessage (node:internal/child_process/serialization:159:20)
    at process.target._send (node:internal/child_process:838:17)
    at process.target.send (node:internal/child_process:738:19)
    at process.send (C:\Users\busit\AppData\Roaming\nvm\v18.12.1\node_modules\pm2\lib\ProcessContainer.js:51:21)
    at process.uncaughtListener (C:\Users\busit\AppData\Roaming\nvm\v18.12.1\node_modules\pm2\lib\ProcessContainer.js:275:19)
    at process.emit (node:events:525:35)
    at process.emit (node:domain:489:12)
    at process.emit.sharedData.processEmitHook.installedValue [as emit] (C:\Users\busit\AppData\Roaming\nvm\v18.12.1\node_modules\pm2\node_modules\@cspotcode\source-map-support\source-map-support.js:745:40)
    at process._fatalException (node:internal/process/execution:149:25)
TSError: тип Unable to compile TypeScript:
src/index.ts(91,18): error TS2532: Object is possibly 'undefined'.
src/index.ts(91,31): error TS2532: Object is possibly 'undefined'.
src/index.ts(91,45): error TS2532: Object is possibly 'undefined'.
src/index.ts(92,20): error TS2345: Argument of type 'RegExp' is not assignable to parameter of type 'number | PathLike'.
src/index.ts(92,18): error TS1127: Invalid character.
src/index.ts(92,19): error TS1135: Argument expression expected.
src/index.ts(92,21): error TS1161: Unterminated regular expression literal.
src/index.ts(98,3): error TS1005: ',' expected.
src/index.ts(100,3): error TS1005: ',' expected.

    at createTSError (C:\Users\busit\AppData\Roaming\nvm\v18.12.1\node_modules\pm2\node_modules\ts-node\src\index.ts:859:12)
    at reportTSError (C:\Users\busit\AppData\Roaming\nvm\v18.12.1\node_modules\pm2\node_modules\ts-node\src\index.ts:863:19)
    at getOutput (C:\Users\busit\AppData\Roaming\nvm\v18.12.1\node_modules\pm2\node_modules\ts-node\src\index.ts:1077:36)
    at Object.compile (C:\Users\busit\AppData\Roaming\nvm\v18.12.1\node_modules\pm2\node_modules\ts-node\src\index.ts:1433:41)
    at Module.m._compile (C:\Users\busit\AppData\Roaming\nvm\v18.12.1\node_modules\pm2\node_modules\ts-node\src\index.ts:1617:30)
    at Module._extensions..js (node:internal/modules/cjs/loader:1213:10)
    at Object.require.extensions.<computed> [as .ts] (C:\Users\busit\AppData\Roaming\nvm\v18.12.1\node_modules\pm2\node_modules\ts-node\src\index.ts:1621:12)
    at Module.load (node:internal/modules/cjs/loader:1037:32)
    at Function.Module._load (node:internal/modules/cjs/loader:878:12)
    at C:\Users\busit\AppData\Roaming\nvm\v18.12.1\node_modules\pm2\lib\ProcessContainer.js:303:25
Channel is already closed can't broadcast error:
TypeError: Converting circular structure to JSON
    --> starting at object with constructor 'SourceFileObject'
    |     property 'statements' -> object with constructor 'Array'
    |     index 0 -> object with constructor 'NodeObject'
    --- property 'parent' closes the circle
    at stringify (<anonymous>)
    at writeChannelMessage (node:internal/child_process/serialization:159:20)
    at process.target._send (node:internal/child_process:838:17)
    at process.target.send (node:internal/child_process:738:19)
    at process.send (C:\Users\busit\AppData\Roaming\nvm\v18.12.1\node_modules\pm2\lib\ProcessContainer.js:51:21)
    at process.uncaughtListener (C:\Users\busit\AppData\Roaming\nvm\v18.12.1\node_modules\pm2\lib\ProcessContainer.js:275:19)
    at process.emit (node:events:525:35)
    at process.emit (node:domain:489:12)
    at process.emit.sharedData.processEmitHook.installedValue [as emit] (C:\Users\busit\AppData\Roaming\nvm\v18.12.1\node_modules\pm2\node_modules\@cspotcode\source-map-support\source-map-support.js:745:40)
    at process._fatalException (node:internal/process/execution:149:25)
TSError: тип Unable to compile TypeScript:
src/index.ts(91,18): error TS2532: Object is possibly 'undefined'.
src/index.ts(91,31): error TS2532: Object is possibly 'undefined'.
src/index.ts(91,45): error TS2532: Object is possibly 'undefined'.

    at createTSError (C:\Users\busit\AppData\Roaming\nvm\v18.12.1\node_modules\pm2\node_modules\ts-node\src\index.ts:859:12)
    at reportTSError (C:\Users\busit\AppData\Roaming\nvm\v18.12.1\node_modules\pm2\node_modules\ts-node\src\index.ts:863:19)
    at getOutput (C:\Users\busit\AppData\Roaming\nvm\v18.12.1\node_modules\pm2\node_modules\ts-node\src\index.ts:1077:36)
    at Object.compile (C:\Users\busit\AppData\Roaming\nvm\v18.12.1\node_modules\pm2\node_modules\ts-node\src\index.ts:1433:41)
    at Module.m._compile (C:\Users\busit\AppData\Roaming\nvm\v18.12.1\node_modules\pm2\node_modules\ts-node\src\index.ts:1617:30)
    at Module._extensions..js (node:internal/modules/cjs/loader:1213:10)
    at Object.require.extensions.<computed> [as .ts] (C:\Users\busit\AppData\Roaming\nvm\v18.12.1\node_modules\pm2\node_modules\ts-node\src\index.ts:1621:12)
    at Module.load (node:internal/modules/cjs/loader:1037:32)
    at Function.Module._load (node:internal/modules/cjs/loader:878:12)
    at C:\Users\busit\AppData\Roaming\nvm\v18.12.1\node_modules\pm2\lib\ProcessContainer.js:303:25
Channel is already closed can't broadcast error:
TypeError: Converting circular structure to JSON
    --> starting at object with constructor 'SourceFileObject'
    |     property 'statements' -> object with constructor 'Array'
    |     index 0 -> object with constructor 'NodeObject'
    --- property 'parent' closes the circle
    at stringify (<anonymous>)
    at writeChannelMessage (node:internal/child_process/serialization:159:20)
    at process.target._send (node:internal/child_process:838:17)
    at process.target.send (node:internal/child_process:738:19)
    at process.send (C:\Users\busit\AppData\Roaming\nvm\v18.12.1\node_modules\pm2\lib\ProcessContainer.js:51:21)
    at process.uncaughtListener (C:\Users\busit\AppData\Roaming\nvm\v18.12.1\node_modules\pm2\lib\ProcessContainer.js:275:19)
    at process.emit (node:events:525:35)
    at process.emit (node:domain:489:12)
    at process.emit.sharedData.processEmitHook.installedValue [as emit] (C:\Users\busit\AppData\Roaming\nvm\v18.12.1\node_modules\pm2\node_modules\@cspotcode\source-map-support\source-map-support.js:745:40)
    at process._fatalException (node:internal/process/execution:149:25)
TSError: тип Unable to compile TypeScript:
src/index.ts(92,5): error TS2304: Cannot find name 'appendFileSync'.

    at createTSError (C:\Users\busit\AppData\Roaming\nvm\v18.12.1\node_modules\pm2\node_modules\ts-node\src\index.ts:859:12)
    at reportTSError (C:\Users\busit\AppData\Roaming\nvm\v18.12.1\node_modules\pm2\node_modules\ts-node\src\index.ts:863:19)
    at getOutput (C:\Users\busit\AppData\Roaming\nvm\v18.12.1\node_modules\pm2\node_modules\ts-node\src\index.ts:1077:36)
    at Object.compile (C:\Users\busit\AppData\Roaming\nvm\v18.12.1\node_modules\pm2\node_modules\ts-node\src\index.ts:1433:41)
    at Module.m._compile (C:\Users\busit\AppData\Roaming\nvm\v18.12.1\node_modules\pm2\node_modules\ts-node\src\index.ts:1617:30)
    at Module._extensions..js (node:internal/modules/cjs/loader:1213:10)
    at Object.require.extensions.<computed> [as .ts] (C:\Users\busit\AppData\Roaming\nvm\v18.12.1\node_modules\pm2\node_modules\ts-node\src\index.ts:1621:12)
    at Module.load (node:internal/modules/cjs/loader:1037:32)
    at Function.Module._load (node:internal/modules/cjs/loader:878:12)
    at C:\Users\busit\AppData\Roaming\nvm\v18.12.1\node_modules\pm2\lib\ProcessContainer.js:303:25
Channel is already closed can't broadcast error:
TypeError: Converting circular structure to JSON
    --> starting at object with constructor 'SourceFileObject'
    |     property 'statements' -> object with constructor 'Array'
    |     index 0 -> object with constructor 'NodeObject'
    --- property 'parent' closes the circle
    at stringify (<anonymous>)
    at writeChannelMessage (node:internal/child_process/serialization:159:20)
    at process.target._send (node:internal/child_process:838:17)
    at process.target.send (node:internal/child_process:738:19)
    at process.send (C:\Users\busit\AppData\Roaming\nvm\v18.12.1\node_modules\pm2\lib\ProcessContainer.js:51:21)
    at process.uncaughtListener (C:\Users\busit\AppData\Roaming\nvm\v18.12.1\node_modules\pm2\lib\ProcessContainer.js:275:19)
    at process.emit (node:events:525:35)
    at process.emit (node:domain:489:12)
    at process.emit.sharedData.processEmitHook.installedValue [as emit] (C:\Users\busit\AppData\Roaming\nvm\v18.12.1\node_modules\pm2\node_modules\@cspotcode\source-map-support\source-map-support.js:745:40)
    at process._fatalException (node:internal/process/execution:149:25)
TSError: тип Unable to compile TypeScript:
src/index.ts(92,5): error TS2304: Cannot find name 'appendFileSync'.

    at createTSError (C:\Users\busit\AppData\Roaming\nvm\v18.12.1\node_modules\pm2\node_modules\ts-node\src\index.ts:859:12)
    at reportTSError (C:\Users\busit\AppData\Roaming\nvm\v18.12.1\node_modules\pm2\node_modules\ts-node\src\index.ts:863:19)
    at getOutput (C:\Users\busit\AppData\Roaming\nvm\v18.12.1\node_modules\pm2\node_modules\ts-node\src\index.ts:1077:36)
    at Object.compile (C:\Users\busit\AppData\Roaming\nvm\v18.12.1\node_modules\pm2\node_modules\ts-node\src\index.ts:1433:41)
    at Module.m._compile (C:\Users\busit\AppData\Roaming\nvm\v18.12.1\node_modules\pm2\node_modules\ts-node\src\index.ts:1617:30)
    at Module._extensions..js (node:internal/modules/cjs/loader:1213:10)
    at Object.require.extensions.<computed> [as .ts] (C:\Users\busit\AppData\Roaming\nvm\v18.12.1\node_modules\pm2\node_modules\ts-node\src\index.ts:1621:12)
    at Module.load (node:internal/modules/cjs/loader:1037:32)
    at Function.Module._load (node:internal/modules/cjs/loader:878:12)
    at C:\Users\busit\AppData\Roaming\nvm\v18.12.1\node_modules\pm2\lib\ProcessContainer.js:303:25
Channel is already closed can't broadcast error:
TypeError: Converting circular structure to JSON
    --> starting at object with constructor 'SourceFileObject'
    |     property 'statements' -> object with constructor 'Array'
    |     index 0 -> object with constructor 'NodeObject'
    --- property 'parent' closes the circle
    at stringify (<anonymous>)
    at writeChannelMessage (node:internal/child_process/serialization:159:20)
    at process.target._send (node:internal/child_process:838:17)
    at process.target.send (node:internal/child_process:738:19)
    at process.send (C:\Users\busit\AppData\Roaming\nvm\v18.12.1\node_modules\pm2\lib\ProcessContainer.js:51:21)
    at process.uncaughtListener (C:\Users\busit\AppData\Roaming\nvm\v18.12.1\node_modules\pm2\lib\ProcessContainer.js:275:19)
    at process.emit (node:events:525:35)
    at process.emit (node:domain:489:12)
    at process.emit.sharedData.processEmitHook.installedValue [as emit] (C:\Users\busit\AppData\Roaming\nvm\v18.12.1\node_modules\pm2\node_modules\@cspotcode\source-map-support\source-map-support.js:745:40)
    at process._fatalException (node:internal/process/execution:149:25)
TSError: тип Unable to compile TypeScript:
src/index.ts(92,24): error TS2552: Cannot find name 'Contact'. Did you mean 'contact1'?
src/index.ts(92,33): error TS2304: Cannot find name 'Bill'.
src/index.ts(92,57): error TS2304: Cannot find name 'bill'.
src/index.ts(93,3): error TS2304: Cannot find name 'contact1'.
src/index.ts(98,21): error TS2304: Cannot find name 'code'.
src/index.ts(92,32): error TS1127: Invalid character.
src/index.ts(92,37): error TS1127: Invalid character.
src/index.ts(92,38): error TS1135: Argument expression expected.
src/index.ts(92,40): error TS1127: Invalid character.
src/index.ts(92,51): error TS1005: ',' expected.
src/index.ts(92,53): error TS1127: Invalid character.
src/index.ts(92,54): error TS1135: Argument expression expected.
src/index.ts(92,56): error TS1127: Invalid character.
src/index.ts(92,61): error TS1005: ',' expected.
src/index.ts(92,83): error TS1127: Invalid character.
src/index.ts(92,84): error TS1128: Declaration or statement expected.
src/index.ts(104,1): error TS1128: Declaration or statement expected.
src/index.ts(104,2): error TS1128: Declaration or statement expected.

    at createTSError (C:\Users\busit\AppData\Roaming\nvm\v18.12.1\node_modules\pm2\node_modules\ts-node\src\index.ts:859:12)
    at reportTSError (C:\Users\busit\AppData\Roaming\nvm\v18.12.1\node_modules\pm2\node_modules\ts-node\src\index.ts:863:19)
    at getOutput (C:\Users\busit\AppData\Roaming\nvm\v18.12.1\node_modules\pm2\node_modules\ts-node\src\index.ts:1077:36)
    at Object.compile (C:\Users\busit\AppData\Roaming\nvm\v18.12.1\node_modules\pm2\node_modules\ts-node\src\index.ts:1433:41)
    at Module.m._compile (C:\Users\busit\AppData\Roaming\nvm\v18.12.1\node_modules\pm2\node_modules\ts-node\src\index.ts:1617:30)
    at Module._extensions..js (node:internal/modules/cjs/loader:1213:10)
    at Object.require.extensions.<computed> [as .ts] (C:\Users\busit\AppData\Roaming\nvm\v18.12.1\node_modules\pm2\node_modules\ts-node\src\index.ts:1621:12)
    at Module.load (node:internal/modules/cjs/loader:1037:32)
    at Function.Module._load (node:internal/modules/cjs/loader:878:12)
    at C:\Users\busit\AppData\Roaming\nvm\v18.12.1\node_modules\pm2\lib\ProcessContainer.js:303:25
Channel is already closed can't broadcast error:
TypeError: Converting circular structure to JSON
    --> starting at object with constructor 'SourceFileObject'
    |     property 'statements' -> object with constructor 'Array'
    |     index 0 -> object with constructor 'NodeObject'
    --- property 'parent' closes the circle
    at stringify (<anonymous>)
    at writeChannelMessage (node:internal/child_process/serialization:159:20)
    at process.target._send (node:internal/child_process:838:17)
    at process.target.send (node:internal/child_process:738:19)
    at process.send (C:\Users\busit\AppData\Roaming\nvm\v18.12.1\node_modules\pm2\lib\ProcessContainer.js:51:21)
    at process.uncaughtListener (C:\Users\busit\AppData\Roaming\nvm\v18.12.1\node_modules\pm2\lib\ProcessContainer.js:275:19)
    at process.emit (node:events:525:35)
    at process.emit (node:domain:489:12)
    at process.emit.sharedData.processEmitHook.installedValue [as emit] (C:\Users\busit\AppData\Roaming\nvm\v18.12.1\node_modules\pm2\node_modules\@cspotcode\source-map-support\source-map-support.js:745:40)
    at process._fatalException (node:internal/process/execution:149:25)
TSError: тип Unable to compile TypeScript:
src/index.ts(91,9): error TS2451: Cannot redeclare block-scoped variable 'csv'.
src/index.ts(93,9): error TS2451: Cannot redeclare block-scoped variable 'csv'.
src/index.ts(94,7): error TS2339: Property 'saveAsCSV' does not exist on type 'string'.

    at createTSError (C:\Users\busit\AppData\Roaming\nvm\v18.12.1\node_modules\pm2\node_modules\ts-node\src\index.ts:859:12)
    at reportTSError (C:\Users\busit\AppData\Roaming\nvm\v18.12.1\node_modules\pm2\node_modules\ts-node\src\index.ts:863:19)
    at getOutput (C:\Users\busit\AppData\Roaming\nvm\v18.12.1\node_modules\pm2\node_modules\ts-node\src\index.ts:1077:36)
    at Object.compile (C:\Users\busit\AppData\Roaming\nvm\v18.12.1\node_modules\pm2\node_modules\ts-node\src\index.ts:1433:41)
    at Module.m._compile (C:\Users\busit\AppData\Roaming\nvm\v18.12.1\node_modules\pm2\node_modules\ts-node\src\index.ts:1617:30)
    at Module._extensions..js (node:internal/modules/cjs/loader:1213:10)
    at Object.require.extensions.<computed> [as .ts] (C:\Users\busit\AppData\Roaming\nvm\v18.12.1\node_modules\pm2\node_modules\ts-node\src\index.ts:1621:12)
    at Module.load (node:internal/modules/cjs/loader:1037:32)
    at Function.Module._load (node:internal/modules/cjs/loader:878:12)
    at C:\Users\busit\AppData\Roaming\nvm\v18.12.1\node_modules\pm2\lib\ProcessContainer.js:303:25
Channel is already closed can't broadcast error:
TypeError: Converting circular structure to JSON
    --> starting at object with constructor 'SourceFileObject'
    |     property 'statements' -> object with constructor 'Array'
    |     index 0 -> object with constructor 'NodeObject'
    --- property 'parent' closes the circle
    at stringify (<anonymous>)
    at writeChannelMessage (node:internal/child_process/serialization:159:20)
    at process.target._send (node:internal/child_process:838:17)
    at process.target.send (node:internal/child_process:738:19)
    at process.send (C:\Users\busit\AppData\Roaming\nvm\v18.12.1\node_modules\pm2\lib\ProcessContainer.js:51:21)
    at process.uncaughtListener (C:\Users\busit\AppData\Roaming\nvm\v18.12.1\node_modules\pm2\lib\ProcessContainer.js:275:19)
    at process.emit (node:events:525:35)
    at process.emit (node:domain:489:12)
    at process.emit.sharedData.processEmitHook.installedValue [as emit] (C:\Users\busit\AppData\Roaming\nvm\v18.12.1\node_modules\pm2\node_modules\@cspotcode\source-map-support\source-map-support.js:745:40)
    at process._fatalException (node:internal/process/execution:149:25)
TSError: тип Unable to compile TypeScript:
src/index.ts(100,3): error TS2552: Cannot find name 'csv'. Did you mean 'CSV'?
src/index.ts(97,34): error TS1005: ';' expected.

    at createTSError (C:\Users\busit\AppData\Roaming\nvm\v18.12.1\node_modules\pm2\node_modules\ts-node\src\index.ts:859:12)
    at reportTSError (C:\Users\busit\AppData\Roaming\nvm\v18.12.1\node_modules\pm2\node_modules\ts-node\src\index.ts:863:19)
    at getOutput (C:\Users\busit\AppData\Roaming\nvm\v18.12.1\node_modules\pm2\node_modules\ts-node\src\index.ts:1077:36)
    at Object.compile (C:\Users\busit\AppData\Roaming\nvm\v18.12.1\node_modules\pm2\node_modules\ts-node\src\index.ts:1433:41)
    at Module.m._compile (C:\Users\busit\AppData\Roaming\nvm\v18.12.1\node_modules\pm2\node_modules\ts-node\src\index.ts:1617:30)
    at Module._extensions..js (node:internal/modules/cjs/loader:1213:10)
    at Object.require.extensions.<computed> [as .ts] (C:\Users\busit\AppData\Roaming\nvm\v18.12.1\node_modules\pm2\node_modules\ts-node\src\index.ts:1621:12)
    at Module.load (node:internal/modules/cjs/loader:1037:32)
    at Function.Module._load (node:internal/modules/cjs/loader:878:12)
    at C:\Users\busit\AppData\Roaming\nvm\v18.12.1\node_modules\pm2\lib\ProcessContainer.js:303:25
Channel is already closed can't broadcast error:
TypeError: Converting circular structure to JSON
    --> starting at object with constructor 'SourceFileObject'
    |     property 'statements' -> object with constructor 'Array'
    |     index 0 -> object with constructor 'NodeObject'
    --- property 'parent' closes the circle
    at stringify (<anonymous>)
    at writeChannelMessage (node:internal/child_process/serialization:159:20)
    at process.target._send (node:internal/child_process:838:17)
    at process.target.send (node:internal/child_process:738:19)
    at process.send (C:\Users\busit\AppData\Roaming\nvm\v18.12.1\node_modules\pm2\lib\ProcessContainer.js:51:21)
    at process.uncaughtListener (C:\Users\busit\AppData\Roaming\nvm\v18.12.1\node_modules\pm2\lib\ProcessContainer.js:275:19)
    at process.emit (node:events:525:35)
    at process.emit (node:domain:489:12)
    at process.emit.sharedData.processEmitHook.installedValue [as emit] (C:\Users\busit\AppData\Roaming\nvm\v18.12.1\node_modules\pm2\node_modules\@cspotcode\source-map-support\source-map-support.js:745:40)
    at process._fatalException (node:internal/process/execution:149:25)
TSError: тип Unable to compile TypeScript:
src/index.ts(99,3): error TS1156: 'const' declarations can only be declared inside a block.
src/index.ts(100,3): error TS2552: Cannot find name 'csv'. Did you mean 'CSV'?

    at createTSError (C:\Users\busit\AppData\Roaming\nvm\v18.12.1\node_modules\pm2\node_modules\ts-node\src\index.ts:859:12)
    at reportTSError (C:\Users\busit\AppData\Roaming\nvm\v18.12.1\node_modules\pm2\node_modules\ts-node\src\index.ts:863:19)
    at getOutput (C:\Users\busit\AppData\Roaming\nvm\v18.12.1\node_modules\pm2\node_modules\ts-node\src\index.ts:1077:36)
    at Object.compile (C:\Users\busit\AppData\Roaming\nvm\v18.12.1\node_modules\pm2\node_modules\ts-node\src\index.ts:1433:41)
    at Module.m._compile (C:\Users\busit\AppData\Roaming\nvm\v18.12.1\node_modules\pm2\node_modules\ts-node\src\index.ts:1617:30)
    at Module._extensions..js (node:internal/modules/cjs/loader:1213:10)
    at Object.require.extensions.<computed> [as .ts] (C:\Users\busit\AppData\Roaming\nvm\v18.12.1\node_modules\pm2\node_modules\ts-node\src\index.ts:1621:12)
    at Module.load (node:internal/modules/cjs/loader:1037:32)
    at Function.Module._load (node:internal/modules/cjs/loader:878:12)
    at C:\Users\busit\AppData\Roaming\nvm\v18.12.1\node_modules\pm2\lib\ProcessContainer.js:303:25
Channel is already closed can't broadcast error:
TypeError: Converting circular structure to JSON
    --> starting at object with constructor 'SourceFileObject'
    |     property 'statements' -> object with constructor 'Array'
    |     index 0 -> object with constructor 'NodeObject'
    --- property 'parent' closes the circle
    at stringify (<anonymous>)
    at writeChannelMessage (node:internal/child_process/serialization:159:20)
    at process.target._send (node:internal/child_process:838:17)
    at process.target.send (node:internal/child_process:738:19)
    at process.send (C:\Users\busit\AppData\Roaming\nvm\v18.12.1\node_modules\pm2\lib\ProcessContainer.js:51:21)
    at process.uncaughtListener (C:\Users\busit\AppData\Roaming\nvm\v18.12.1\node_modules\pm2\lib\ProcessContainer.js:275:19)
    at process.emit (node:events:525:35)
    at process.emit (node:domain:489:12)
    at process.emit.sharedData.processEmitHook.installedValue [as emit] (C:\Users\busit\AppData\Roaming\nvm\v18.12.1\node_modules\pm2\node_modules\@cspotcode\source-map-support\source-map-support.js:745:40)
    at process._fatalException (node:internal/process/execution:149:25)
You have triggered an unhandledRejection, you may have forgotten to catch a Promise rejection:
page.goto: Navigation failed because page was closed!
=========================== logs ===========================
navigating to "https://www.m2iformation.fr/recherche/?q=php", waiting until "load"
============================================================
    at D:\scrapping\m2i\src\index.ts:78:16
    at fulfilled (D:\scrapping\m2i\src\index.ts:5:58)
You have triggered an unhandledRejection, you may have forgotten to catch a Promise rejection:
page.goto: net::ERR_ABORTED; maybe frame was detached?
=========================== logs ===========================
navigating to "https://www.m2iformation.fr/recherche/?q=javascript", waiting until "load"
============================================================
    at D:\scrapping\m2i\src\index.ts:78:16
    at fulfilled (D:\scrapping\m2i\src\index.ts:5:58)
You have triggered an unhandledRejection, you may have forgotten to catch a Promise rejection:
page.goto: Timeout 30000ms exceeded.
=========================== logs ===========================
navigating to "https://www.m2iformation.fr/recherche/?q=javascript", waiting until "load"
============================================================
    at D:\scrapping\m2i\src\index.ts:78:16
    at fulfilled (D:\scrapping\m2i\src\index.ts:5:58)
You have triggered an unhandledRejection, you may have forgotten to catch a Promise rejection:
page.goto: Navigation failed because page was closed!
=========================== logs ===========================
navigating to "https://www.m2iformation.fr/recherche/?q=javascript", waiting until "load"
============================================================
    at D:\scrapping\m2i\src\index.ts:76:16
    at fulfilled (D:\scrapping\m2i\src\index.ts:5:58)
You have triggered an unhandledRejection, you may have forgotten to catch a Promise rejection:
page.goto: Navigation failed because page was closed!
=========================== logs ===========================
navigating to "https://www.m2iformation.fr/recherche/?q=javascript", waiting until "load"
============================================================
    at D:\scrapping\m2i\src\index.ts:78:16
    at fulfilled (D:\scrapping\m2i\src\index.ts:5:58)
You have triggered an unhandledRejection, you may have forgotten to catch a Promise rejection:
page.goto: Timeout 30000ms exceeded.
=========================== logs ===========================
navigating to "https://www.m2iformation.fr/recherche/?q=php", waiting until "load"
============================================================
    at D:\scrapping\m2i\src\index.ts:78:16
    at fulfilled (D:\scrapping\m2i\src\index.ts:5:58)
You have triggered an unhandledRejection, you may have forgotten to catch a Promise rejection:
page.goto: net::ERR_ABORTED; maybe frame was detached?
=========================== logs ===========================
navigating to "https://www.m2iformation.fr/recherche/?q=javascript", waiting until "load"
============================================================
    at D:\scrapping\m2i\src\index.ts:76:16
    at fulfilled (D:\scrapping\m2i\src\index.ts:5:58)
You have triggered an unhandledRejection, you may have forgotten to catch a Promise rejection:
page.goto: Navigation failed because page was closed!
=========================== logs ===========================
navigating to "https://www.m2iformation.fr/recherche/?q=javascript", waiting until "load"
============================================================
    at D:\scrapping\m2i\src\index.ts:78:16
    at fulfilled (D:\scrapping\m2i\src\index.ts:5:58)
You have triggered an unhandledRejection, you may have forgotten to catch a Promise rejection:
page.waitForTimeout: Target page, context or browser has been closed
    at D:\scrapping\m2i\src\index.ts:47:14
    at fulfilled (D:\scrapping\m2i\src\index.ts:5:58)
You have triggered an unhandledRejection, you may have forgotten to catch a Promise rejection:
page.goto: net::ERR_ABORTED; maybe frame was detached?
=========================== logs ===========================
navigating to "https://www.m2iformation.fr/recherche/?q=javascript", waiting until "load"
============================================================
    at D:\scrapping\m2i\src\index.ts:80:16
    at fulfilled (D:\scrapping\m2i\src\index.ts:5:58)
You have triggered an unhandledRejection, you may have forgotten to catch a Promise rejection:
page.waitForTimeout: Target page, context or browser has been closed
    at D:\scrapping\m2i\src\index.ts:52:14
    at fulfilled (D:\scrapping\m2i\src\index.ts:5:58)
You have triggered an unhandledRejection, you may have forgotten to catch a Promise rejection:
page.goto: Target page, context or browser has been closed
    at D:\scrapping\m2i\src\index.ts:80:16
    at fulfilled (D:\scrapping\m2i\src\index.ts:5:58)
D:\scrapping\m2i\src\index.ts:9
import express, { Application, Response, Request } from "express";
^^^^^^

SyntaxError: Cannot use import statement outside a module
    at Object.compileFunction (node:vm:360:18)
    at wrapSafe (node:internal/modules/cjs/loader:1088:15)
    at Module._compile (node:internal/modules/cjs/loader:1123:27)
    at Module._extensions..js (node:internal/modules/cjs/loader:1213:10)
    at Module.load (node:internal/modules/cjs/loader:1037:32)
    at Module._load (node:internal/modules/cjs/loader:878:12)
    at D:\scrapping\m2i\node_modules\pm2\lib\ProcessContainer.js:303:25
    at wrapper (D:\scrapping\m2i\node_modules\async\internal\once.js:12:16)
    at next (D:\scrapping\m2i\node_modules\async\waterfall.js:96:20)
    at D:\scrapping\m2i\node_modules\async\internal\onlyOnce.js:12:16
D:\scrapping\m2i\src\index.ts:9
import express, { Application, Response, Request } from "express";
^^^^^^

SyntaxError: Cannot use import statement outside a module
    at Object.compileFunction (node:vm:360:18)
    at wrapSafe (node:internal/modules/cjs/loader:1088:15)
    at Module._compile (node:internal/modules/cjs/loader:1123:27)
    at Module._extensions..js (node:internal/modules/cjs/loader:1213:10)
    at Module.load (node:internal/modules/cjs/loader:1037:32)
    at Module._load (node:internal/modules/cjs/loader:878:12)
    at D:\scrapping\m2i\node_modules\pm2\lib\ProcessContainer.js:303:25
    at wrapper (D:\scrapping\m2i\node_modules\async\internal\once.js:12:16)
    at next (D:\scrapping\m2i\node_modules\async\waterfall.js:96:20)
    at D:\scrapping\m2i\node_modules\async\internal\onlyOnce.js:12:16
D:\scrapping\m2i\src\index.ts:9
import express, { Application, Response, Request } from "express";
^^^^^^

SyntaxError: Cannot use import statement outside a module
    at Object.compileFunction (node:vm:360:18)
    at wrapSafe (node:internal/modules/cjs/loader:1088:15)
    at Module._compile (node:internal/modules/cjs/loader:1123:27)
    at Module._extensions..js (node:internal/modules/cjs/loader:1213:10)
    at Module.load (node:internal/modules/cjs/loader:1037:32)
    at Module._load (node:internal/modules/cjs/loader:878:12)
    at D:\scrapping\m2i\node_modules\pm2\lib\ProcessContainer.js:303:25
    at wrapper (D:\scrapping\m2i\node_modules\async\internal\once.js:12:16)
    at next (D:\scrapping\m2i\node_modules\async\waterfall.js:96:20)
    at D:\scrapping\m2i\node_modules\async\internal\onlyOnce.js:12:16
D:\scrapping\m2i\src\index.ts:9
import express, { Application, Response, Request } from "express";
^^^^^^

SyntaxError: Cannot use import statement outside a module
    at Object.compileFunction (node:vm:360:18)
    at wrapSafe (node:internal/modules/cjs/loader:1088:15)
    at Module._compile (node:internal/modules/cjs/loader:1123:27)
    at Module._extensions..js (node:internal/modules/cjs/loader:1213:10)
    at Module.load (node:internal/modules/cjs/loader:1037:32)
    at Module._load (node:internal/modules/cjs/loader:878:12)
    at D:\scrapping\m2i\node_modules\pm2\lib\ProcessContainer.js:303:25
    at wrapper (D:\scrapping\m2i\node_modules\async\internal\once.js:12:16)
    at next (D:\scrapping\m2i\node_modules\async\waterfall.js:96:20)
    at D:\scrapping\m2i\node_modules\async\internal\onlyOnce.js:12:16
D:\scrapping\m2i\src\index.ts:9
import express, { Application, Response, Request } from "express";
^^^^^^

SyntaxError: Cannot use import statement outside a module
    at Object.compileFunction (node:vm:360:18)
    at wrapSafe (node:internal/modules/cjs/loader:1088:15)
    at Module._compile (node:internal/modules/cjs/loader:1123:27)
    at Module._extensions..js (node:internal/modules/cjs/loader:1213:10)
    at Module.load (node:internal/modules/cjs/loader:1037:32)
    at Module._load (node:internal/modules/cjs/loader:878:12)
    at D:\scrapping\m2i\node_modules\pm2\lib\ProcessContainer.js:303:25
    at wrapper (D:\scrapping\m2i\node_modules\async\internal\once.js:12:16)
    at next (D:\scrapping\m2i\node_modules\async\waterfall.js:96:20)
    at D:\scrapping\m2i\node_modules\async\internal\onlyOnce.js:12:16
D:\scrapping\m2i\src\index.ts:9
import express, { Application, Response, Request } from "express";
^^^^^^

SyntaxError: Cannot use import statement outside a module
    at Object.compileFunction (node:vm:360:18)
    at wrapSafe (node:internal/modules/cjs/loader:1088:15)
    at Module._compile (node:internal/modules/cjs/loader:1123:27)
    at Module._extensions..js (node:internal/modules/cjs/loader:1213:10)
    at Module.load (node:internal/modules/cjs/loader:1037:32)
    at Module._load (node:internal/modules/cjs/loader:878:12)
    at D:\scrapping\m2i\node_modules\pm2\lib\ProcessContainer.js:303:25
    at wrapper (D:\scrapping\m2i\node_modules\async\internal\once.js:12:16)
    at next (D:\scrapping\m2i\node_modules\async\waterfall.js:96:20)
    at D:\scrapping\m2i\node_modules\async\internal\onlyOnce.js:12:16
D:\scrapping\m2i\src\index.ts:9
import express, { Application, Response, Request } from "express";
^^^^^^

SyntaxError: Cannot use import statement outside a module
    at Object.compileFunction (node:vm:360:18)
    at wrapSafe (node:internal/modules/cjs/loader:1088:15)
    at Module._compile (node:internal/modules/cjs/loader:1123:27)
    at Module._extensions..js (node:internal/modules/cjs/loader:1213:10)
    at Module.load (node:internal/modules/cjs/loader:1037:32)
    at Module._load (node:internal/modules/cjs/loader:878:12)
    at D:\scrapping\m2i\node_modules\pm2\lib\ProcessContainer.js:303:25
    at wrapper (D:\scrapping\m2i\node_modules\async\internal\once.js:12:16)
    at next (D:\scrapping\m2i\node_modules\async\waterfall.js:96:20)
    at D:\scrapping\m2i\node_modules\async\internal\onlyOnce.js:12:16
D:\scrapping\m2i\src\index.ts:9
import express, { Application, Response, Request } from "express";
^^^^^^

SyntaxError: Cannot use import statement outside a module
    at Object.compileFunction (node:vm:360:18)
    at wrapSafe (node:internal/modules/cjs/loader:1088:15)
    at Module._compile (node:internal/modules/cjs/loader:1123:27)
    at Module._extensions..js (node:internal/modules/cjs/loader:1213:10)
    at Module.load (node:internal/modules/cjs/loader:1037:32)
    at Module._load (node:internal/modules/cjs/loader:878:12)
    at D:\scrapping\m2i\node_modules\pm2\lib\ProcessContainer.js:303:25
    at wrapper (D:\scrapping\m2i\node_modules\async\internal\once.js:12:16)
    at next (D:\scrapping\m2i\node_modules\async\waterfall.js:96:20)
    at D:\scrapping\m2i\node_modules\async\internal\onlyOnce.js:12:16
D:\scrapping\m2i\src\index.ts:9
import express, { Application, Response, Request } from "express";
^^^^^^

SyntaxError: Cannot use import statement outside a module
    at Object.compileFunction (node:vm:360:18)
    at wrapSafe (node:internal/modules/cjs/loader:1088:15)
    at Module._compile (node:internal/modules/cjs/loader:1123:27)
    at Module._extensions..js (node:internal/modules/cjs/loader:1213:10)
    at Module.load (node:internal/modules/cjs/loader:1037:32)
    at Module._load (node:internal/modules/cjs/loader:878:12)
    at D:\scrapping\m2i\node_modules\pm2\lib\ProcessContainer.js:303:25
    at wrapper (D:\scrapping\m2i\node_modules\async\internal\once.js:12:16)
    at next (D:\scrapping\m2i\node_modules\async\waterfall.js:96:20)
    at D:\scrapping\m2i\node_modules\async\internal\onlyOnce.js:12:16
D:\scrapping\m2i\src\index.ts:9
import express, { Application, Response, Request } from "express";
^^^^^^

SyntaxError: Cannot use import statement outside a module
    at Object.compileFunction (node:vm:360:18)
    at wrapSafe (node:internal/modules/cjs/loader:1088:15)
    at Module._compile (node:internal/modules/cjs/loader:1123:27)
    at Module._extensions..js (node:internal/modules/cjs/loader:1213:10)
    at Module.load (node:internal/modules/cjs/loader:1037:32)
    at Module._load (node:internal/modules/cjs/loader:878:12)
    at D:\scrapping\m2i\node_modules\pm2\lib\ProcessContainer.js:303:25
    at wrapper (D:\scrapping\m2i\node_modules\async\internal\once.js:12:16)
    at next (D:\scrapping\m2i\node_modules\async\waterfall.js:96:20)
    at D:\scrapping\m2i\node_modules\async\internal\onlyOnce.js:12:16
D:\scrapping\m2i\src\index.ts:9
import express, { Application, Response, Request } from "express";
^^^^^^

SyntaxError: Cannot use import statement outside a module
    at Object.compileFunction (node:vm:360:18)
    at wrapSafe (node:internal/modules/cjs/loader:1088:15)
    at Module._compile (node:internal/modules/cjs/loader:1123:27)
    at Module._extensions..js (node:internal/modules/cjs/loader:1213:10)
    at Module.load (node:internal/modules/cjs/loader:1037:32)
    at Module._load (node:internal/modules/cjs/loader:878:12)
    at D:\scrapping\m2i\node_modules\pm2\lib\ProcessContainer.js:303:25
    at wrapper (D:\scrapping\m2i\node_modules\async\internal\once.js:12:16)
    at next (D:\scrapping\m2i\node_modules\async\waterfall.js:96:20)
    at D:\scrapping\m2i\node_modules\async\internal\onlyOnce.js:12:16
D:\scrapping\m2i\src\index.ts:9
import express, { Application, Response, Request } from "express";
^^^^^^

SyntaxError: Cannot use import statement outside a module
    at Object.compileFunction (node:vm:360:18)
    at wrapSafe (node:internal/modules/cjs/loader:1088:15)
    at Module._compile (node:internal/modules/cjs/loader:1123:27)
    at Module._extensions..js (node:internal/modules/cjs/loader:1213:10)
    at Module.load (node:internal/modules/cjs/loader:1037:32)
    at Module._load (node:internal/modules/cjs/loader:878:12)
    at D:\scrapping\m2i\node_modules\pm2\lib\ProcessContainer.js:303:25
    at wrapper (D:\scrapping\m2i\node_modules\async\internal\once.js:12:16)
    at next (D:\scrapping\m2i\node_modules\async\waterfall.js:96:20)
    at D:\scrapping\m2i\node_modules\async\internal\onlyOnce.js:12:16
D:\scrapping\m2i\src\index.ts:9
import express, { Application, Response, Request } from "express";
^^^^^^

SyntaxError: Cannot use import statement outside a module
    at Object.compileFunction (node:vm:360:18)
    at wrapSafe (node:internal/modules/cjs/loader:1088:15)
    at Module._compile (node:internal/modules/cjs/loader:1123:27)
    at Module._extensions..js (node:internal/modules/cjs/loader:1213:10)
    at Module.load (node:internal/modules/cjs/loader:1037:32)
    at Module._load (node:internal/modules/cjs/loader:878:12)
    at D:\scrapping\m2i\node_modules\pm2\lib\ProcessContainer.js:303:25
    at wrapper (D:\scrapping\m2i\node_modules\async\internal\once.js:12:16)
    at next (D:\scrapping\m2i\node_modules\async\waterfall.js:96:20)
    at D:\scrapping\m2i\node_modules\async\internal\onlyOnce.js:12:16
D:\scrapping\m2i\src\index.ts:9
import express, { Application, Response, Request } from "express";
^^^^^^

SyntaxError: Cannot use import statement outside a module
    at Object.compileFunction (node:vm:360:18)
    at wrapSafe (node:internal/modules/cjs/loader:1088:15)
    at Module._compile (node:internal/modules/cjs/loader:1123:27)
    at Module._extensions..js (node:internal/modules/cjs/loader:1213:10)
    at Module.load (node:internal/modules/cjs/loader:1037:32)
    at Module._load (node:internal/modules/cjs/loader:878:12)
    at D:\scrapping\m2i\node_modules\pm2\lib\ProcessContainer.js:303:25
    at wrapper (D:\scrapping\m2i\node_modules\async\internal\once.js:12:16)
    at next (D:\scrapping\m2i\node_modules\async\waterfall.js:96:20)
    at D:\scrapping\m2i\node_modules\async\internal\onlyOnce.js:12:16
D:\scrapping\m2i\src\index.ts:9
import express, { Application, Response, Request } from "express";
^^^^^^

SyntaxError: Cannot use import statement outside a module
    at Object.compileFunction (node:vm:360:18)
    at wrapSafe (node:internal/modules/cjs/loader:1088:15)
    at Module._compile (node:internal/modules/cjs/loader:1123:27)
    at Module._extensions..js (node:internal/modules/cjs/loader:1213:10)
    at Module.load (node:internal/modules/cjs/loader:1037:32)
    at Module._load (node:internal/modules/cjs/loader:878:12)
    at D:\scrapping\m2i\node_modules\pm2\lib\ProcessContainer.js:303:25
    at wrapper (D:\scrapping\m2i\node_modules\async\internal\once.js:12:16)
    at next (D:\scrapping\m2i\node_modules\async\waterfall.js:96:20)
    at D:\scrapping\m2i\node_modules\async\internal\onlyOnce.js:12:16
D:\scrapping\m2i\src\index.ts:9
import express, { Application, Response, Request } from "express";
^^^^^^

SyntaxError: Cannot use import statement outside a module
    at Object.compileFunction (node:vm:360:18)
    at wrapSafe (node:internal/modules/cjs/loader:1088:15)
    at Module._compile (node:internal/modules/cjs/loader:1123:27)
    at Module._extensions..js (node:internal/modules/cjs/loader:1213:10)
    at Module.load (node:internal/modules/cjs/loader:1037:32)
    at Module._load (node:internal/modules/cjs/loader:878:12)
    at D:\scrapping\m2i\node_modules\pm2\lib\ProcessContainer.js:303:25
    at wrapper (D:\scrapping\m2i\node_modules\async\internal\once.js:12:16)
    at next (D:\scrapping\m2i\node_modules\async\waterfall.js:96:20)
    at D:\scrapping\m2i\node_modules\async\internal\onlyOnce.js:12:16
D:\scrapping\m2i\src\index.ts:9
import express, { Application, Response, Request } from "express";
^^^^^^

SyntaxError: Cannot use import statement outside a module
    at Object.compileFunction (node:vm:360:18)
    at wrapSafe (node:internal/modules/cjs/loader:1088:15)
    at Module._compile (node:internal/modules/cjs/loader:1123:27)
    at Module._extensions..js (node:internal/modules/cjs/loader:1213:10)
    at Module.load (node:internal/modules/cjs/loader:1037:32)
    at Module._load (node:internal/modules/cjs/loader:878:12)
    at D:\scrapping\m2i\node_modules\pm2\lib\ProcessContainer.js:303:25
    at wrapper (D:\scrapping\m2i\node_modules\async\internal\once.js:12:16)
    at next (D:\scrapping\m2i\node_modules\async\waterfall.js:96:20)
    at D:\scrapping\m2i\node_modules\async\internal\onlyOnce.js:12:16
D:\scrapping\m2i\src\index.ts:9
import express, { Application, Response, Request } from "express";
^^^^^^

SyntaxError: Cannot use import statement outside a module
    at Object.compileFunction (node:vm:360:18)
    at wrapSafe (node:internal/modules/cjs/loader:1088:15)
    at Module._compile (node:internal/modules/cjs/loader:1123:27)
    at Module._extensions..js (node:internal/modules/cjs/loader:1213:10)
    at Module.load (node:internal/modules/cjs/loader:1037:32)
    at Module._load (node:internal/modules/cjs/loader:878:12)
    at D:\scrapping\m2i\node_modules\pm2\lib\ProcessContainer.js:303:25
    at wrapper (D:\scrapping\m2i\node_modules\async\internal\once.js:12:16)
    at next (D:\scrapping\m2i\node_modules\async\waterfall.js:96:20)
    at D:\scrapping\m2i\node_modules\async\internal\onlyOnce.js:12:16
D:\scrapping\m2i\src\index.ts:9
import express, { Application, Response, Request } from "express";
^^^^^^

SyntaxError: Cannot use import statement outside a module
    at Object.compileFunction (node:vm:360:18)
    at wrapSafe (node:internal/modules/cjs/loader:1088:15)
    at Module._compile (node:internal/modules/cjs/loader:1123:27)
    at Module._extensions..js (node:internal/modules/cjs/loader:1213:10)
    at Module.load (node:internal/modules/cjs/loader:1037:32)
    at Module._load (node:internal/modules/cjs/loader:878:12)
    at D:\scrapping\m2i\node_modules\pm2\lib\ProcessContainer.js:303:25
    at wrapper (D:\scrapping\m2i\node_modules\async\internal\once.js:12:16)
    at next (D:\scrapping\m2i\node_modules\async\waterfall.js:96:20)
    at D:\scrapping\m2i\node_modules\async\internal\onlyOnce.js:12:16
D:\scrapping\m2i\src\index.ts:9
import express, { Application, Response, Request } from "express";
^^^^^^

SyntaxError: Cannot use import statement outside a module
    at Object.compileFunction (node:vm:360:18)
    at wrapSafe (node:internal/modules/cjs/loader:1088:15)
    at Module._compile (node:internal/modules/cjs/loader:1123:27)
    at Module._extensions..js (node:internal/modules/cjs/loader:1213:10)
    at Module.load (node:internal/modules/cjs/loader:1037:32)
    at Module._load (node:internal/modules/cjs/loader:878:12)
    at D:\scrapping\m2i\node_modules\pm2\lib\ProcessContainer.js:303:25
    at wrapper (D:\scrapping\m2i\node_modules\async\internal\once.js:12:16)
    at next (D:\scrapping\m2i\node_modules\async\waterfall.js:96:20)
    at D:\scrapping\m2i\node_modules\async\internal\onlyOnce.js:12:16
D:\scrapping\m2i\src\index.ts:9
import express, { Application, Response, Request } from "express";
^^^^^^

SyntaxError: Cannot use import statement outside a module
    at Object.compileFunction (node:vm:360:18)
    at wrapSafe (node:internal/modules/cjs/loader:1088:15)
    at Module._compile (node:internal/modules/cjs/loader:1123:27)
    at Module._extensions..js (node:internal/modules/cjs/loader:1213:10)
    at Module.load (node:internal/modules/cjs/loader:1037:32)
    at Module._load (node:internal/modules/cjs/loader:878:12)
    at D:\scrapping\m2i\node_modules\pm2\lib\ProcessContainer.js:303:25
    at wrapper (D:\scrapping\m2i\node_modules\async\internal\once.js:12:16)
    at next (D:\scrapping\m2i\node_modules\async\waterfall.js:96:20)
    at D:\scrapping\m2i\node_modules\async\internal\onlyOnce.js:12:16
D:\scrapping\m2i\src\index.ts:9
import express, { Application, Response, Request } from "express";
^^^^^^

SyntaxError: Cannot use import statement outside a module
    at Object.compileFunction (node:vm:360:18)
    at wrapSafe (node:internal/modules/cjs/loader:1088:15)
    at Module._compile (node:internal/modules/cjs/loader:1123:27)
    at Module._extensions..js (node:internal/modules/cjs/loader:1213:10)
    at Module.load (node:internal/modules/cjs/loader:1037:32)
    at Module._load (node:internal/modules/cjs/loader:878:12)
    at D:\scrapping\m2i\node_modules\pm2\lib\ProcessContainer.js:303:25
    at wrapper (D:\scrapping\m2i\node_modules\async\internal\once.js:12:16)
    at next (D:\scrapping\m2i\node_modules\async\waterfall.js:96:20)
    at D:\scrapping\m2i\node_modules\async\internal\onlyOnce.js:12:16
D:\scrapping\m2i\src\index.ts:9
import express, { Application, Response, Request } from "express";
^^^^^^

SyntaxError: Cannot use import statement outside a module
    at Object.compileFunction (node:vm:360:18)
    at wrapSafe (node:internal/modules/cjs/loader:1088:15)
    at Module._compile (node:internal/modules/cjs/loader:1123:27)
    at Module._extensions..js (node:internal/modules/cjs/loader:1213:10)
    at Module.load (node:internal/modules/cjs/loader:1037:32)
    at Module._load (node:internal/modules/cjs/loader:878:12)
    at D:\scrapping\m2i\node_modules\pm2\lib\ProcessContainer.js:303:25
    at wrapper (D:\scrapping\m2i\node_modules\async\internal\once.js:12:16)
    at next (D:\scrapping\m2i\node_modules\async\waterfall.js:96:20)
    at D:\scrapping\m2i\node_modules\async\internal\onlyOnce.js:12:16
D:\scrapping\m2i\src\index.ts:9
import express, { Application, Response, Request } from "express";
^^^^^^

SyntaxError: Cannot use import statement outside a module
    at Object.compileFunction (node:vm:360:18)
    at wrapSafe (node:internal/modules/cjs/loader:1088:15)
    at Module._compile (node:internal/modules/cjs/loader:1123:27)
    at Module._extensions..js (node:internal/modules/cjs/loader:1213:10)
    at Module.load (node:internal/modules/cjs/loader:1037:32)
    at Module._load (node:internal/modules/cjs/loader:878:12)
    at D:\scrapping\m2i\node_modules\pm2\lib\ProcessContainer.js:303:25
    at wrapper (D:\scrapping\m2i\node_modules\async\internal\once.js:12:16)
    at next (D:\scrapping\m2i\node_modules\async\waterfall.js:96:20)
    at D:\scrapping\m2i\node_modules\async\internal\onlyOnce.js:12:16
You have triggered an unhandledRejection, you may have forgotten to catch a Promise rejection:
page.waitForTimeout: Target page, context or browser has been closed
    at D:\scrapping\m2i\src\index.ts:52:14
    at fulfilled (D:\scrapping\m2i\src\index.ts:5:58)
You have triggered an unhandledRejection, you may have forgotten to catch a Promise rejection:
page.waitForTimeout: Target page, context or browser has been closed
    at D:\scrapping\m2i\src\index.ts:52:14
    at fulfilled (D:\scrapping\m2i\src\index.ts:5:58)
